This is pdfTeX, Version 3.14159265-2.6-1.40.21 (MiKTeX 20.11) (preloaded format=pdflatex 2020.12.27)  13 MAR 2021 23:34
entering extended mode
**./0-main.tex
(0-main.tex
LaTeX2e <2020-10-01> patch level 2
L3 programming layer <2020-10-27> xparse <2020-03-03> (G7-32.cls
Document Class: G7-32 2003/07/01 v1.0 Non Standard LaTeX document class
(G2-105.sty
Package: G2-105 2003/07/07 v1.00 General reqs. GOST 2.105-95
 (GostBase.clo ("C:\Program Files\MiKTeX\tex/latex/base\size12.clo"
File: size12.clo 2020/04/10 v1.4m Standard LaTeX file (size option)
))
\c@totalpage=\count175
\c@totaltable=\count176
\c@totalfigure=\count177
\c@totalbib=\count178
\GostAfterTitleSkip=\skip47
\GostBetweenTitleSkip=\skip48
\GostBeforTitleSkip=\skip49
\GostBeforNoTitleSkip=\skip50
\GostHTitleSpace=\skip51
\GostTitleIndent=\skip52
\Gost@ChapterIndent=\skip53
\Gost@MainChapterIndent=\skip54
\Gost@TitleDropSkip=\skip55
\c@chapter=\count179
\c@section=\count180
\c@subsection=\count181
\c@subsubsection=\count182
\NirTitleDropSkip=\skip56
 ("C:\Program Files\MiKTeX\tex/generic/iftex\iftex.sty"
Package: iftex 2020/03/06 v1.0d TeX engine tests
)
("C:\Program Files\MiKTeX\tex/generic/babel\babel.sty"
Package: babel 2020/10/27 3.51 The Babel package

("C:\Program Files\MiKTeX\tex/generic/babel\babel.def"
File: babel.def 2020/10/27 3.51 Babel common definitions
\babel@savecnt=\count183
\U@D=\dimen138
\l@babelnohyphens=\language79

("C:\Program Files\MiKTeX\tex/generic/babel\txtbabel.def")
\bbl@readstream=\read2
)
\bbl@dirlevel=\count184

*************************************
* Local config file bblopts.cfg used
*
("C:\Program Files\MiKTeX\tex/latex/arabi\bblopts.cfg"
File: bblopts.cfg 2005/09/08 v0.1 add Arabic and Farsi to "declared" options of
 babel
)
("C:\Program Files\MiKTeX\tex/latex/babel-english\english.ldf"
Language: english 2017/06/06 v3.3r English support from the babel system
Package babel Info: \l@canadian = using hyphenrules for english
(babel)             (\language0) on input line 102.
Package babel Info: \l@australian = using hyphenrules for ukenglish
(babel)             (\language73) on input line 105.
Package babel Info: \l@newzealand = using hyphenrules for ukenglish
(babel)             (\language73) on input line 108.
)
(C:\Users\sychy\AppData\Roaming\MiKTeX\tex/latex/babel-russian\russianb.ldf
File: russianb.ldf 2020/09/09 1.3k Russian support for the Babel system
Language: russian 2020/09/09 1.3k Russian support for the Babel system


Package babel Warning: No Cyrillic font encoding has been loaded so far.
(babel)                A font encoding should be declared before babel.
(babel)                Default `T2A' encoding will be loaded  on input line 74.


(C:\Users\sychy\AppData\Roaming\MiKTeX\tex/latex/cyrillic\t2aenc.def
File: t2aenc.def 2005/09/27 v1.0i Cyrillic encoding definition file
Now handling font encoding T2A ...
... processing UTF-8 mapping file for font encoding T2A

("C:\Program Files\MiKTeX\tex/latex/base\t2aenc.dfu"
File: t2aenc.dfu 2019/11/14 v1.2k UTF-8 support for inputenc
   defining Unicode char U+00A4 (decimal 164)
   defining Unicode char U+00A7 (decimal 167)
   defining Unicode char U+00AB (decimal 171)
   defining Unicode char U+00BB (decimal 187)
   defining Unicode char U+0131 (decimal 305)
   defining Unicode char U+0237 (decimal 567)
   defining Unicode char U+0400 (decimal 1024)
   defining Unicode char U+0401 (decimal 1025)
   defining Unicode char U+0402 (decimal 1026)
   defining Unicode char U+0403 (decimal 1027)
   defining Unicode char U+0404 (decimal 1028)
   defining Unicode char U+0405 (decimal 1029)
   defining Unicode char U+0406 (decimal 1030)
   defining Unicode char U+0407 (decimal 1031)
   defining Unicode char U+0408 (decimal 1032)
   defining Unicode char U+0409 (decimal 1033)
   defining Unicode char U+040A (decimal 1034)
   defining Unicode char U+040B (decimal 1035)
   defining Unicode char U+040C (decimal 1036)
   defining Unicode char U+040D (decimal 1037)
   defining Unicode char U+040E (decimal 1038)
   defining Unicode char U+040F (decimal 1039)
   defining Unicode char U+0410 (decimal 1040)
   defining Unicode char U+0411 (decimal 1041)
   defining Unicode char U+0412 (decimal 1042)
   defining Unicode char U+0413 (decimal 1043)
   defining Unicode char U+0414 (decimal 1044)
   defining Unicode char U+0415 (decimal 1045)
   defining Unicode char U+0416 (decimal 1046)
   defining Unicode char U+0417 (decimal 1047)
   defining Unicode char U+0418 (decimal 1048)
   defining Unicode char U+0419 (decimal 1049)
   defining Unicode char U+041A (decimal 1050)
   defining Unicode char U+041B (decimal 1051)
   defining Unicode char U+041C (decimal 1052)
   defining Unicode char U+041D (decimal 1053)
   defining Unicode char U+041E (decimal 1054)
   defining Unicode char U+041F (decimal 1055)
   defining Unicode char U+0420 (decimal 1056)
   defining Unicode char U+0421 (decimal 1057)
   defining Unicode char U+0422 (decimal 1058)
   defining Unicode char U+0423 (decimal 1059)
   defining Unicode char U+0424 (decimal 1060)
   defining Unicode char U+0425 (decimal 1061)
   defining Unicode char U+0426 (decimal 1062)
   defining Unicode char U+0427 (decimal 1063)
   defining Unicode char U+0428 (decimal 1064)
   defining Unicode char U+0429 (decimal 1065)
   defining Unicode char U+042A (decimal 1066)
   defining Unicode char U+042B (decimal 1067)
   defining Unicode char U+042C (decimal 1068)
   defining Unicode char U+042D (decimal 1069)
   defining Unicode char U+042E (decimal 1070)
   defining Unicode char U+042F (decimal 1071)
   defining Unicode char U+0430 (decimal 1072)
   defining Unicode char U+0431 (decimal 1073)
   defining Unicode char U+0432 (decimal 1074)
   defining Unicode char U+0433 (decimal 1075)
   defining Unicode char U+0434 (decimal 1076)
   defining Unicode char U+0435 (decimal 1077)
   defining Unicode char U+0436 (decimal 1078)
   defining Unicode char U+0437 (decimal 1079)
   defining Unicode char U+0438 (decimal 1080)
   defining Unicode char U+0439 (decimal 1081)
   defining Unicode char U+043A (decimal 1082)
   defining Unicode char U+043B (decimal 1083)
   defining Unicode char U+043C (decimal 1084)
   defining Unicode char U+043D (decimal 1085)
   defining Unicode char U+043E (decimal 1086)
   defining Unicode char U+043F (decimal 1087)
   defining Unicode char U+0440 (decimal 1088)
   defining Unicode char U+0441 (decimal 1089)
   defining Unicode char U+0442 (decimal 1090)
   defining Unicode char U+0443 (decimal 1091)
   defining Unicode char U+0444 (decimal 1092)
   defining Unicode char U+0445 (decimal 1093)
   defining Unicode char U+0446 (decimal 1094)
   defining Unicode char U+0447 (decimal 1095)
   defining Unicode char U+0448 (decimal 1096)
   defining Unicode char U+0449 (decimal 1097)
   defining Unicode char U+044A (decimal 1098)
   defining Unicode char U+044B (decimal 1099)
   defining Unicode char U+044C (decimal 1100)
   defining Unicode char U+044D (decimal 1101)
   defining Unicode char U+044E (decimal 1102)
   defining Unicode char U+044F (decimal 1103)
   defining Unicode char U+0450 (decimal 1104)
   defining Unicode char U+0451 (decimal 1105)
   defining Unicode char U+0452 (decimal 1106)
   defining Unicode char U+0453 (decimal 1107)
   defining Unicode char U+0454 (decimal 1108)
   defining Unicode char U+0455 (decimal 1109)
   defining Unicode char U+0456 (decimal 1110)
   defining Unicode char U+0457 (decimal 1111)
   defining Unicode char U+0458 (decimal 1112)
   defining Unicode char U+0459 (decimal 1113)
   defining Unicode char U+045A (decimal 1114)
   defining Unicode char U+045B (decimal 1115)
   defining Unicode char U+045C (decimal 1116)
   defining Unicode char U+045D (decimal 1117)
   defining Unicode char U+045E (decimal 1118)
   defining Unicode char U+045F (decimal 1119)
   defining Unicode char U+0490 (decimal 1168)
   defining Unicode char U+0491 (decimal 1169)
   defining Unicode char U+0492 (decimal 1170)
   defining Unicode char U+0493 (decimal 1171)
   defining Unicode char U+0496 (decimal 1174)
   defining Unicode char U+0497 (decimal 1175)
   defining Unicode char U+0498 (decimal 1176)
   defining Unicode char U+0499 (decimal 1177)
   defining Unicode char U+049A (decimal 1178)
   defining Unicode char U+049B (decimal 1179)
   defining Unicode char U+049C (decimal 1180)
   defining Unicode char U+049D (decimal 1181)
   defining Unicode char U+04A0 (decimal 1184)
   defining Unicode char U+04A1 (decimal 1185)
   defining Unicode char U+04A2 (decimal 1186)
   defining Unicode char U+04A3 (decimal 1187)
   defining Unicode char U+04A4 (decimal 1188)
   defining Unicode char U+04A5 (decimal 1189)
   defining Unicode char U+04AA (decimal 1194)
   defining Unicode char U+04AB (decimal 1195)
   defining Unicode char U+04AE (decimal 1198)
   defining Unicode char U+04AF (decimal 1199)
   defining Unicode char U+04B0 (decimal 1200)
   defining Unicode char U+04B1 (decimal 1201)
   defining Unicode char U+04B2 (decimal 1202)
   defining Unicode char U+04B3 (decimal 1203)
   defining Unicode char U+04B6 (decimal 1206)
   defining Unicode char U+04B7 (decimal 1207)
   defining Unicode char U+04B8 (decimal 1208)
   defining Unicode char U+04B9 (decimal 1209)
   defining Unicode char U+04BA (decimal 1210)
   defining Unicode char U+04BB (decimal 1211)
   defining Unicode char U+04C0 (decimal 1216)
   defining Unicode char U+04C1 (decimal 1217)
   defining Unicode char U+04C2 (decimal 1218)
   defining Unicode char U+04D0 (decimal 1232)
   defining Unicode char U+04D1 (decimal 1233)
   defining Unicode char U+04D2 (decimal 1234)
   defining Unicode char U+04D3 (decimal 1235)
   defining Unicode char U+04D4 (decimal 1236)
   defining Unicode char U+04D5 (decimal 1237)
   defining Unicode char U+04D6 (decimal 1238)
   defining Unicode char U+04D7 (decimal 1239)
   defining Unicode char U+04D8 (decimal 1240)
   defining Unicode char U+04D9 (decimal 1241)
   defining Unicode char U+04DA (decimal 1242)
   defining Unicode char U+04DB (decimal 1243)
   defining Unicode char U+04DC (decimal 1244)
   defining Unicode char U+04DD (decimal 1245)
   defining Unicode char U+04DE (decimal 1246)
   defining Unicode char U+04DF (decimal 1247)
   defining Unicode char U+04E2 (decimal 1250)
   defining Unicode char U+04E3 (decimal 1251)
   defining Unicode char U+04E4 (decimal 1252)
   defining Unicode char U+04E5 (decimal 1253)
   defining Unicode char U+04E6 (decimal 1254)
   defining Unicode char U+04E7 (decimal 1255)
   defining Unicode char U+04E8 (decimal 1256)
   defining Unicode char U+04E9 (decimal 1257)
   defining Unicode char U+04EC (decimal 1260)
   defining Unicode char U+04ED (decimal 1261)
   defining Unicode char U+04EE (decimal 1262)
   defining Unicode char U+04EF (decimal 1263)
   defining Unicode char U+04F0 (decimal 1264)
   defining Unicode char U+04F1 (decimal 1265)
   defining Unicode char U+04F2 (decimal 1266)
   defining Unicode char U+04F3 (decimal 1267)
   defining Unicode char U+04F4 (decimal 1268)
   defining Unicode char U+04F5 (decimal 1269)
   defining Unicode char U+04F8 (decimal 1272)
   defining Unicode char U+04F9 (decimal 1273)
   defining Unicode char U+200C (decimal 8204)
   defining Unicode char U+2013 (decimal 8211)
   defining Unicode char U+2014 (decimal 8212)
   defining Unicode char U+2018 (decimal 8216)
   defining Unicode char U+2019 (decimal 8217)
   defining Unicode char U+201C (decimal 8220)
   defining Unicode char U+201D (decimal 8221)
   defining Unicode char U+201E (decimal 8222)
   defining Unicode char U+2030 (decimal 8240)
   defining Unicode char U+2031 (decimal 8241)
   defining Unicode char U+2116 (decimal 8470)
   defining Unicode char U+2329 (decimal 9001)
   defining Unicode char U+232A (decimal 9002)
   defining Unicode char U+2423 (decimal 9251)
   defining Unicode char U+27E8 (decimal 10216)
   defining Unicode char U+27E9 (decimal 10217)
   defining Unicode char U+FB00 (decimal 64256)
   defining Unicode char U+FB01 (decimal 64257)
   defining Unicode char U+FB02 (decimal 64258)
   defining Unicode char U+FB03 (decimal 64259)
   defining Unicode char U+FB04 (decimal 64260)
   defining Unicode char U+FB05 (decimal 64261)
   defining Unicode char U+FB06 (decimal 64262)
))
Package babel Info: Making " an active character on input line 120.
Package babel Info: Default for \cyrdash is provided on input line 157.
))
("C:\Program Files\MiKTeX\tex/latex/base\fontenc.sty"
Package: fontenc 2020/08/10 v2.0s Standard LaTeX package
LaTeX Font Info:    Trying to load font information for T2A+cmr on input line 1
12.

(C:\Users\sychy\AppData\Roaming\MiKTeX\tex/latex/cyrillic\t2acmr.fd
File: t2acmr.fd 2001/08/11 v1.0a Computer Modern Cyrillic font definitions
))
("C:\Program Files\MiKTeX\tex/latex/base\inputenc.sty"
Package: inputenc 2020/08/01 v1.3d Input encoding file
\inpenc@prehook=\toks15
\inpenc@posthook=\toks16

(C:\Users\sychy\AppData\Roaming\MiKTeX\tex/latex/ucs\utf8x.def
File: utf8x.def 2004/10/17 UCS: Input encoding UTF-8
))
(C:\Users\sychy\AppData\Roaming\MiKTeX\tex/latex/ucs\ucs.sty
Package: ucs 2013/05/11 v2.2 UCS: Unicode input support

(C:\Users\sychy\AppData\Roaming\MiKTeX\tex/latex/ucs\uni-global.def
File: uni-global.def 2013/05/13 UCS: Unicode global data
)
\uc@secondtry=\count185
\uc@combtoks=\toks17
\uc@combtoksb=\toks18
\uc@temptokena=\toks19
)
(C:\Users\sychy\AppData\Roaming\MiKTeX\tex/latex/t2\mathtext.sty
Package: mathtext 2018/04/13 v1.1 transparent text-and-math defs
LaTeX Info: Redefining \halign on input line 119.
)
(C:\Users\sychy\AppData\Roaming\MiKTeX\tex/latex/cmap\cmap.sty
Package: cmap 2021/02/06 v1.0j CMap support: searchable PDF


Package cmap Warning: fontenc already loaded - some fonts may be unprocessed.

) ("C:\Program Files\MiKTeX\tex/latex/base\flafter.sty"
Package: flafter 2018/11/28 v1.4d Standard LaTeX floats after reference (FMi)
Applying: [2015/01/01] float order in 2-column on input line 49.
Already applied: [0000/00/00] float order in 2-column on input line 151.
)
\GostItemGap=\skip57
\GostItemIndent=\skip58
\GostItemNestedIndent=\skip59

("C:\Program Files\MiKTeX\tex/latex/amsfonts\amssymb.sty"
Package: amssymb 2013/01/14 v3.01 AMS font symbols

("C:\Program Files\MiKTeX\tex/latex/amsfonts\amsfonts.sty"
Package: amsfonts 2013/01/14 v3.01 Basic AMSFonts support
\@emptytoks=\toks20
\symAMSa=\mathgroup4
\symAMSb=\mathgroup5
LaTeX Font Info:    Redeclaring math symbol \hbar on input line 98.
LaTeX Font Info:    Overwriting math alphabet `\mathfrak' in version `bold'
(Font)                  U/euf/m/n --> U/euf/b/n on input line 106.
))
("C:\Program Files\MiKTeX\tex/latex/amsmath\amsmath.sty"
Package: amsmath 2020/09/23 v2.17i AMS math features
\@mathmargin=\skip60

For additional information on amsmath, use the `?' option.
("C:\Program Files\MiKTeX\tex/latex/amsmath\amstext.sty"
Package: amstext 2000/06/29 v2.01 AMS text

("C:\Program Files\MiKTeX\tex/latex/amsmath\amsgen.sty"
File: amsgen.sty 1999/11/30 v2.0 generic functions
\@emptytoks=\toks21
\ex@=\dimen139
))
("C:\Program Files\MiKTeX\tex/latex/amsmath\amsbsy.sty"
Package: amsbsy 1999/11/29 v1.2d Bold Symbols
\pmbraise@=\dimen140
)
("C:\Program Files\MiKTeX\tex/latex/amsmath\amsopn.sty"
Package: amsopn 2016/03/08 v2.02 operator names
)
\inf@bad=\count186
LaTeX Info: Redefining \frac on input line 234.
\uproot@=\count187
\leftroot@=\count188
LaTeX Info: Redefining \overline on input line 399.
\classnum@=\count189
\DOTSCASE@=\count190
LaTeX Info: Redefining \ldots on input line 496.
LaTeX Info: Redefining \dots on input line 499.
LaTeX Info: Redefining \cdots on input line 620.
\Mathstrutbox@=\box47
\strutbox@=\box48
\big@size=\dimen141
LaTeX Font Info:    Redeclaring font encoding OML on input line 743.
\symOMLletters=\mathgroup6
LaTeX Font Info:    Redeclaring font encoding OMS on input line 744.
\symOMSletters=\mathgroup7
\macc@depth=\count191
\c@MaxMatrixCols=\count192
\dotsspace@=\muskip16
\c@parentequation=\count193
\dspbrk@lvl=\count194
\tag@help=\toks22
\row@=\count195
\column@=\count196
\maxfields@=\count197
\andhelp@=\toks23
\eqnshift@=\dimen142
\alignsep@=\dimen143
\tagshift@=\dimen144
\tagwidth@=\dimen145
\totwidth@=\dimen146
\lineht@=\dimen147
\@envbody=\toks24
\multlinegap=\skip61
\multlinetaggap=\skip62
\mathdisplay@stack=\toks25
LaTeX Info: Redefining \[ on input line 2923.
LaTeX Info: Redefining \] on input line 2924.
)
(C:\Users\sychy\AppData\Roaming\MiKTeX\tex/latex/was\icomma.sty
Package: icomma 2002/03/10 v2.0 (WaS)
)
("C:\Program Files\MiKTeX\tex/latex/base\leqno.clo"
File: leqno.clo 2016/12/29 v1.2b Standard LaTeX option (left equation numbers)
)
\Gost@EqRemLen=\skip63
\Gost@@EqRemLen=\skip64

(C:\Users\sychy\AppData\Roaming\MiKTeX\tex/latex/caption\caption.sty
Package: caption 2020/10/26 v3.5g Customizing captions (AR)

(C:\Users\sychy\AppData\Roaming\MiKTeX\tex/latex/caption\caption3.sty
Package: caption3 2020/10/21 v2.2e caption3 kernel (AR)

("C:\Program Files\MiKTeX\tex/latex/graphics\keyval.sty"
Package: keyval 2014/10/28 v1.15 key=value parser (DPC)
\KV@toks@=\toks26
)
\captionmargin=\dimen148
\captionmargin@=\dimen149
\captionwidth=\dimen150
\caption@tempdima=\dimen151
\caption@indent=\dimen152
\caption@parindent=\dimen153
\caption@hangindent=\dimen154
\abovecaptionskip=\skip65
\belowcaptionskip=\skip66
Package caption Info: Document class w/o caption stuff detected.
)
\c@caption@flags=\count198
\c@continuedfloat=\count199
)
\c@figure=\count266
\c@table=\count267

("C:\Program Files\MiKTeX\tex/latex/tools\longtable.sty"
Package: longtable 2020/01/07 v4.13 Multi-page Table package (DPC)
\LTleft=\skip67
\LTright=\skip68
\LTpre=\skip69
\LTpost=\skip70
\LTchunksize=\count268
\LTcapwidth=\dimen155
\LT@head=\box49
\LT@firsthead=\box50
\LT@foot=\box51
\LT@lastfoot=\box52
\LT@cols=\count269
\LT@rows=\count270
\c@LT@tables=\count271
\c@LT@chunks=\count272
\LT@p@ftn=\toks27
)
(C:\Users\sychy\AppData\Roaming\MiKTeX\tex/latex/footmisc\footmisc.sty
Package: footmisc 2011/06/06 v5.5b a miscellany of footnote facilities
\FN@temptoken=\toks28
\footnotemargin=\dimen156
\c@pp@next@reset=\count273
\c@@fnserial=\count274
Package footmisc Info: Declaring symbol style bringhurst on input line 855.
Package footmisc Info: Declaring symbol style chicago on input line 863.
Package footmisc Info: Declaring symbol style wiley on input line 872.
Package footmisc Info: Declaring symbol style lamport-robust on input line 883.

Package footmisc Info: Declaring symbol style lamport* on input line 903.
Package footmisc Info: Declaring symbol style lamport*-robust on input line 924
.
)
\bibindent=\dimen157
)
(C:\Users\sychy\AppData\Roaming\MiKTeX\tex/latex/geometry\geometry.sty
Package: geometry 2020/01/02 v5.9 Page Geometry

("C:\Program Files\MiKTeX\tex/generic/iftex\ifvtex.sty"
Package: ifvtex 2019/10/25 v1.7 ifvtex legacy package. Use iftex instead.
)
\Gm@cnth=\count275
\Gm@cntv=\count276
\c@Gm@tempcnt=\count277
\Gm@bindingoffset=\dimen158
\Gm@wd@mp=\dimen159
\Gm@odd@mp=\dimen160
\Gm@even@mp=\dimen161
\Gm@layoutwidth=\dimen162
\Gm@layoutheight=\dimen163
\Gm@layouthoffset=\dimen164
\Gm@layoutvoffset=\dimen165
\Gm@dimlist=\toks29

(C:\Users\sychy\AppData\Roaming\MiKTeX\tex/latex/geometry\geometry.cfg))
(G7-32.sty
Package: G7-32 2003/07/07 v1.00 Titles for GOST 7.32-2001
))
\@input{10-preamble.aux}
\openout2 = `10-preamble.aux'.

(10-preamble.tex ("C:\Program Files\MiKTeX\tex/latex/hyperref\hyperref.sty"
Package: hyperref 2020-05-15 v7.00e Hypertext links for LaTeX

(C:\Users\sychy\AppData\Roaming\MiKTeX\tex/generic/ltxcmds\ltxcmds.sty
Package: ltxcmds 2020-05-10 v1.25 LaTeX kernel commands for general use (HO)
)
("C:\Program Files\MiKTeX\tex/generic/pdftexcmds\pdftexcmds.sty"
Package: pdftexcmds 2020-06-27 v0.33 Utility functions of pdfTeX for LuaTeX (HO
)

(C:\Users\sychy\AppData\Roaming\MiKTeX\tex/generic/infwarerr\infwarerr.sty
Package: infwarerr 2019/12/03 v1.5 Providing info/warning/error messages (HO)
)
Package pdftexcmds Info: \pdf@primitive is available.
Package pdftexcmds Info: \pdf@ifprimitive is available.
Package pdftexcmds Info: \pdfdraftmode found.
)
(C:\Users\sychy\AppData\Roaming\MiKTeX\tex/generic/kvsetkeys\kvsetkeys.sty
Package: kvsetkeys 2019/12/15 v1.18 Key value parser (HO)
)
(C:\Users\sychy\AppData\Roaming\MiKTeX\tex/generic/kvdefinekeys\kvdefinekeys.st
y
Package: kvdefinekeys 2019-12-19 v1.6 Define keys (HO)
) (C:\Users\sychy\AppData\Roaming\MiKTeX\tex/generic/pdfescape\pdfescape.sty
Package: pdfescape 2019/12/09 v1.15 Implements pdfTeX's escape features (HO)
)
(C:\Users\sychy\AppData\Roaming\MiKTeX\tex/latex/hycolor\hycolor.sty
Package: hycolor 2020-01-27 v1.10 Color options for hyperref/bookmark (HO)
)
(C:\Users\sychy\AppData\Roaming\MiKTeX\tex/latex/letltxmacro\letltxmacro.sty
Package: letltxmacro 2019/12/03 v1.6 Let assignment for LaTeX macros (HO)
)
(C:\Users\sychy\AppData\Roaming\MiKTeX\tex/latex/auxhook\auxhook.sty
Package: auxhook 2019-12-17 v1.6 Hooks for auxiliary files (HO)
)
(C:\Users\sychy\AppData\Roaming\MiKTeX\tex/latex/kvoptions\kvoptions.sty
Package: kvoptions 2020-10-07 v3.14 Key value format for package options (HO)
)
\@linkdim=\dimen166
\Hy@linkcounter=\count278
\Hy@pagecounter=\count279

("C:\Program Files\MiKTeX\tex/latex/hyperref\pd1enc.def"
File: pd1enc.def 2020-05-15 v7.00e Hyperref: PDFDocEncoding definition (HO)
Now handling font encoding PD1 ...
... no UTF-8 mapping file for font encoding PD1
\symPD1letters=\mathgroup8
)
(C:\Users\sychy\AppData\Roaming\MiKTeX\tex/generic/intcalc\intcalc.sty
Package: intcalc 2019/12/15 v1.3 Expandable calculations with integers (HO)
)
(C:\Users\sychy\AppData\Roaming\MiKTeX\tex/generic/etexcmds\etexcmds.sty
Package: etexcmds 2019/12/15 v1.7 Avoid name clashes with e-TeX commands (HO)
)
\Hy@SavedSpaceFactor=\count280
Package hyperref Info: Option `unicode' set `true' on input line 3427.

("C:\Program Files\MiKTeX\tex/latex/hyperref\puenc.def"
File: puenc.def 2020-05-15 v7.00e Hyperref: PDF Unicode definition (HO)
Now handling font encoding PU ...
... no UTF-8 mapping file for font encoding PU
\symPUletters=\mathgroup9
)
Package hyperref Info: Option `bookmarks' set `true' on input line 4338.
Package hyperref Info: Option `colorlinks' set `true' on input line 4338.
Package hyperref Info: Option `unicode' set `true' on input line 4338.
Package hyperref Info: Hyper figures OFF on input line 4464.
Package hyperref Info: Link nesting OFF on input line 4469.
Package hyperref Info: Hyper index ON on input line 4472.
Package hyperref Info: Plain pages OFF on input line 4479.
Package hyperref Info: Backreferencing OFF on input line 4484.
Package hyperref Info: Implicit mode ON; LaTeX internals redefined.
Package hyperref Info: Bookmarks ON on input line 4717.
\c@Hy@tempcnt=\count281

("C:\Program Files\MiKTeX\tex/latex/url\url.sty"
\Urlmuskip=\muskip17
Package: url 2013/09/16  ver 3.4  Verb mode for urls, etc.
)
LaTeX Info: Redefining \url on input line 5076.
\XeTeXLinkMargin=\dimen167

(C:\Users\sychy\AppData\Roaming\MiKTeX\tex/generic/bitset\bitset.sty
Package: bitset 2019/12/09 v1.3 Handle bit-vector datatype (HO)

(C:\Users\sychy\AppData\Roaming\MiKTeX\tex/generic/bigintcalc\bigintcalc.sty
Package: bigintcalc 2019/12/15 v1.5 Expandable calculations on big integers (HO
)
))
\Fld@menulength=\count282
\Field@Width=\dimen168
\Fld@charsize=\dimen169
Package hyperref Info: Hyper figures OFF on input line 6347.
Package hyperref Info: Link nesting OFF on input line 6352.
Package hyperref Info: Hyper index ON on input line 6355.
Package hyperref Info: backreferencing OFF on input line 6362.
Package hyperref Info: Link coloring ON on input line 6365.
Package hyperref Info: Link coloring with OCG OFF on input line 6372.
Package hyperref Info: PDF/A mode OFF on input line 6377.
LaTeX Info: Redefining \ref on input line 6417.
LaTeX Info: Redefining \pageref on input line 6421.

("C:\Program Files\MiKTeX\tex/latex/base\atbegshi-ltx.sty"
Package: atbegshi-ltx 2020/08/17 v1.0a Emulation of the original atbegshi packa
ge
with kernel methods
)
\Hy@abspage=\count283
\c@Item=\count284
\c@Hfootnote=\count285
)
Package hyperref Info: Driver (autodetected): hpdftex.

("C:\Program Files\MiKTeX\tex/latex/hyperref\hpdftex.def"
File: hpdftex.def 2020-05-15 v7.00e Hyperref driver for pdfTeX

("C:\Program Files\MiKTeX\tex/latex/base\atveryend-ltx.sty"
Package: atveryend-ltx 2020/08/19 v1.0a Emulation of the original atvery packag
e
with kernel methods
)
\Fld@listcount=\count286
\c@bookmark@seq@number=\count287

(C:\Users\sychy\AppData\Roaming\MiKTeX\tex/latex/rerunfilecheck\rerunfilecheck.
sty
Package: rerunfilecheck 2019/12/05 v1.9 Rerun checks for auxiliary files (HO)

(C:\Users\sychy\AppData\Roaming\MiKTeX\tex/generic/uniquecounter\uniquecounter.
sty
Package: uniquecounter 2019/12/15 v1.4 Provide unlimited unique counter (HO)
)
Package uniquecounter Info: New unique counter `rerunfilecheck' on input line 2
86.
)
\Hy@SectionHShift=\skip71
) ("C:\Program Files\MiKTeX\tex/latex/graphics\graphicx.sty"
Package: graphicx 2020/09/09 v1.2b Enhanced LaTeX Graphics (DPC,SPQR)

("C:\Program Files\MiKTeX\tex/latex/graphics\graphics.sty"
Package: graphics 2020/08/30 v1.4c Standard LaTeX Graphics (DPC,SPQR)

("C:\Program Files\MiKTeX\tex/latex/graphics\trig.sty"
Package: trig 2016/01/03 v1.10 sin cos tan (DPC)
)
("C:\Program Files\MiKTeX\tex/latex/graphics-cfg\graphics.cfg"
File: graphics.cfg 2016/06/04 v1.11 sample graphics configuration
)
Package graphics Info: Driver file: pdftex.def on input line 105.

("C:\Program Files\MiKTeX\tex/latex/graphics-def\pdftex.def"
File: pdftex.def 2020/10/05 v1.2a Graphics/color driver for pdftex
))
\Gin@req@height=\dimen170
\Gin@req@width=\dimen171
)
(C:\Users\sychy\AppData\Roaming\MiKTeX\tex/latex/algorithms\algorithm.sty
Package: algorithm 2009/08/24 v0.1 Document Style `algorithm' - floating enviro
nment

(C:\Users\sychy\AppData\Roaming\MiKTeX\tex/latex/float\float.sty
Package: float 2001/11/08 v1.3d Float enhancements (AL)
\c@float@type=\count288
\float@exts=\toks30
\float@box=\box53
\@float@everytoks=\toks31
\@floatcapt=\box54
)
("C:\Program Files\MiKTeX\tex/latex/base\ifthen.sty"
Package: ifthen 2014/09/29 v1.1c Standard LaTeX ifthen package (DPC)
)
\@float@every@algorithm=\toks32
\c@algorithm=\count289
)
(C:\Users\sychy\AppData\Roaming\MiKTeX\tex/latex/algorithmicx\algpseudocode.sty
Package: algpseudocode 
(C:\Users\sychy\AppData\Roaming\MiKTeX\tex/latex/algorithmicx\algorithmicx.sty
Package: algorithmicx 2005/04/27 v1.2 Algorithmicx

Document Style algorithmicx 1.2 - a greatly improved `algorithmic' style
\c@ALG@line=\count290
\c@ALG@rem=\count291
\c@ALG@nested=\count292
\ALG@tlm=\skip72
\ALG@thistlm=\skip73
\c@ALG@Lnr=\count293
\c@ALG@blocknr=\count294
\c@ALG@storecount=\count295
\c@ALG@tmpcounter=\count296
\ALG@tmplength=\skip74
)
Document Style - pseudocode environments for use with the `algorithmicx' style
) ("C:\Program Files\MiKTeX\tex/latex/tools\enumerate.sty"
Package: enumerate 2015/07/23 v3.00 enumerate extensions (DPC)
\@enLab=\toks33
)
("C:\Program Files\MiKTeX\tex/latex/graphics\color.sty"
Package: color 2020/02/24 v1.2b Standard LaTeX Color (DPC)

("C:\Program Files\MiKTeX\tex/latex/graphics-cfg\color.cfg"
File: color.cfg 2016/01/02 v1.6 sample color configuration
)
Package color Info: Driver file: pdftex.def on input line 147.
)
("C:\Program Files\MiKTeX\tex/latex/listings\listings.sty"
\lst@mode=\count297
\lst@gtempboxa=\box55
\lst@token=\toks34
\lst@length=\count298
\lst@currlwidth=\dimen172
\lst@column=\count299
\lst@pos=\count300
\lst@lostspace=\dimen173
\lst@width=\dimen174
\lst@newlines=\count301
\lst@lineno=\count302
\lst@maxwidth=\dimen175

("C:\Program Files\MiKTeX\tex/latex/listings\lstmisc.sty"
File: lstmisc.sty 2020/03/24 1.8d (Carsten Heinz)
\c@lstnumber=\count303
\lst@skipnumbers=\count304
\lst@framebox=\box56
)
("C:\Program Files\MiKTeX\tex/latex/listings\listings.cfg"
File: listings.cfg 2020/03/24 1.8d listings configuration
))
Package: listings 2020/03/24 1.8d (Carsten Heinz)

("C:\Program Files\MiKTeX\tex/latex/listings\lstlang1.sty"
File: lstlang1.sty 2020/03/24 1.8d listings language file
)
("C:\Program Files\MiKTeX\tex/latex/listings\lstlang2.sty"
File: lstlang2.sty 2020/03/24 1.8d listings language file
))
("C:\Program Files\MiKTeX\tex/latex/l3backend\l3backend-pdftex.def"
File: l3backend-pdftex.def 2020-09-24 L3 backend support: PDF output (pdfTeX)
\l__kernel_color_stack_int=\count305
\l__pdf_internal_box=\box57
)
(0-main.aux (annotation.aux) (abstract.aux) (11-title-page.aux) (2-intro.aux)
(30-terms.aux) (31-chapter-one.aux

LaTeX Warning: Label `cha:ch_1' multiply defined.

) (32-chapter-two.aux) (33-chapter-three.aux) (34-chapter-four.aux)
(4-conclusion.aux) (5-biblio.aux) (61-appendix.aux))
\openout1 = `0-main.aux'.

LaTeX Font Info:    Checking defaults for OML/cmm/m/it on input line 10.
LaTeX Font Info:    ... okay on input line 10.
LaTeX Font Info:    Checking defaults for OMS/cmsy/m/n on input line 10.
LaTeX Font Info:    ... okay on input line 10.
LaTeX Font Info:    Checking defaults for OT1/cmr/m/n on input line 10.
LaTeX Font Info:    ... okay on input line 10.
LaTeX Font Info:    Checking defaults for T1/cmr/m/n on input line 10.
LaTeX Font Info:    ... okay on input line 10.
LaTeX Font Info:    Checking defaults for TS1/cmr/m/n on input line 10.
LaTeX Font Info:    ... okay on input line 10.
LaTeX Font Info:    Checking defaults for OMX/cmex/m/n on input line 10.
LaTeX Font Info:    ... okay on input line 10.
LaTeX Font Info:    Checking defaults for U/cmr/m/n on input line 10.
LaTeX Font Info:    ... okay on input line 10.
LaTeX Font Info:    Checking defaults for T2A/cmr/m/n on input line 10.
LaTeX Font Info:    ... okay on input line 10.
LaTeX Font Info:    Checking defaults for PD1/pdf/m/n on input line 10.
LaTeX Font Info:    ... okay on input line 10.
LaTeX Font Info:    Checking defaults for PU/pdf/m/n on input line 10.
LaTeX Font Info:    ... okay on input line 10.
LaTeX Info: Redefining \th on input line 10.

(C:\Users\sychy\AppData\Roaming\MiKTeX\tex/latex/ucs\ucsencs.def
File: ucsencs.def 2011/01/21 Fixes to fontencodings LGR, T3
)
Package caption Info: Begin \AtBeginDocument code.
Package caption Info: float package is loaded.
Package caption Info: hyperref package is loaded.
Package caption Info: listings package is loaded.
Package caption Info: longtable package is loaded.

(C:\Users\sychy\AppData\Roaming\MiKTeX\tex/latex/caption\ltcaption.sty
Package: ltcaption 2020/05/30 v1.4b longtable captions (AR)
)
Package caption Info: End \AtBeginDocument code.

*geometry* driver: auto-detecting
*geometry* detected driver: pdftex
*geometry* verbose mode - [ preamble ] result:
* driver: pdftex
* paper: <default>
* layout: <same size as paper>
* layoutoffset:(h,v)=(0.0pt,0.0pt)
* modes: 
* h-part:(L,W,R)=(85.35826pt, 455.24411pt, 56.9055pt)
* v-part:(T,H,B)=(56.9055pt, 731.23584pt, 56.9055pt)
* \paperwidth=597.50787pt
* \paperheight=845.04684pt
* \textwidth=455.24411pt
* \textheight=731.23584pt
* \oddsidemargin=13.08827pt
* \evensidemargin=13.08827pt
* \topmargin=-27.36449pt
* \headheight=12.0pt
* \headsep=0.0pt
* \topskip=12.0pt
* \footskip=30.0pt
* \marginparwidth=35.0pt
* \marginparsep=10.0pt
* \columnsep=10.0pt
* \skip\footins=10.8pt plus 4.0pt minus 2.0pt
* \hoffset=0.0pt
* \voffset=0.0pt
* \mag=1000
* \@twocolumnfalse
* \@twosidefalse
* \@mparswitchfalse
* \@reversemarginfalse
* (1in=72.27pt=25.4mm, 1cm=28.453pt)

Package hyperref Info: Link coloring ON on input line 10.
("C:\Program Files\MiKTeX\tex/latex/hyperref\nameref.sty"
Package: nameref 2019/09/16 v2.46 Cross-referencing by name of section

(C:\Users\sychy\AppData\Roaming\MiKTeX\tex/latex/refcount\refcount.sty
Package: refcount 2019/12/15 v3.6 Data extraction from label references (HO)
)
(C:\Users\sychy\AppData\Roaming\MiKTeX\tex/generic/gettitlestring\gettitlestrin
g.sty
Package: gettitlestring 2019/12/15 v1.6 Cleanup title references (HO)
)
\c@section@level=\count306
)
LaTeX Info: Redefining \ref on input line 10.
LaTeX Info: Redefining \pageref on input line 10.
LaTeX Info: Redefining \nameref on input line 10.
 (0-main.out) (0-main.out)
\@outlinefile=\write3
\openout3 = `0-main.out'.


("C:\Program Files\MiKTeX\tex/context/base/mkii\supp-pdf.mkii"
[Loading MPS to PDF converter (version 2006.09.02).]
\scratchcounter=\count307
\scratchdimen=\dimen176
\scratchbox=\box58
\nofMPsegments=\count308
\nofMParguments=\count309
\everyMPshowfont=\toks35
\MPscratchCnt=\count310
\MPscratchDim=\dimen177
\MPnumerator=\count311
\makeMPintoPDFobject=\count312
\everyMPtoPDFconversion=\toks36
) ("C:\Program Files\MiKTeX\tex/latex/epstopdf-pkg\epstopdf-base.sty"
Package: epstopdf-base 2020-01-24 v2.11 Base part for package epstopdf
Package epstopdf-base Info: Redefining graphics rule for `.eps' on input line 4
85.
)
\c@lstlisting=\count313

("C:\Program Files\MiKTeX\tex/latex/listings\lstlang1.sty"
File: lstlang1.sty 2020/03/24 1.8d listings language file
)
\openout2 = `11-title-page.aux'.

 (11-title-page.tex<<t2a.cmap>> (C:\Users\sychy\AppData\Roaming\MiKTeX\tex/late
x/ucs\uni-4.def
File: uni-4.def 2013/05/13 UCS: Unicode data U+0400..U+04FF
)
(C:\Users\sychy\AppData\Roaming\MiKTeX\tex/latex/ucs\uni-0.def
File: uni-0.def 2013/05/13 UCS: Unicode data U+0000..U+00FF
)
Underfull \hbox (badness 10000) in paragraph at lines 35--40

 []


Underfull \hbox (badness 10000) in paragraph at lines 35--40

 []


Underfull \hbox (badness 10000) in paragraph at lines 35--40

 []


Underfull \hbox (badness 10000) in paragraph at lines 35--40

 []


Underfull \hbox (badness 10000) in paragraph at lines 35--40

 []

) [1





{C:/Users/sychy/AppData/Local/MiKTeX/pdftex/config/pdftex.map}] (0-main.toc<<ot
1.cmap>><<oml.cmap>><<oms.cmap>><<omx.cmap>>
LaTeX Font Info:    Trying to load font information for U+msa on input line 2.

("C:\Program Files\MiKTeX\tex/latex/amsfonts\umsa.fd"
File: umsa.fd 2013/01/14 v3.01 AMS symbols A
)
LaTeX Font Info:    Trying to load font information for U+msb on input line 2.

("C:\Program Files\MiKTeX\tex/latex/amsfonts\umsb.fd"
File: umsb.fd 2013/01/14 v3.01 AMS symbols B
)
LaTeX Font Info:    Trying to load font information for OML+cmr on input line 2
.

("C:\Program Files\MiKTeX\tex/latex/base\omlcmr.fd"
File: omlcmr.fd 2019/12/16 v2.5j Standard LaTeX font definitions
)

LaTeX Font Warning: Font shape `OML/cmr/m/up' undefined
(Font)              using `OML/cmr/m/it' instead on input line 2.

LaTeX Font Info:    Font shape `OML/cmr/m/it' in size <12> not available
(Font)              Font shape `OML/cmm/m/it' tried instead on input line 2.
LaTeX Font Info:    Font shape `OML/cmr/m/up' in size <8> not available
(Font)              Font shape `OML/cmm/m/it' tried instead on input line 2.
LaTeX Font Info:    Font shape `OML/cmr/m/up' in size <6> not available
(Font)              Font shape `OML/cmm/m/it' tried instead on input line 2.
LaTeX Font Info:    Trying to load font information for OMS+cmr on input line 2
.
("C:\Program Files\MiKTeX\tex/latex/base\omscmr.fd"
File: omscmr.fd 2019/12/16 v2.5j Standard LaTeX font definitions
)

LaTeX Font Warning: Font shape `OMS/cmr/m/up' undefined
(Font)              using `OMS/cmr/m/n' instead on input line 2.

LaTeX Font Info:    Font shape `OMS/cmr/m/n' in size <12> not available
(Font)              Font shape `OMS/cmsy/m/n' tried instead on input line 2.
LaTeX Font Info:    Font shape `OMS/cmr/m/up' in size <8> not available
(Font)              Font shape `OMS/cmsy/m/n' tried instead on input line 2.
LaTeX Font Info:    Font shape `OMS/cmr/m/up' in size <6> not available
(Font)              Font shape `OMS/cmsy/m/n' tried instead on input line 2.
LaTeX Font Info:    Trying to load font information for PD1+cmr on input line 2
.
LaTeX Font Info:    No file PD1cmr.fd. on input line 2.

LaTeX Font Warning: Font shape `PD1/cmr/m/up' undefined
(Font)              using `PD1/pdf/m/n' instead on input line 2.

LaTeX Font Info:    Trying to load font information for PU+cmr on input line 2.

LaTeX Font Info:    No file PUcmr.fd. on input line 2.

LaTeX Font Warning: Font shape `PU/cmr/m/up' undefined
(Font)              using `PU/pdf/m/n' instead on input line 2.

)
\tf@toc=\write4
\openout4 = `0-main.toc'.

 [0
\FN@pp@footnotehinttrue 

\FN@pp@footnotehinttrue 


]
\openout2 = `2-intro.aux'.

 (2-intro.tex)pdfTeX warning (ext4): destination with the same identifier (name
{page.1}) has been already used, duplicate ignored
<to be read again> 
                   \relax 
l.25 	\include{2-intro}
                        [1



]
\openout2 = `30-terms.aux'.

 (30-terms.tex
\c@MYc=\count314

Underfull \hbox (badness 2932) in paragraph at lines 22--23
[]\T2A/cmr/bx/n/12 ѕоследовательность случайных чисел \T2A/cmr/m/n/12  пос
ледовательность чисел,
 []

[2




]

LaTeX Warning: Command \CYRA invalid in math mode on input line 55.

Missing character: There is no ј in font cmr12!

LaTeX Warning: Command \CYRV invalid in math mode on input line 55.

Missing character: There is no ¬ in font cmr12!
[3]) [4]
\openout2 = `31-chapter-one.aux'.

 (31-chapter-one.tex [5




]
Overfull \hbox (13.56342pt too wide) detected at line 41
[]
 []


Overfull \hbox (17.18828pt too wide) detected at line 48
[]
 []

[6]
Underfull \hbox (badness 1226) in paragraph at lines 76--77
\T2A/cmr/m/n/12 константы, записанное в виде $\OML/cmm/m/it/12 a[] [] a[]
$\T2A/cmr/m/n/12 , где $\OML/cmm/m/it/12 a[] \OMS/cmsy/m/n/12 2 \U/msb/m/n/12 Z
[]\OML/cmm/m/it/12 ; i \OT1/cmr/m/n/12 = 0\OML/cmm/m/it/12 ; [] ;\OT1/cmr/m/n/1
2 127$\T2A/cmr/m/n/12 , есть
 []

[7] [8]
Underfull \hbox (badness 10000) in paragraph at lines 157--163

 []


Underfull \hbox (badness 10000) in paragraph at lines 164--174

 []


Overfull \hbox (16.07083pt too wide) in paragraph at lines 175--190
\T2A/cmr/m/n/12 3.6 $\OML/cmm/m/it/12 h \OT1/cmr/m/n/12 := []$ 
 []


Underfull \hbox (badness 10000) in paragraph at lines 175--190

 []

[9]
<inc/img/2_1.png, id=265, 1010.27437pt x 448.67625pt>
File: inc/img/2_1.png Graphic file (type png)
<use inc/img/2_1.png>
Package pdftex.def Info: inc/img/2_1.png  used on input line 196.
(pdftex.def)             Requested size: 455.24411pt x 202.18314pt.
) [10 <./inc/img/2_1.png>]
\openout2 = `32-chapter-two.aux'.

 (32-chapter-two.tex
Package hyperref Info: bookmark level for unknown lstlisting defaults to 0 on i
nput line 15.
LaTeX Font Info:    Trying to load font information for T2A+cmss on input line 
15.

(C:\Users\sychy\AppData\Roaming\MiKTeX\tex/latex/cyrillic\t2acmss.fd
File: t2acmss.fd 2001/08/11 v1.0a Computer Modern Cyrillic font definitions
)
(C:\Users\sychy\AppData\Roaming\MiKTeX\tex/latex/cyrillic\cp1251.def
File: cp1251.def 2014/10/28 v1.0d Input encoding file
)
(inc/src/l31.cs) [11




]
(C:\Users\sychy\AppData\Roaming\MiKTeX\tex/latex/cyrillic\cp1251.def
File: cp1251.def 2014/10/28 v1.0d Input encoding file
)
(inc/src/l32.cs)
(C:\Users\sychy\AppData\Roaming\MiKTeX\tex/latex/cyrillic\cp1251.def
File: cp1251.def 2014/10/28 v1.0d Input encoding file
)
(inc/src/l33.cs)
(C:\Users\sychy\AppData\Roaming\MiKTeX\tex/latex/cyrillic\cp1251.def
File: cp1251.def 2014/10/28 v1.0d Input encoding file
)
(inc/src/l34.cs [12]
LaTeX Font Info:    Trying to load font information for TS1+cmss on input line 
24.
 ("C:\Program Files\MiKTeX\tex/latex/base\ts1cmss.fd"
File: ts1cmss.fd 2019/12/16 v2.5j Standard LaTeX font definitions
)
[13]) (C:\Users\sychy\AppData\Roaming\MiKTeX\tex/latex/cyrillic\cp1251.def
File: cp1251.def 2014/10/28 v1.0d Input encoding file
)
(inc/src/l35.cs [14] [15])
(C:\Users\sychy\AppData\Roaming\MiKTeX\tex/latex/cyrillic\cp1251.def
File: cp1251.def 2014/10/28 v1.0d Input encoding file
)
(inc/src/l36.cs [16])
(C:\Users\sychy\AppData\Roaming\MiKTeX\tex/latex/cyrillic\cp1251.def
File: cp1251.def 2014/10/28 v1.0d Input encoding file
)
(inc/src/l37.cs [17])
(C:\Users\sychy\AppData\Roaming\MiKTeX\tex/latex/cyrillic\cp1251.def
File: cp1251.def 2014/10/28 v1.0d Input encoding file
)
(inc/src/l38.cs [18])
(C:\Users\sychy\AppData\Roaming\MiKTeX\tex/latex/cyrillic\cp1251.def
File: cp1251.def 2014/10/28 v1.0d Input encoding file
)
(inc/src/l39.cs [19])
(C:\Users\sychy\AppData\Roaming\MiKTeX\tex/latex/cyrillic\cp1251.def
File: cp1251.def 2014/10/28 v1.0d Input encoding file
)
(inc/src/l310.cs) [20]
(C:\Users\sychy\AppData\Roaming\MiKTeX\tex/latex/cyrillic\cp1251.def
File: cp1251.def 2014/10/28 v1.0d Input encoding file
)
(inc/src/l311.cs)
(C:\Users\sychy\AppData\Roaming\MiKTeX\tex/latex/cyrillic\cp1251.def
File: cp1251.def 2014/10/28 v1.0d Input encoding file
)
(inc/src/l312.cs [21])
(C:\Users\sychy\AppData\Roaming\MiKTeX\tex/latex/cyrillic\cp1251.def
File: cp1251.def 2014/10/28 v1.0d Input encoding file
)
(inc/src/l313.cs [22])
(C:\Users\sychy\AppData\Roaming\MiKTeX\tex/latex/cyrillic\cp1251.def
File: cp1251.def 2014/10/28 v1.0d Input encoding file
)
(inc/src/l314.cs) [23]
(C:\Users\sychy\AppData\Roaming\MiKTeX\tex/latex/cyrillic\cp1251.def
File: cp1251.def 2014/10/28 v1.0d Input encoding file
)
(inc/src/l315.cs [24])) [25]
\openout2 = `33-chapter-three.aux'.

 (33-chapter-three.tex [26




]
Underfull \hbox (badness 10000) in paragraph at lines 45--48

 []


Underfull \hbox (badness 10000) in paragraph at lines 59--62

 []


Underfull \hbox (badness 10000) in paragraph at lines 69--72

 []

[27] [28] [29]
<inc/img/4_1.jpg, id=813, 691.83469pt x 1251.17438pt>
File: inc/img/4_1.jpg Graphic file (type jpg)
<use inc/img/4_1.jpg>
Package pdftex.def Info: inc/img/4_1.jpg  used on input line 171.
(pdftex.def)             Requested size: 282.24911pt x 510.44568pt.
 [30 <./inc/img/4_1.jpg>]
<inc/img/4_2.jpg, id=820, 1117.92656pt x 1460.45625pt>
File: inc/img/4_2.jpg Graphic file (type jpg)
<use inc/img/4_2.jpg>
Package pdftex.def Info: inc/img/4_2.jpg  used on input line 214.
(pdftex.def)             Requested size: 455.24411pt x 594.73512pt.
) [31] [32 <./inc/img/4_2.jpg>]
\openout2 = `34-chapter-four.aux'.


(34-chapter-four.tex [33




]
(C:\Users\sychy\AppData\Roaming\MiKTeX\tex/latex/cyrillic\cp1251.def
File: cp1251.def 2014/10/28 v1.0d Input encoding file
)
(inc/src/5/l51.cs)
(C:\Users\sychy\AppData\Roaming\MiKTeX\tex/latex/cyrillic\cp1251.def
File: cp1251.def 2014/10/28 v1.0d Input encoding file
)
(inc/src/5/l52.cs [34])
(C:\Users\sychy\AppData\Roaming\MiKTeX\tex/latex/cyrillic\cp1251.def
File: cp1251.def 2014/10/28 v1.0d Input encoding file
)
(inc/src/5/l53.cs [35])
(C:\Users\sychy\AppData\Roaming\MiKTeX\tex/latex/cyrillic\cp1251.def
File: cp1251.def 2014/10/28 v1.0d Input encoding file
)
(inc/src/5/l54.cs [36])
(C:\Users\sychy\AppData\Roaming\MiKTeX\tex/latex/cyrillic\cp1251.def
File: cp1251.def 2014/10/28 v1.0d Input encoding file
)
(inc/src/5/l55.cs) [37]
(C:\Users\sychy\AppData\Roaming\MiKTeX\tex/latex/cyrillic\cp1251.def
File: cp1251.def 2014/10/28 v1.0d Input encoding file
)
(inc/src/5/l56.cs)
(C:\Users\sychy\AppData\Roaming\MiKTeX\tex/latex/cyrillic\cp1251.def
File: cp1251.def 2014/10/28 v1.0d Input encoding file
)
(inc/src/5/l57.cs)
(C:\Users\sychy\AppData\Roaming\MiKTeX\tex/latex/cyrillic\cp1251.def
File: cp1251.def 2014/10/28 v1.0d Input encoding file
)
(inc/src/5/l58.cs [38])
(C:\Users\sychy\AppData\Roaming\MiKTeX\tex/latex/cyrillic\cp1251.def
File: cp1251.def 2014/10/28 v1.0d Input encoding file
)
(inc/src/5/l59.cs) [39]
(C:\Users\sychy\AppData\Roaming\MiKTeX\tex/latex/cyrillic\cp1251.def
File: cp1251.def 2014/10/28 v1.0d Input encoding file
)
(inc/src/5/l510.cs)
(C:\Users\sychy\AppData\Roaming\MiKTeX\tex/latex/cyrillic\cp1251.def
File: cp1251.def 2014/10/28 v1.0d Input encoding file
)
(inc/src/5/l511.cs [40]) [41]
(C:\Users\sychy\AppData\Roaming\MiKTeX\tex/latex/cyrillic\cp1251.def
File: cp1251.def 2014/10/28 v1.0d Input encoding file
)
(inc/src/5/l512.cs [42])
Underfull \hbox (badness 5607) in paragraph at lines 71--72
[]\T2A/cmr/m/n/12 ѕолученные классы дл€ параметров можно использовать в
 классе
 []

(C:\Users\sychy\AppData\Roaming\MiKTeX\tex/latex/cyrillic\cp1251.def
File: cp1251.def 2014/10/28 v1.0d Input encoding file
)
(inc/src/5/l513.cs [43])
(C:\Users\sychy\AppData\Roaming\MiKTeX\tex/latex/cyrillic\cp1251.def
File: cp1251.def 2014/10/28 v1.0d Input encoding file
)
(inc/src/5/l514.cs)) [44] [45]
\openout2 = `4-conclusion.aux'.

 (4-conclusion.tex) [46




]
\openout2 = `5-biblio.aux'.

 (5-biblio.tex
(0-main.bbl (C:\Users\sychy\AppData\Roaming\MiKTeX\tex/latex/ucs\uni-32.def
File: uni-32.def 2013/05/13 UCS: Unicode data U+2000..U+20FF
)
LaTeX Font Info:    Trying to load font information for T2A+cmtt on input line 
30.

(C:\Users\sychy\AppData\Roaming\MiKTeX\tex/latex/cyrillic\t2acmtt.fd
File: t2acmtt.fd 2001/08/11 v1.0a Computer Modern Cyrillic font definitions
)
Underfull \hbox (badness 2469) in paragraph at lines 26--31
[]\T2A/cmr/m/n/12 Cryptanalysis of the GOST Hash Function / Christian Rechbe
rger,
 []


Underfull \hbox (badness 4001) in paragraph at lines 26--31
\T2A/cmr/m/n/12 ресурс]. ---  URL: [][]$\T2A/cmtt/m/n/12 https : / / online . t
u-[]graz . ac . at / tug _ online / voe _ main2 .
 []

[47




])) [48]
\openout2 = `61-appendix.aux'.

 (61-appendix.tex
(C:\Users\sychy\AppData\Roaming\MiKTeX\tex/latex/cyrillic\cp1251.def
File: cp1251.def 2014/10/28 v1.0d Input encoding file
)
(inc/src/appendix/A1.cs [49




] [50] [51] [52] [53] [54] [55] [56] [57] [58]
[59]) [60]
<inc/img/b1.jpg, id=1737, 603.75563pt x 170.13562pt>
File: inc/img/b1.jpg Graphic file (type jpg)
<use inc/img/b1.jpg>
Package pdftex.def Info: inc/img/b1.jpg  used on input line 7.
(pdftex.def)             Requested size: 455.24411pt x 128.28415pt.

Overfull \hbox (1.94385pt too wide) in paragraph at lines 17--21
\OML/cmm/m/it/12 F \OT1/cmr/m/n/12 = $\T2A/cmtt/m/n/12 303132333435363738393031
3233343536373839303132333435363738393031323334 
 []


Overfull \hbox (3.34427pt too wide) in paragraph at lines 17--21
\OML/cmm/m/it/12 H[] \OT1/cmr/m/n/12 = $\T2A/cmtt/m/n/12 1B54D01A4AF5B9D5CC3D86
D68D285462B19ABC2475222F35C085122BE4BA1FFA00AD 
 []


Overfull \hbox (1.94385pt too wide) in paragraph at lines 22--26
\OML/cmm/m/it/12 F \OT1/cmr/m/n/12 = $\T2A/cmtt/m/n/12 D1E520E2E5F2F0E82C20D1F2
F0E8E1EEE6E820E2EDF3F6E82C20E2E5FEF2FA20F120EC 
 []


Overfull \hbox (1.59433pt too wide) in paragraph at lines 22--26
\T2A/cmtt/m/n/12 EEF0FF20F1F2F0E5EBE0ECE820EDE020F5F0E0E1F0FBFF20EFEBFAEAFB20C8
E3EEF0E5E2FB 
 []


Overfull \hbox (3.34427pt too wide) in paragraph at lines 22--26
\OML/cmm/m/it/12 H[] \OT1/cmr/m/n/12 = $\T2A/cmtt/m/n/12 1E88E62226BFCA6F9994F1
F2D51569E0DAF8475A3B0FE61A5300EEE46D961376035F 
 []


Overfull \hbox (1.94385pt too wide) in paragraph at lines 27--31
\OML/cmm/m/it/12 F \OT1/cmr/m/n/12 = $\T2A/cmtt/m/n/12 4FEF841A4CD8ED40C398991B
0B18CFF540B766FC56A590BA633C47F97ADA4A83943140 
 []


Overfull \hbox (1.59433pt too wide) in paragraph at lines 27--31
\T2A/cmtt/m/n/12 C527AD134A7C3E45DCC9D2BC81D052CC35408B0BAA5EC9B71090F4C5E84D16
87D9D809CE92 
 []


Overfull \hbox (1.59433pt too wide) in paragraph at lines 27--31
\T2A/cmtt/m/n/12 A41C80175FB3F19080C528270E1442082695675DF603B988785C8EB24BE2A9
C7843991230B 
 []


Overfull \hbox (3.34427pt too wide) in paragraph at lines 27--31
\OML/cmm/m/it/12 H[] \OT1/cmr/m/n/12 = $\T2A/cmtt/m/n/12 DCB9FE9BB8D270771DFF3D
AEEBB48D7E86D17600DCEBA5240BC87297D093C1FCC1BE 
 []

[61

 <./inc/img/b1.jpg>]
Overfull \hbox (1.94385pt too wide) in paragraph at lines 32--36
\OML/cmm/m/it/12 F \OT1/cmr/m/n/12 = $\T2A/cmtt/m/n/12 84D074EEBCDB8255DECC2E66
24139CF1C01354488699E0F1AE6AF904B5B48180F7E6EC 
 []


Overfull \hbox (1.59433pt too wide) in paragraph at lines 32--36
\T2A/cmtt/m/n/12 CB2C743BC37FCF60796FB53D9038925EE9DF0135EBEF824052E17DA0294AAE
6E3D27D1C54C 
 []


Overfull \hbox (3.34427pt too wide) in paragraph at lines 32--36
\OML/cmm/m/it/12 H[] \OT1/cmr/m/n/12 = $\T2A/cmtt/m/n/12 AE9E06B039BCE6F640ADA7
CB7B18D344C39BBD84F1812B84CF0CC23A58D585123B6A 
 []


Overfull \hbox (1.94385pt too wide) in paragraph at lines 37--41
\OML/cmm/m/it/12 F \OT1/cmr/m/n/12 = $\T2A/cmtt/m/n/12 47FF6967CC12114E397EB188
00472578B07CD3B20D788B26F51B17EFADC6880338C0B1 
 []


Overfull \hbox (1.59433pt too wide) in paragraph at lines 37--41
\T2A/cmtt/m/n/12 2DFF6556438651BC334F53A8EDC36A51B2627CB3CE734272B0FA21A172F5AE
4F4095F8784B 
 []


Overfull \hbox (3.34427pt too wide) in paragraph at lines 37--41
\OML/cmm/m/it/12 H[] \OT1/cmr/m/n/12 = $\T2A/cmtt/m/n/12 44A6329382D6970D77ABD8
F49CC11E3CA82E8F845F87684EA18981A9F27E87B729BC 
 []


Overfull \hbox (1.94385pt too wide) in paragraph at lines 42--46
\OML/cmm/m/it/12 F \OT1/cmr/m/n/12 = $\T2A/cmtt/m/n/12 B9BCF3A54965B04A3DA10468
57CBF1058CD250F7121A6BD13DCFF55DFC1F0D9232B23E 
 []


Overfull \hbox (1.59433pt too wide) in paragraph at lines 42--46
\T2A/cmtt/m/n/12 BB577F46C60A711B369C0BD361516F49CE6B15D19E512268796F524D1D9372
35A58C36AD0C 
 []


Overfull \hbox (3.34427pt too wide) in paragraph at lines 42--46
\OML/cmm/m/it/12 H[] \OT1/cmr/m/n/12 = $\T2A/cmtt/m/n/12 8EE49C5B382AA3F48334D9
5258DEED51BC0BC682243CAAAF1562EA101C888A01FFEA 
 []


Overfull \hbox (1.94385pt too wide) in paragraph at lines 47--51
\OML/cmm/m/it/12 F \OT1/cmr/m/n/12 = $\T2A/cmtt/m/n/12 D62ED41AC13D43E028309F1B
ED367DDA46C047554B17C4ECCC78F4BE33357C00930B5C 
 []


Overfull \hbox (1.59433pt too wide) in paragraph at lines 47--51
\T2A/cmtt/m/n/12 CEBFF1CB98FB45F4B0004F47E1507C7163B74DDEBE69E84E494885ADF3B39E
87E2DAAF1A55 
 []


Overfull \hbox (3.34427pt too wide) in paragraph at lines 47--51
\OML/cmm/m/it/12 H[] \OT1/cmr/m/n/12 = $\T2A/cmtt/m/n/12 381F13407000C4A931BF35
35831826E354D17BBDCFE070A46BC3D71C62393A5A5270 
 []


Overfull \hbox (1.94385pt too wide) in paragraph at lines 52--57
\OML/cmm/m/it/12 F \OT1/cmr/m/n/12 = $\T2A/cmtt/m/n/12 FC62C76507A0611B6F08F3D8
9B55FDD1183517F52F9B5441B53C4A43B2725EE36C2117 
 []


Overfull \hbox (1.59433pt too wide) in paragraph at lines 52--57
\T2A/cmtt/m/n/12 88B5CB0CCD56A7A9415254020ED9D1691A5FA3D1610D85AFCA551D69FCA90F
6B793D751B4C 
 []


Overfull \hbox (3.34427pt too wide) in paragraph at lines 52--57
\OML/cmm/m/it/12 H[] \OT1/cmr/m/n/12 = $\T2A/cmtt/m/n/12 0CF1E8DB676B4219389D6A
033C39327402EB38A45EF9166B901DE6E8889C26E06AD7 
 []

[62] (C:\Users\sychy\AppData\Roaming\MiKTeX\tex/latex/cyrillic\cp1251.def
File: cp1251.def 2014/10/28 v1.0d Input encoding file
)
(inc/src/appendix/V1.cs [63

] [64] [65] [66] [67] [68]) [69]
<inc/img/g1.png, id=2034, 603.75563pt x 356.0803pt>
File: inc/img/g1.png Graphic file (type png)
<use inc/img/g1.png>
Package pdftex.def Info: inc/img/g1.png  used on input line 63.
(pdftex.def)             Requested size: 455.24411pt x 268.48854pt.
<inc/img/g2.png, id=2037, 871.00406pt x 393.72093pt>
File: inc/img/g2.png Graphic file (type png)
<use inc/img/g2.png>
Package pdftex.def Info: inc/img/g2.png  used on input line 71.
(pdftex.def)             Requested size: 409.71692pt x 185.20506pt.
<inc/img/g3.png, id=2038, 603.75563pt x 249.93375pt>
File: inc/img/g3.png Graphic file (type png)
<use inc/img/g3.png>
Package pdftex.def Info: inc/img/g3.png  used on input line 79.
(pdftex.def)             Requested size: 455.24411pt x 188.45284pt.
 [70

 <./inc/img/g1.png> <./inc/img/g2.png>]
<inc/img/g4.png, id=2048, 976.39781pt x 182.18062pt>
File: inc/img/g4.png Graphic file (type png)
<use inc/img/g4.png>
Package pdftex.def Info: inc/img/g4.png  used on input line 93.
(pdftex.def)             Requested size: 409.71692pt x 76.44583pt.

Overfull \hbox (1.94385pt too wide) in paragraph at lines 86--96
\OML/cmm/m/it/12 F \OT1/cmr/m/n/12 = $\T2A/cmtt/m/n/12 D1E520E2E5F2F0E82C20D1F2
F0E8E1EEE6E820E2EDF3F6E82C20E2E5FEF2FA20F120EC 
 []


Overfull \hbox (1.59433pt too wide) in paragraph at lines 86--96
\T2A/cmtt/m/n/12 EEF0FF20F1F2F0E5EBE0ECE820EDE020F5F0E0E1F0FBFF20EFEBFAEAFB20C8
E3EEF0E5E2FB 
 []

<inc/img/g5.png, id=2050, 603.75563pt x 289.83281pt>
File: inc/img/g5.png Graphic file (type png)
<use inc/img/g5.png>
Package pdftex.def Info: inc/img/g5.png  used on input line 101.
(pdftex.def)             Requested size: 409.71692pt x 196.68567pt.
[71 <./inc/img/g3.png> <./inc/img/g4.png>]
<inc/img/g6.png, id=2060, 94.10156pt x 100.12407pt>
File: inc/img/g6.png Graphic file (type png)
<use inc/img/g6.png>
Package pdftex.def Info: inc/img/g6.png  used on input line 109.
(pdftex.def)             Requested size: 91.04742pt x 96.88188pt.
<inc/img/g7.png, id=2062, 104.64093pt x 100.12407pt>
File: inc/img/g7.png Graphic file (type png)
<use inc/img/g7.png>
Package pdftex.def Info: inc/img/g7.png  used on input line 121.
(pdftex.def)             Requested size: 104.7042pt x 100.18338pt.

Overfull \hbox (14.29083pt too wide) in paragraph at lines 114--124
\OML/cmm/m/it/12 F \OT1/cmr/m/n/12 = $\T2A/cmtt/m/n/12 01D1E520E2E5F2F0E82C20D1
F2F0E8E1EEE6E820E2EDF3F6E82C20E2E5FEF2FA20F120EC 
 []


Overfull \hbox (7.76782pt too wide) in paragraph at lines 114--124
\T2A/cmtt/m/n/12 EEF0FF20F1F2F0E5EBE0ECE820EDE020F5F0E0E1F0FBFF20EFEBFAEAFB20C8
E3EEF0E5E2FB. 
 []

) [72 <./inc/img/g5.png> <./inc/img/g6.png> <./inc/img/g7.png>] (0-main.aux
(11-title-page.aux) (2-intro.aux) (30-terms.aux) (31-chapter-one.aux)
(32-chapter-two.aux) (33-chapter-three.aux) (34-chapter-four.aux)
(4-conclusion.aux) (5-biblio.aux) (61-appendix.aux))
Package rerunfilecheck Info: File `0-main.out' has not changed.
(rerunfilecheck)             Checksum: 907C1C7C1678998B6AE4313663DC2E8E;7726.


LaTeX Font Warning: Some font shapes were not available, defaults substituted.


LaTeX Warning: There were multiply-defined labels.

 ) 
Here is how much of TeX's memory you used:
 20345 strings out of 479798
 296995 string characters out of 2879540
 1417038 words of memory out of 3000000
 35113 multiletter control sequences out of 15000+200000
 552038 words of font info for 68 fonts, out of 3000000 for 9000
 1141 hyphenation exceptions out of 8191
 93i,16n,98p,1422b,2326s stack positions out of 5000i,500n,10000p,200000b,50000s
 <C:\Users\sychy\AppData\Local\MiKTeX\fonts/pk/ljfour/lh/lh-t2a/dpi600\lati12
00.pk> <C:\Users\sychy\AppData\Local\MiKTeX\fonts/pk/ljfour/lh/lh-t2a/dpi600\la
tt1200.pk> <C:\Users\sychy\AppData\Local\MiKTeX\fonts/pk/ljfour/jknappen/ec/dpi
600\tcss1095.pk> <C:\Users\sychy\AppData\Local\MiKTeX\fonts/pk/ljfour/lh/lh-t2a
/dpi600\lasx1095.pk> <C:\Users\sychy\AppData\Local\MiKTeX\fonts/pk/ljfour/lh/lh
-t2a/dpi600\lass1095.pk> <C:\Users\sychy\AppData\Local\MiKTeX\fonts/pk/ljfour/l
h/lh-t2a/dpi600\larm0600.pk> <C:\Users\sychy\AppData\Local\MiKTeX\fonts/pk/ljfo
ur/lh/lh-t2a/dpi600\labx1200.pk> <C:\Users\sychy\AppData\Local\MiKTeX\fonts/pk/
ljfour/lh/lh-t2a/dpi600\labx1440.pk> <C:\Users\sychy\AppData\Local\MiKTeX\fonts
/pk/ljfour/lh/lh-t2a/dpi600\larm1200.pk> <C:\Users\sychy\AppData\Local\MiKTeX\f
onts/pk/ljfour/lh/lh-t2a/dpi600\labx1095.pk> <C:\Users\sychy\AppData\Local\MiKT
eX\fonts/pk/ljfour/lh/lh-t2a/dpi600\larm1000.pk> <C:\Users\sychy\AppData\Local\
MiKTeX\fonts/pk/ljfour/lh/lh-t2a/dpi600\larm1440.pk><C:/Program Files/MiKTeX/fo
nts/type1/public/amsfonts/cm/cmex10.pfb><C:/Program Files/MiKTeX/fonts/type1/pu
blic/amsfonts/cm/cmmi12.pfb><C:/Program Files/MiKTeX/fonts/type1/public/amsfont
s/cm/cmmi6.pfb><C:/Program Files/MiKTeX/fonts/type1/public/amsfonts/cm/cmmi8.pf
b><C:/Program Files/MiKTeX/fonts/type1/public/amsfonts/cm/cmr12.pfb><C:/Program
 Files/MiKTeX/fonts/type1/public/amsfonts/cm/cmr6.pfb><C:/Program Files/MiKTeX/
fonts/type1/public/amsfonts/cm/cmr8.pfb><C:/Program Files/MiKTeX/fonts/type1/pu
blic/amsfonts/cm/cmsy10.pfb><C:/Program Files/MiKTeX/fonts/type1/public/amsfont
s/cm/cmsy6.pfb><C:/Program Files/MiKTeX/fonts/type1/public/amsfonts/cm/cmsy8.pf
b><C:/Program Files/MiKTeX/fonts/type1/public/amsfonts/symbols/msam10.pfb><C:/P
rogram Files/MiKTeX/fonts/type1/public/amsfonts/symbols/msbm10.pfb>
Output written on 0-main.pdf (74 pages, 1452439 bytes).
PDF statistics:
 3076 PDF objects out of 3580 (max. 8388607)
 1624 named destinations out of 1728 (max. 500000)
 324 words of extra memory for PDF output out of 10000 (max. 10000000)

