This is pdfTeX, Version 3.14159265-2.6-1.40.20 (MiKTeX 2.9.7000 64-bit) (preloaded format=pdflatex 2019.4.13)  13 APR 2019 15:15
entering extended mode
**./2-intro.tex
(2-intro.tex
LaTeX2e <2018-12-01>
! Undefined control sequence.
l.1 \Introduction
                 
The control sequence at the end of the top line
of your error message was never \def'ed. If you have
misspelled it (e.g., `\hobx'), type `I' and the correct
spelling (e.g., `I\hbox'). Otherwise just continue,
and I'll forget about whatever was undefined.


! Package inputenc Error: Unicode character –í (U+0412)
(inputenc)                not set up for use with LaTeX.

See the inputenc package documentation for explanation.
Type  H <return>  for immediate help.
 ...                                              
                                                  
l.3 –í
      –≤–µ–¥–µ–Ω–∏–µ
You may provide a definition with
\DeclareUnicodeCharacter 


! Package inputenc Error: Unicode character –≤ (U+0432)
(inputenc)                not set up for use with LaTeX.

See the inputenc package documentation for explanation.
Type  H <return>  for immediate help.
 ...                                              
                                                  
l.3 –í–≤
        –µ–¥–µ–Ω–∏–µ
You may provide a definition with
\DeclareUnicodeCharacter 


! Package inputenc Error: Unicode character –µ (U+0435)
(inputenc)                not set up for use with LaTeX.

See the inputenc package documentation for explanation.
Type  H <return>  for immediate help.
 ...                                              
                                                  
l.3 –í–≤–µ
          –¥–µ–Ω–∏–µ
You may provide a definition with
\DeclareUnicodeCharacter 


! Package inputenc Error: Unicode character –¥ (U+0434)
(inputenc)                not set up for use with LaTeX.

See the inputenc package documentation for explanation.
Type  H <return>  for immediate help.
 ...                                              
                                                  
l.3 –í–≤–µ–¥
            –µ–Ω–∏–µ
You may provide a definition with
\DeclareUnicodeCharacter 


! Package inputenc Error: Unicode character –µ (U+0435)
(inputenc)                not set up for use with LaTeX.

See the inputenc package documentation for explanation.
Type  H <return>  for immediate help.
 ...                                              
                                                  
l.3 –í–≤–µ–¥–µ
              –Ω–∏–µ
You may provide a definition with
\DeclareUnicodeCharacter 


! Package inputenc Error: Unicode character –Ω (U+043D)
(inputenc)                not set up for use with LaTeX.

See the inputenc package documentation for explanation.
Type  H <return>  for immediate help.
 ...                                              
                                                  
l.3 –í–≤–µ–¥–µ–Ω
                –∏–µ
You may provide a definition with
\DeclareUnicodeCharacter 


! Package inputenc Error: Unicode character –∏ (U+0438)
(inputenc)                not set up for use with LaTeX.

See the inputenc package documentation for explanation.
Type  H <return>  for immediate help.
 ...                                              
                                                  
l.3 –í–≤–µ–¥–µ–Ω–∏
                  –µ
You may provide a definition with
\DeclareUnicodeCharacter 


! Package inputenc Error: Unicode character –µ (U+0435)
(inputenc)                not set up for use with LaTeX.

See the inputenc package documentation for explanation.
Type  H <return>  for immediate help.
 ...                                              
                                                  
l.3 –í–≤–µ–¥–µ–Ω–∏–µ
                    
You may provide a definition with
\DeclareUnicodeCharacter 


! Package inputenc Error: Unicode character –î (U+0414)
(inputenc)                not set up for use with LaTeX.

See the inputenc package documentation for explanation.
Type  H <return>  for immediate help.
 ...                                              
                                                  
l.4 –î
      –∞–Ω–Ω–∞—è —Ä–∞–±–æ—Ç–∞ –ø–æ—Å–≤—è—â–µ–Ω–∞ –≤–æ–ø—Ä–æ—Å–∞–º –æ–±—É—á–µ...

You may provide a definition with
\DeclareUnicodeCharacter 


! Package inputenc Error: Unicode character –∞ (U+0430)
(inputenc)                not set up for use with LaTeX.

See the inputenc package documentation for explanation.
Type  H <return>  for immediate help.
 ...                                              
                                                  
l.4 –î–∞
        –Ω–Ω–∞—è —Ä–∞–±–æ—Ç–∞ –ø–æ—Å–≤—è—â–µ–Ω–∞ –≤–æ–ø—Ä–æ—Å–∞–º –æ–±—É—á–µ...

You may provide a definition with
\DeclareUnicodeCharacter 


! Package inputenc Error: Unicode character –Ω (U+043D)
(inputenc)                not set up for use with LaTeX.

See the inputenc package documentation for explanation.
Type  H <return>  for immediate help.
 ...                                              
                                                  
l.4 –î–∞–Ω
          –Ω–∞—è —Ä–∞–±–æ—Ç–∞ –ø–æ—Å–≤—è—â–µ–Ω–∞ –≤–æ–ø—Ä–æ—Å–∞–º –æ–±—É—á–µ...

You may provide a definition with
\DeclareUnicodeCharacter 


! Package inputenc Error: Unicode character –Ω (U+043D)
(inputenc)                not set up for use with LaTeX.

See the inputenc package documentation for explanation.
Type  H <return>  for immediate help.
 ...                                              
                                                  
l.4 –î–∞–Ω–Ω
            –∞—è —Ä–∞–±–æ—Ç–∞ –ø–æ—Å–≤—è—â–µ–Ω–∞ –≤–æ–ø—Ä–æ—Å–∞–º –æ–±—É—á–µ...

You may provide a definition with
\DeclareUnicodeCharacter 


! Package inputenc Error: Unicode character –∞ (U+0430)
(inputenc)                not set up for use with LaTeX.

See the inputenc package documentation for explanation.
Type  H <return>  for immediate help.
 ...                                              
                                                  
l.4 –î–∞–Ω–Ω–∞
              —è —Ä–∞–±–æ—Ç–∞ –ø–æ—Å–≤—è—â–µ–Ω–∞ –≤–æ–ø—Ä–æ—Å–∞–º –æ–±—É—á–µ...

You may provide a definition with
\DeclareUnicodeCharacter 


! Package inputenc Error: Unicode character —è (U+044F)
(inputenc)                not set up for use with LaTeX.

See the inputenc package documentation for explanation.
Type  H <return>  for immediate help.
 ...                                              
                                                  
l.4 –î–∞–Ω–Ω–∞—è
                 —Ä–∞–±–æ—Ç–∞ –ø–æ—Å–≤—è—â–µ–Ω–∞ –≤–æ–ø—Ä–æ—Å–∞–º –æ–±—É—á–µ...

You may provide a definition with
\DeclareUnicodeCharacter 


! Package inputenc Error: Unicode character —Ä (U+0440)
(inputenc)                not set up for use with LaTeX.

See the inputenc package documentation for explanation.
Type  H <return>  for immediate help.
 ...                                              
                                                  
l.4 –î–∞–Ω–Ω–∞—è —Ä
                   –∞–±–æ—Ç–∞ –ø–æ—Å–≤—è—â–µ–Ω–∞ –≤–æ–ø—Ä–æ—Å–∞–º –æ–±—É—á–µ...

You may provide a definition with
\DeclareUnicodeCharacter 


! Package inputenc Error: Unicode character –∞ (U+0430)
(inputenc)                not set up for use with LaTeX.

See the inputenc package documentation for explanation.
Type  H <return>  for immediate help.
 ...                                              
                                                  
l.4 –î–∞–Ω–Ω–∞—è —Ä–∞
                     –±–æ—Ç–∞ –ø–æ—Å–≤—è—â–µ–Ω–∞ –≤–æ–ø—Ä–æ—Å–∞–º –æ–±—É—á–µ...

You may provide a definition with
\DeclareUnicodeCharacter 


! Package inputenc Error: Unicode character –± (U+0431)
(inputenc)                not set up for use with LaTeX.

See the inputenc package documentation for explanation.
Type  H <return>  for immediate help.
 ...                                              
                                                  
l.4 –î–∞–Ω–Ω–∞—è —Ä–∞–±
                       –æ—Ç–∞ –ø–æ—Å–≤—è—â–µ–Ω–∞ –≤–æ–ø—Ä–æ—Å–∞–º –æ–±—É—á–µ...

You may provide a definition with
\DeclareUnicodeCharacter 


! Package inputenc Error: Unicode character –æ (U+043E)
(inputenc)                not set up for use with LaTeX.

See the inputenc package documentation for explanation.
Type  H <return>  for immediate help.
 ...                                              
                                                  
l.4 –î–∞–Ω–Ω–∞—è —Ä–∞–±–æ
                         —Ç–∞ –ø–æ—Å–≤—è—â–µ–Ω–∞ –≤–æ–ø—Ä–æ—Å–∞–º –æ–±—É—á–µ...

You may provide a definition with
\DeclareUnicodeCharacter 


! Package inputenc Error: Unicode character —Ç (U+0442)
(inputenc)                not set up for use with LaTeX.

See the inputenc package documentation for explanation.
Type  H <return>  for immediate help.
 ...                                              
                                                  
l.4 –î–∞–Ω–Ω–∞—è —Ä–∞–±–æ—Ç
                           –∞ –ø–æ—Å–≤—è—â–µ–Ω–∞ –≤–æ–ø—Ä–æ—Å–∞–º –æ–±—É—á–µ...

You may provide a definition with
\DeclareUnicodeCharacter 


! Package inputenc Error: Unicode character –∞ (U+0430)
(inputenc)                not set up for use with LaTeX.

See the inputenc package documentation for explanation.
Type  H <return>  for immediate help.
 ...                                              
                                                  
l.4 –î–∞–Ω–Ω–∞—è —Ä–∞–±–æ—Ç–∞
                              –ø–æ—Å–≤—è—â–µ–Ω–∞ –≤–æ–ø—Ä–æ—Å–∞–º –æ–±—É—á–µ...

You may provide a definition with
\DeclareUnicodeCharacter 


! Package inputenc Error: Unicode character –ø (U+043F)
(inputenc)                not set up for use with LaTeX.

See the inputenc package documentation for explanation.
Type  H <return>  for immediate help.
 ...                                              
                                                  
l.4 –î–∞–Ω–Ω–∞—è —Ä–∞–±–æ—Ç–∞ –ø
                                –æ—Å–≤—è—â–µ–Ω–∞ –≤–æ–ø—Ä–æ—Å–∞–º –æ–±—É—á–µ...

You may provide a definition with
\DeclareUnicodeCharacter 


! Package inputenc Error: Unicode character –æ (U+043E)
(inputenc)                not set up for use with LaTeX.

See the inputenc package documentation for explanation.
Type  H <return>  for immediate help.
 ...                                              
                                                  
l.4 –î–∞–Ω–Ω–∞—è —Ä–∞–±–æ—Ç–∞ –ø–æ
                                  —Å–≤—è—â–µ–Ω–∞ –≤–æ–ø—Ä–æ—Å–∞–º –æ–±—É—á–µ...

You may provide a definition with
\DeclareUnicodeCharacter 


! Package inputenc Error: Unicode character —Å (U+0441)
(inputenc)                not set up for use with LaTeX.

See the inputenc package documentation for explanation.
Type  H <return>  for immediate help.
 ...                                              
                                                  
l.4 –î–∞–Ω–Ω–∞—è —Ä–∞–±–æ—Ç–∞ –ø–æ—Å
                                    –≤—è—â–µ–Ω–∞ –≤–æ–ø—Ä–æ—Å–∞–º –æ–±—É—á–µ...

You may provide a definition with
\DeclareUnicodeCharacter 


! Package inputenc Error: Unicode character –≤ (U+0432)
(inputenc)                not set up for use with LaTeX.

See the inputenc package documentation for explanation.
Type  H <return>  for immediate help.
 ...                                              
                                                  
l.4 –î–∞–Ω–Ω–∞—è —Ä–∞–±–æ—Ç–∞ –ø–æ—Å–≤
                                      —è—â–µ–Ω–∞ –≤–æ–ø—Ä–æ—Å–∞–º –æ–±—É—á–µ...

You may provide a definition with
\DeclareUnicodeCharacter 


! Package inputenc Error: Unicode character —è (U+044F)
(inputenc)                not set up for use with LaTeX.

See the inputenc package documentation for explanation.
Type  H <return>  for immediate help.
 ...                                              
                                                  
l.4 –î–∞–Ω–Ω–∞—è —Ä–∞–±–æ—Ç–∞ –ø–æ—Å–≤—è
                                        —â–µ–Ω–∞ –≤–æ–ø—Ä–æ—Å–∞–º –æ–±—É—á–µ...

You may provide a definition with
\DeclareUnicodeCharacter 


! Package inputenc Error: Unicode character —â (U+0449)
(inputenc)                not set up for use with LaTeX.

See the inputenc package documentation for explanation.
Type  H <return>  for immediate help.
 ...                                              
                                                  
l.4 –î–∞–Ω–Ω–∞—è —Ä–∞–±–æ—Ç–∞ –ø–æ—Å–≤—è—â
                                          –µ–Ω–∞ –≤–æ–ø—Ä–æ—Å–∞–º –æ–±—É—á–µ...

You may provide a definition with
\DeclareUnicodeCharacter 


! Package inputenc Error: Unicode character –µ (U+0435)
(inputenc)                not set up for use with LaTeX.

See the inputenc package documentation for explanation.
Type  H <return>  for immediate help.
 ...                                              
                                                  
l.4 –î–∞–Ω–Ω–∞—è —Ä–∞–±–æ—Ç–∞ –ø–æ—Å–≤—è—â–µ
                                            –Ω–∞ –≤–æ–ø—Ä–æ—Å–∞–º –æ–±—É—á–µ...

You may provide a definition with
\DeclareUnicodeCharacter 


! Package inputenc Error: Unicode character –Ω (U+043D)
(inputenc)                not set up for use with LaTeX.

See the inputenc package documentation for explanation.
Type  H <return>  for immediate help.
 ...                                              
                                                  
l.4 –î–∞–Ω–Ω–∞—è —Ä–∞–±–æ—Ç–∞ –ø–æ—Å–≤—è—â–µ–Ω
                                              –∞ –≤–æ–ø—Ä–æ—Å–∞–º –æ–±—É—á–µ...

You may provide a definition with
\DeclareUnicodeCharacter 


! Package inputenc Error: Unicode character –∞ (U+0430)
(inputenc)                not set up for use with LaTeX.

See the inputenc package documentation for explanation.
Type  H <return>  for immediate help.
 ...                                              
                                                  
l.4 –î–∞–Ω–Ω–∞—è —Ä–∞–±–æ—Ç–∞ –ø–æ—Å–≤—è—â–µ–Ω–∞
                                                 –≤–æ–ø—Ä–æ—Å–∞–º –æ–±—É—á–µ...

You may provide a definition with
\DeclareUnicodeCharacter 


! Package inputenc Error: Unicode character –≤ (U+0432)
(inputenc)                not set up for use with LaTeX.

See the inputenc package documentation for explanation.
Type  H <return>  for immediate help.
 ...                                              
                                                  
l.4 ...–Ω–Ω–∞—è —Ä–∞–±–æ—Ç–∞ –ø–æ—Å–≤—è—â–µ–Ω–∞ –≤
                                                  –æ–ø—Ä–æ—Å–∞–º –æ–±—É—á–µ–...

You may provide a definition with
\DeclareUnicodeCharacter 


! Package inputenc Error: Unicode character –æ (U+043E)
(inputenc)                not set up for use with LaTeX.

See the inputenc package documentation for explanation.
Type  H <return>  for immediate help.
 ...                                              
                                                  
l.4 ...–Ω–∞—è —Ä–∞–±–æ—Ç–∞ –ø–æ—Å–≤—è—â–µ–Ω–∞ –≤–æ
                                                  –ø—Ä–æ—Å–∞–º –æ–±—É—á–µ–Ω–...

You may provide a definition with
\DeclareUnicodeCharacter 


! Package inputenc Error: Unicode character –ø (U+043F)
(inputenc)                not set up for use with LaTeX.

See the inputenc package documentation for explanation.
Type  H <return>  for immediate help.
 ...                                              
                                                  
l.4 ...–∞—è —Ä–∞–±–æ—Ç–∞ –ø–æ—Å–≤—è—â–µ–Ω–∞ –≤–æ–ø
                                                  —Ä–æ—Å–∞–º –æ–±—É—á–µ–Ω–∏—...

You may provide a definition with
\DeclareUnicodeCharacter 


! Package inputenc Error: Unicode character —Ä (U+0440)
(inputenc)                not set up for use with LaTeX.

See the inputenc package documentation for explanation.
Type  H <return>  for immediate help.
 ...                                              
                                                  
l.4 ...—è —Ä–∞–±–æ—Ç–∞ –ø–æ—Å–≤—è—â–µ–Ω–∞ –≤–æ–ø—Ä
                                                  –æ—Å–∞–º –æ–±—É—á–µ–Ω–∏—è ...

You may provide a definition with
\DeclareUnicodeCharacter 


! Package inputenc Error: Unicode character –æ (U+043E)
(inputenc)                not set up for use with LaTeX.

See the inputenc package documentation for explanation.
Type  H <return>  for immediate help.
 ...                                              
                                                  
l.4 ... —Ä–∞–±–æ—Ç–∞ –ø–æ—Å–≤—è—â–µ–Ω–∞ –≤–æ–ø—Ä–æ
                                                  —Å–∞–º –æ–±—É—á–µ–Ω–∏—è –æ...

You may provide a definition with
\DeclareUnicodeCharacter 


! Package inputenc Error: Unicode character —Å (U+0441)
(inputenc)                not set up for use with LaTeX.

See the inputenc package documentation for explanation.
Type  H <return>  for immediate help.
 ...                                              
                                                  
l.4 ...Ä–∞–±–æ—Ç–∞ –ø–æ—Å–≤—è—â–µ–Ω–∞ –≤–æ–ø—Ä–æ—Å
                                                  –∞–º –æ–±—É—á–µ–Ω–∏—è –æ—Å...

You may provide a definition with
\DeclareUnicodeCharacter 


! Package inputenc Error: Unicode character –∞ (U+0430)
(inputenc)                not set up for use with LaTeX.

See the inputenc package documentation for explanation.
Type  H <return>  for immediate help.
 ...                                              
                                                  
l.4 ...∞–±–æ—Ç–∞ –ø–æ—Å–≤—è—â–µ–Ω–∞ –≤–æ–ø—Ä–æ—Å–∞
                                                  –º –æ–±—É—á–µ–Ω–∏—è –æ—Å–Ω...

You may provide a definition with
\DeclareUnicodeCharacter 


! Package inputenc Error: Unicode character –º (U+043C)
(inputenc)                not set up for use with LaTeX.

See the inputenc package documentation for explanation.
Type  H <return>  for immediate help.
 ...                                              
                                                  
l.4 ...±–æ—Ç–∞ –ø–æ—Å–≤—è—â–µ–Ω–∞ –≤–æ–ø—Ä–æ—Å–∞–º
                                                   –æ–±—É—á–µ–Ω–∏—è –æ—Å–Ω–æ...

You may provide a definition with
\DeclareUnicodeCharacter 


! Package inputenc Error: Unicode character –æ (U+043E)
(inputenc)                not set up for use with LaTeX.

See the inputenc package documentation for explanation.
Type  H <return>  for immediate help.
 ...                                              
                                                  
l.4 ...—Ç–∞ –ø–æ—Å–≤—è—â–µ–Ω–∞ –≤–æ–ø—Ä–æ—Å–∞–º –æ
                                                  –±—É—á–µ–Ω–∏—è –æ—Å–Ω–æ–≤–...

You may provide a definition with
\DeclareUnicodeCharacter 


! Package inputenc Error: Unicode character –± (U+0431)
(inputenc)                not set up for use with LaTeX.

See the inputenc package documentation for explanation.
Type  H <return>  for immediate help.
 ...                                              
                                                  
l.4 ...–∞ –ø–æ—Å–≤—è—â–µ–Ω–∞ –≤–æ–ø—Ä–æ—Å–∞–º –æ–±
                                                  —É—á–µ–Ω–∏—è –æ—Å–Ω–æ–≤–∞–...

You may provide a definition with
\DeclareUnicodeCharacter 


! Package inputenc Error: Unicode character —É (U+0443)
(inputenc)                not set up for use with LaTeX.

See the inputenc package documentation for explanation.
Type  H <return>  for immediate help.
 ...                                              
                                                  
l.4 ... –ø–æ—Å–≤—è—â–µ–Ω–∞ –≤–æ–ø—Ä–æ—Å–∞–º –æ–±—É
                                                  —á–µ–Ω–∏—è –æ—Å–Ω–æ–≤–∞–º ...

You may provide a definition with
\DeclareUnicodeCharacter 


! Package inputenc Error: Unicode character —á (U+0447)
(inputenc)                not set up for use with LaTeX.

See the inputenc package documentation for explanation.
Type  H <return>  for immediate help.
 ...                                              
                                                  
l.4 ...ø–æ—Å–≤—è—â–µ–Ω–∞ –≤–æ–ø—Ä–æ—Å–∞–º –æ–±—É—á
                                                  –µ–Ω–∏—è –æ—Å–Ω–æ–≤–∞–º –∫...

You may provide a definition with
\DeclareUnicodeCharacter 


! Package inputenc Error: Unicode character –µ (U+0435)
(inputenc)                not set up for use with LaTeX.

See the inputenc package documentation for explanation.
Type  H <return>  for immediate help.
 ...                                              
                                                  
l.4 ...æ—Å–≤—è—â–µ–Ω–∞ –≤–æ–ø—Ä–æ—Å–∞–º –æ–±—É—á–µ
                                                  –Ω–∏—è –æ—Å–Ω–æ–≤–∞–º –∫—Ä...

You may provide a definition with
\DeclareUnicodeCharacter 


! Package inputenc Error: Unicode character –Ω (U+043D)
(inputenc)                not set up for use with LaTeX.

See the inputenc package documentation for explanation.
Type  H <return>  for immediate help.
 ...                                              
                                                  
l.4 ...Å–≤—è—â–µ–Ω–∞ –≤–æ–ø—Ä–æ—Å–∞–º –æ–±—É—á–µ–Ω
                                                  –∏—è –æ—Å–Ω–æ–≤–∞–º –∫—Ä–∏...

You may provide a definition with
\DeclareUnicodeCharacter 


! Package inputenc Error: Unicode character –∏ (U+0438)
(inputenc)                not set up for use with LaTeX.

See the inputenc package documentation for explanation.
Type  H <return>  for immediate help.
 ...                                              
                                                  
l.4 ...≤—è—â–µ–Ω–∞ –≤–æ–ø—Ä–æ—Å–∞–º –æ–±—É—á–µ–Ω–∏
                                                  —è –æ—Å–Ω–æ–≤–∞–º –∫—Ä–∏–ø...

You may provide a definition with
\DeclareUnicodeCharacter 


! Package inputenc Error: Unicode character —è (U+044F)
(inputenc)                not set up for use with LaTeX.

See the inputenc package documentation for explanation.
Type  H <return>  for immediate help.
 ...                                              
                                                  
l.4 ...è—â–µ–Ω–∞ –≤–æ–ø—Ä–æ—Å–∞–º –æ–±—É—á–µ–Ω–∏—è
                                                   –æ—Å–Ω–æ–≤–∞–º –∫—Ä–∏–ø—Ç...

You may provide a definition with
\DeclareUnicodeCharacter 


! Package inputenc Error: Unicode character –æ (U+043E)
(inputenc)                not set up for use with LaTeX.

See the inputenc package documentation for explanation.
Type  H <return>  for immediate help.
 ...                                              
                                                  
l.4 ...–µ–Ω–∞ –≤–æ–ø—Ä–æ—Å–∞–º –æ–±—É—á–µ–Ω–∏—è –æ
                                                  —Å–Ω–æ–≤–∞–º –∫—Ä–∏–ø—Ç–æ–...

You may provide a definition with
\DeclareUnicodeCharacter 


! Package inputenc Error: Unicode character —Å (U+0441)
(inputenc)                not set up for use with LaTeX.

See the inputenc package documentation for explanation.
Type  H <return>  for immediate help.
 ...                                              
                                                  
l.4 ...–Ω–∞ –≤–æ–ø—Ä–æ—Å–∞–º –æ–±—É—á–µ–Ω–∏—è –æ—Å
                                                  –Ω–æ–≤–∞–º –∫—Ä–∏–ø—Ç–æ–≥—...

You may provide a definition with
\DeclareUnicodeCharacter 


! Package inputenc Error: Unicode character –Ω (U+043D)
(inputenc)                not set up for use with LaTeX.

See the inputenc package documentation for explanation.
Type  H <return>  for immediate help.
 ...                                              
                                                  
l.4 ...–∞ –≤–æ–ø—Ä–æ—Å–∞–º –æ–±—É—á–µ–Ω–∏—è –æ—Å–Ω
                                                  –æ–≤–∞–º –∫—Ä–∏–ø—Ç–æ–≥—Ä–...

You may provide a definition with
\DeclareUnicodeCharacter 


! Package inputenc Error: Unicode character –æ (U+043E)
(inputenc)                not set up for use with LaTeX.

See the inputenc package documentation for explanation.
Type  H <return>  for immediate help.
 ...                                              
                                                  
l.4 ... –≤–æ–ø—Ä–æ—Å–∞–º –æ–±—É—á–µ–Ω–∏—è –æ—Å–Ω–æ
                                                  –≤–∞–º –∫—Ä–∏–ø—Ç–æ–≥—Ä–∞—...

You may provide a definition with
\DeclareUnicodeCharacter 


! Package inputenc Error: Unicode character –≤ (U+0432)
(inputenc)                not set up for use with LaTeX.

See the inputenc package documentation for explanation.
Type  H <return>  for immediate help.
 ...                                              
                                                  
l.4 ...≤–æ–ø—Ä–æ—Å–∞–º –æ–±—É—á–µ–Ω–∏—è –æ—Å–Ω–æ–≤
                                                  –∞–º –∫—Ä–∏–ø—Ç–æ–≥—Ä–∞—Ñ–...

You may provide a definition with
\DeclareUnicodeCharacter 


! Package inputenc Error: Unicode character –∞ (U+0430)
(inputenc)                not set up for use with LaTeX.

See the inputenc package documentation for explanation.
Type  H <return>  for immediate help.
 ...                                              
                                                  
l.4 ...æ–ø—Ä–æ—Å–∞–º –æ–±—É—á–µ–Ω–∏—è –æ—Å–Ω–æ–≤–∞
                                                  –º –∫—Ä–∏–ø—Ç–æ–≥—Ä–∞—Ñ–∏–...

You may provide a definition with
\DeclareUnicodeCharacter 


! Package inputenc Error: Unicode character –º (U+043C)
(inputenc)                not set up for use with LaTeX.

See the inputenc package documentation for explanation.
Type  H <return>  for immediate help.
 ...                                              
                                                  
l.4 ...ø—Ä–æ—Å–∞–º –æ–±—É—á–µ–Ω–∏—è –æ—Å–Ω–æ–≤–∞–º
                                                   –∫—Ä–∏–ø—Ç–æ–≥—Ä–∞—Ñ–∏–∏,...

You may provide a definition with
\DeclareUnicodeCharacter 


! Package inputenc Error: Unicode character –∫ (U+043A)
(inputenc)                not set up for use with LaTeX.

See the inputenc package documentation for explanation.
Type  H <return>  for immediate help.
 ...                                              
                                                  
l.4 ...–æ—Å–∞–º –æ–±—É—á–µ–Ω–∏—è –æ—Å–Ω–æ–≤–∞–º –∫
                                                  —Ä–∏–ø—Ç–æ–≥—Ä–∞—Ñ–∏–∏, –≤...

You may provide a definition with
\DeclareUnicodeCharacter 


! Package inputenc Error: Unicode character —Ä (U+0440)
(inputenc)                not set up for use with LaTeX.

See the inputenc package documentation for explanation.
Type  H <return>  for immediate help.
 ...                                              
                                                  
l.4 ...—Å–∞–º –æ–±—É—á–µ–Ω–∏—è –æ—Å–Ω–æ–≤–∞–º –∫—Ä
                                                  –∏–ø—Ç–æ–≥—Ä–∞—Ñ–∏–∏, –≤ —...

You may provide a definition with
\DeclareUnicodeCharacter 


! Package inputenc Error: Unicode character –∏ (U+0438)
(inputenc)                not set up for use with LaTeX.

See the inputenc package documentation for explanation.
Type  H <return>  for immediate help.
 ...                                              
                                                  
l.4 ...–∞–º –æ–±—É—á–µ–Ω–∏—è –æ—Å–Ω–æ–≤–∞–º –∫—Ä–∏
                                                  –ø—Ç–æ–≥—Ä–∞—Ñ–∏–∏, –≤ —á–...

You may provide a definition with
\DeclareUnicodeCharacter 


! Package inputenc Error: Unicode character –ø (U+043F)
(inputenc)                not set up for use with LaTeX.

See the inputenc package documentation for explanation.
Type  H <return>  for immediate help.
 ...                                              
                                                  
l.4 ...–º –æ–±—É—á–µ–Ω–∏—è –æ—Å–Ω–æ–≤–∞–º –∫—Ä–∏–ø
                                                  —Ç–æ–≥—Ä–∞—Ñ–∏–∏, –≤ —á–∞—...

You may provide a definition with
\DeclareUnicodeCharacter 


! Package inputenc Error: Unicode character —Ç (U+0442)
(inputenc)                not set up for use with LaTeX.

See the inputenc package documentation for explanation.
Type  H <return>  for immediate help.
 ...                                              
                                                  
l.4 ... –æ–±—É—á–µ–Ω–∏—è –æ—Å–Ω–æ–≤–∞–º –∫—Ä–∏–ø—Ç
                                                  –æ–≥—Ä–∞—Ñ–∏–∏, –≤ —á–∞—Å—...

You may provide a definition with
\DeclareUnicodeCharacter 


! Package inputenc Error: Unicode character –æ (U+043E)
(inputenc)                not set up for use with LaTeX.

See the inputenc package documentation for explanation.
Type  H <return>  for immediate help.
 ...                                              
                                                  
l.4 ...æ–±—É—á–µ–Ω–∏—è –æ—Å–Ω–æ–≤–∞–º –∫—Ä–∏–ø—Ç–æ
                                                  –≥—Ä–∞—Ñ–∏–∏, –≤ —á–∞—Å—Ç–...

You may provide a definition with
\DeclareUnicodeCharacter 


! Package inputenc Error: Unicode character –≥ (U+0433)
(inputenc)                not set up for use with LaTeX.

See the inputenc package documentation for explanation.
Type  H <return>  for immediate help.
 ...                                              
                                                  
l.4 ...±—É—á–µ–Ω–∏—è –æ—Å–Ω–æ–≤–∞–º –∫—Ä–∏–ø—Ç–æ–≥
                                                  —Ä–∞—Ñ–∏–∏, –≤ —á–∞—Å—Ç–Ω–...

You may provide a definition with
\DeclareUnicodeCharacter 


! Package inputenc Error: Unicode character —Ä (U+0440)
(inputenc)                not set up for use with LaTeX.

See the inputenc package documentation for explanation.
Type  H <return>  for immediate help.
 ...                                              
                                                  
l.4 ...É—á–µ–Ω–∏—è –æ—Å–Ω–æ–≤–∞–º –∫—Ä–∏–ø—Ç–æ–≥—Ä
                                                  –∞—Ñ–∏–∏, –≤ —á–∞—Å—Ç–Ω–æ—...

You may provide a definition with
\DeclareUnicodeCharacter 


! Package inputenc Error: Unicode character –∞ (U+0430)
(inputenc)                not set up for use with LaTeX.

See the inputenc package documentation for explanation.
Type  H <return>  for immediate help.
 ...                                              
                                                  
l.4 ...á–µ–Ω–∏—è –æ—Å–Ω–æ–≤–∞–º –∫—Ä–∏–ø—Ç–æ–≥—Ä–∞
                                                  —Ñ–∏–∏, –≤ —á–∞—Å—Ç–Ω–æ—Å—...

You may provide a definition with
\DeclareUnicodeCharacter 


! Package inputenc Error: Unicode character —Ñ (U+0444)
(inputenc)                not set up for use with LaTeX.

See the inputenc package documentation for explanation.
Type  H <return>  for immediate help.
 ...                                              
                                                  
l.4 ...µ–Ω–∏—è –æ—Å–Ω–æ–≤–∞–º –∫—Ä–∏–ø—Ç–æ–≥—Ä–∞—Ñ
                                                  –∏–∏, –≤ —á–∞—Å—Ç–Ω–æ—Å—Ç–...

You may provide a definition with
\DeclareUnicodeCharacter 


! Package inputenc Error: Unicode character –∏ (U+0438)
(inputenc)                not set up for use with LaTeX.

See the inputenc package documentation for explanation.
Type  H <return>  for immediate help.
 ...                                              
                                                  
l.4 ...Ω–∏—è –æ—Å–Ω–æ–≤–∞–º –∫—Ä–∏–ø—Ç–æ–≥—Ä–∞—Ñ–∏
                                                  –∏, –≤ —á–∞—Å—Ç–Ω–æ—Å—Ç–∏ ...

You may provide a definition with
\DeclareUnicodeCharacter 


! Package inputenc Error: Unicode character –∏ (U+0438)
(inputenc)                not set up for use with LaTeX.

See the inputenc package documentation for explanation.
Type  H <return>  for immediate help.
 ...                                              
                                                  
l.4 ...∏—è –æ—Å–Ω–æ–≤–∞–º –∫—Ä–∏–ø—Ç–æ–≥—Ä–∞—Ñ–∏–∏
                                                  , –≤ —á–∞—Å—Ç–Ω–æ—Å—Ç–∏ –∞...

You may provide a definition with
\DeclareUnicodeCharacter 


! LaTeX Error: Missing \begin{document}.

See the LaTeX manual or LaTeX Companion for explanation.
Type  H <return>  for immediate help.
 ...                                              
                                                  
l.4 ...—è –æ—Å–Ω–æ–≤–∞–º –∫—Ä–∏–ø—Ç–æ–≥—Ä–∞—Ñ–∏–∏,
                                                   –≤ —á–∞—Å—Ç–Ω–æ—Å—Ç–∏ –∞—...

You're in trouble here.  Try typing  <return>  to proceed.
If that doesn't work, type  X <return>  to quit.

Missing character: There is no , in font nullfont!

! Package inputenc Error: Unicode character –≤ (U+0432)
(inputenc)                not set up for use with LaTeX.

See the inputenc package documentation for explanation.
Type  H <return>  for immediate help.
 ...                                              
                                                  
l.4 ...–æ—Å–Ω–æ–≤–∞–º –∫—Ä–∏–ø—Ç–æ–≥—Ä–∞—Ñ–∏–∏, –≤
                                                   —á–∞—Å—Ç–Ω–æ—Å—Ç–∏ –∞—Ñ—Ñ...

You may provide a definition with
\DeclareUnicodeCharacter 


! Package inputenc Error: Unicode character —á (U+0447)
(inputenc)                not set up for use with LaTeX.

See the inputenc package documentation for explanation.
Type  H <return>  for immediate help.
 ...                                              
                                                  
l.4 ...Å–Ω–æ–≤–∞–º –∫—Ä–∏–ø—Ç–æ–≥—Ä–∞—Ñ–∏–∏, –≤ —á
                                                  –∞—Å—Ç–Ω–æ—Å—Ç–∏ –∞—Ñ—Ñ–∏–...

You may provide a definition with
\DeclareUnicodeCharacter 


! Package inputenc Error: Unicode character –∞ (U+0430)
(inputenc)                not set up for use with LaTeX.

See the inputenc package documentation for explanation.
Type  H <return>  for immediate help.
 ...                                              
                                                  
l.4 ...Ω–æ–≤–∞–º –∫—Ä–∏–ø—Ç–æ–≥—Ä–∞—Ñ–∏–∏, –≤ —á–∞
                                                  —Å—Ç–Ω–æ—Å—Ç–∏ –∞—Ñ—Ñ–∏–Ω–...

You may provide a definition with
\DeclareUnicodeCharacter 


! Package inputenc Error: Unicode character —Å (U+0441)
(inputenc)                not set up for use with LaTeX.

See the inputenc package documentation for explanation.
Type  H <return>  for immediate help.
 ...                                              
                                                  
l.4 ...æ–≤–∞–º –∫—Ä–∏–ø—Ç–æ–≥—Ä–∞—Ñ–∏–∏, –≤ —á–∞—Å
                                                  —Ç–Ω–æ—Å—Ç–∏ –∞—Ñ—Ñ–∏–Ω–Ω–...

You may provide a definition with
\DeclareUnicodeCharacter 


! Package inputenc Error: Unicode character —Ç (U+0442)
(inputenc)                not set up for use with LaTeX.

See the inputenc package documentation for explanation.
Type  H <return>  for immediate help.
 ...                                              
                                                  
l.4 ...≤–∞–º –∫—Ä–∏–ø—Ç–æ–≥—Ä–∞—Ñ–∏–∏, –≤ —á–∞—Å—Ç
                                                  –Ω–æ—Å—Ç–∏ –∞—Ñ—Ñ–∏–Ω–Ω–æ–...

You may provide a definition with
\DeclareUnicodeCharacter 


! Package inputenc Error: Unicode character –Ω (U+043D)
(inputenc)                not set up for use with LaTeX.

See the inputenc package documentation for explanation.
Type  H <return>  for immediate help.
 ...                                              
                                                  
l.4 ...∞–º –∫—Ä–∏–ø—Ç–æ–≥—Ä–∞—Ñ–∏–∏, –≤ —á–∞—Å—Ç–Ω
                                                  –æ—Å—Ç–∏ –∞—Ñ—Ñ–∏–Ω–Ω–æ–º—...

You may provide a definition with
\DeclareUnicodeCharacter 


! Package inputenc Error: Unicode character –æ (U+043E)
(inputenc)                not set up for use with LaTeX.

See the inputenc package documentation for explanation.
Type  H <return>  for immediate help.
 ...                                              
                                                  
l.4 ...º –∫—Ä–∏–ø—Ç–æ–≥—Ä–∞—Ñ–∏–∏, –≤ —á–∞—Å—Ç–Ω–æ
                                                  —Å—Ç–∏ –∞—Ñ—Ñ–∏–Ω–Ω–æ–º—É ...

You may provide a definition with
\DeclareUnicodeCharacter 


! Package inputenc Error: Unicode character —Å (U+0441)
(inputenc)                not set up for use with LaTeX.

See the inputenc package documentation for explanation.
Type  H <return>  for immediate help.
 ...                                              
                                                  
l.4 ...–∫—Ä–∏–ø—Ç–æ–≥—Ä–∞—Ñ–∏–∏, –≤ —á–∞—Å—Ç–Ω–æ—Å
                                                  —Ç–∏ –∞—Ñ—Ñ–∏–Ω–Ω–æ–º—É —à...

You may provide a definition with
\DeclareUnicodeCharacter 


! Package inputenc Error: Unicode character —Ç (U+0442)
(inputenc)                not set up for use with LaTeX.

See the inputenc package documentation for explanation.
Type  H <return>  for immediate help.
 ...                                              
                                                  
l.4 ...—Ä–∏–ø—Ç–æ–≥—Ä–∞—Ñ–∏–∏, –≤ —á–∞—Å—Ç–Ω–æ—Å—Ç
                                                  –∏ –∞—Ñ—Ñ–∏–Ω–Ω–æ–º—É —à–∏...

You may provide a definition with
\DeclareUnicodeCharacter 


! Package inputenc Error: Unicode character –∏ (U+0438)
(inputenc)                not set up for use with LaTeX.

See the inputenc package documentation for explanation.
Type  H <return>  for immediate help.
 ...                                              
                                                  
l.4 ...–∏–ø—Ç–æ–≥—Ä–∞—Ñ–∏–∏, –≤ —á–∞—Å—Ç–Ω–æ—Å—Ç–∏
                                                   –∞—Ñ—Ñ–∏–Ω–Ω–æ–º—É —à–∏—Ñ...

You may provide a definition with
\DeclareUnicodeCharacter 


! Package inputenc Error: Unicode character –∞ (U+0430)
(inputenc)                not set up for use with LaTeX.

See the inputenc package documentation for explanation.
Type  H <return>  for immediate help.
 ...                                              
                                                  
l.4 ...ø—Ç–æ–≥—Ä–∞—Ñ–∏–∏, –≤ —á–∞—Å—Ç–Ω–æ—Å—Ç–∏ –∞
                                                  —Ñ—Ñ–∏–Ω–Ω–æ–º—É —à–∏—Ñ—Ä–...

You may provide a definition with
\DeclareUnicodeCharacter 


! Package inputenc Error: Unicode character —Ñ (U+0444)
(inputenc)                not set up for use with LaTeX.

See the inputenc package documentation for explanation.
Type  H <return>  for immediate help.
 ...                                              
                                                  
l.4 ...Ç–æ–≥—Ä–∞—Ñ–∏–∏, –≤ —á–∞—Å—Ç–Ω–æ—Å—Ç–∏ –∞—Ñ
                                                  —Ñ–∏–Ω–Ω–æ–º—É —à–∏—Ñ—Ä–æ–...

You may provide a definition with
\DeclareUnicodeCharacter 


! Package inputenc Error: Unicode character —Ñ (U+0444)
(inputenc)                not set up for use with LaTeX.

See the inputenc package documentation for explanation.
Type  H <return>  for immediate help.
 ...                                              
                                                  
l.4 ...æ–≥—Ä–∞—Ñ–∏–∏, –≤ —á–∞—Å—Ç–Ω–æ—Å—Ç–∏ –∞—Ñ—Ñ
                                                  –∏–Ω–Ω–æ–º—É —à–∏—Ñ—Ä–æ–≤–...

You may provide a definition with
\DeclareUnicodeCharacter 


! Package inputenc Error: Unicode character –∏ (U+0438)
(inputenc)                not set up for use with LaTeX.

See the inputenc package documentation for explanation.
Type  H <return>  for immediate help.
 ...                                              
                                                  
l.4 ...≥—Ä–∞—Ñ–∏–∏, –≤ —á–∞—Å—Ç–Ω–æ—Å—Ç–∏ –∞—Ñ—Ñ–∏
                                                  –Ω–Ω–æ–º—É —à–∏—Ñ—Ä–æ–≤–∞–...

You may provide a definition with
\DeclareUnicodeCharacter 


! Package inputenc Error: Unicode character –Ω (U+043D)
(inputenc)                not set up for use with LaTeX.

See the inputenc package documentation for explanation.
Type  H <return>  for immediate help.
 ...                                              
                                                  
l.4 ...Ä–∞—Ñ–∏–∏, –≤ —á–∞—Å—Ç–Ω–æ—Å—Ç–∏ –∞—Ñ—Ñ–∏–Ω
                                                  –Ω–æ–º—É —à–∏—Ñ—Ä–æ–≤–∞–Ω–...

You may provide a definition with
\DeclareUnicodeCharacter 


! Package inputenc Error: Unicode character –Ω (U+043D)
(inputenc)                not set up for use with LaTeX.

See the inputenc package documentation for explanation.
Type  H <return>  for immediate help.
 ...                                              
                                                  
l.4 ...∞—Ñ–∏–∏, –≤ —á–∞—Å—Ç–Ω–æ—Å—Ç–∏ –∞—Ñ—Ñ–∏–Ω–Ω
                                                  –æ–º—É —à–∏—Ñ—Ä–æ–≤–∞–Ω–∏—...

You may provide a definition with
\DeclareUnicodeCharacter 


! Package inputenc Error: Unicode character –æ (U+043E)
(inputenc)                not set up for use with LaTeX.

See the inputenc package documentation for explanation.
Type  H <return>  for immediate help.
 ...                                              
                                                  
l.4 ...Ñ–∏–∏, –≤ —á–∞—Å—Ç–Ω–æ—Å—Ç–∏ –∞—Ñ—Ñ–∏–Ω–Ω–æ
                                                  –º—É —à–∏—Ñ—Ä–æ–≤–∞–Ω–∏—é....

You may provide a definition with
\DeclareUnicodeCharacter 


! Package inputenc Error: Unicode character –º (U+043C)
(inputenc)                not set up for use with LaTeX.

See the inputenc package documentation for explanation.
Type  H <return>  for immediate help.
 ...                                              
                                                  
l.4 ...∏–∏, –≤ —á–∞—Å—Ç–Ω–æ—Å—Ç–∏ –∞—Ñ—Ñ–∏–Ω–Ω–æ–º
                                                  —É —à–∏—Ñ—Ä–æ–≤–∞–Ω–∏—é. –...

You may provide a definition with
\DeclareUnicodeCharacter 


! Package inputenc Error: Unicode character —É (U+0443)
(inputenc)                not set up for use with LaTeX.

See the inputenc package documentation for explanation.
Type  H <return>  for immediate help.
 ...                                              
                                                  
l.4 ...∏, –≤ —á–∞—Å—Ç–Ω–æ—Å—Ç–∏ –∞—Ñ—Ñ–∏–Ω–Ω–æ–º—É
                                                   —à–∏—Ñ—Ä–æ–≤–∞–Ω–∏—é. –î–...

You may provide a definition with
\DeclareUnicodeCharacter 


! Package inputenc Error: Unicode character —à (U+0448)
(inputenc)                not set up for use with LaTeX.

See the inputenc package documentation for explanation.
Type  H <return>  for immediate help.
 ...                                              
                                                  
l.4 ...–≤ —á–∞—Å—Ç–Ω–æ—Å—Ç–∏ –∞—Ñ—Ñ–∏–Ω–Ω–æ–º—É —à
                                                  –∏—Ñ—Ä–æ–≤–∞–Ω–∏—é. –î–∞–Ω...

You may provide a definition with
\DeclareUnicodeCharacter 


! Package inputenc Error: Unicode character –∏ (U+0438)
(inputenc)                not set up for use with LaTeX.

See the inputenc package documentation for explanation.
Type  H <return>  for immediate help.
 ...                                              
                                                  
l.4 ... —á–∞—Å—Ç–Ω–æ—Å—Ç–∏ –∞—Ñ—Ñ–∏–Ω–Ω–æ–º—É —à–∏
                                                  —Ñ—Ä–æ–≤–∞–Ω–∏—é. –î–∞–Ω–Ω...

You may provide a definition with
\DeclareUnicodeCharacter 


! Package inputenc Error: Unicode character —Ñ (U+0444)
(inputenc)                not set up for use with LaTeX.

See the inputenc package documentation for explanation.
Type  H <return>  for immediate help.
 ...                                              
                                                  
l.4 ...á–∞—Å—Ç–Ω–æ—Å—Ç–∏ –∞—Ñ—Ñ–∏–Ω–Ω–æ–º—É —à–∏—Ñ
                                                  —Ä–æ–≤–∞–Ω–∏—é. –î–∞–Ω–Ω—ã...

You may provide a definition with
\DeclareUnicodeCharacter 


! Package inputenc Error: Unicode character —Ä (U+0440)
(inputenc)                not set up for use with LaTeX.

See the inputenc package documentation for explanation.
Type  H <return>  for immediate help.
 ...                                              
                                                  
l.4 ...∞—Å—Ç–Ω–æ—Å—Ç–∏ –∞—Ñ—Ñ–∏–Ω–Ω–æ–º—É —à–∏—Ñ—Ä
                                                  –æ–≤–∞–Ω–∏—é. –î–∞–Ω–Ω—ã–π...

You may provide a definition with
\DeclareUnicodeCharacter 


! Package inputenc Error: Unicode character –æ (U+043E)
(inputenc)                not set up for use with LaTeX.

See the inputenc package documentation for explanation.
Type  H <return>  for immediate help.
 ...                                              
                                                  
l.4 ...Å—Ç–Ω–æ—Å—Ç–∏ –∞—Ñ—Ñ–∏–Ω–Ω–æ–º—É —à–∏—Ñ—Ä–æ
                                                  –≤–∞–Ω–∏—é. –î–∞–Ω–Ω—ã–π –...

You may provide a definition with
\DeclareUnicodeCharacter 


! Package inputenc Error: Unicode character –≤ (U+0432)
(inputenc)                not set up for use with LaTeX.

See the inputenc package documentation for explanation.
Type  H <return>  for immediate help.
 ...                                              
                                                  
l.4 ...Ç–Ω–æ—Å—Ç–∏ –∞—Ñ—Ñ–∏–Ω–Ω–æ–º—É —à–∏—Ñ—Ä–æ–≤
                                                  –∞–Ω–∏—é. –î–∞–Ω–Ω—ã–π –≤–...

You may provide a definition with
\DeclareUnicodeCharacter 


! Package inputenc Error: Unicode character –∞ (U+0430)
(inputenc)                not set up for use with LaTeX.

See the inputenc package documentation for explanation.
Type  H <return>  for immediate help.
 ...                                              
                                                  
l.4 ...Ω–æ—Å—Ç–∏ –∞—Ñ—Ñ–∏–Ω–Ω–æ–º—É —à–∏—Ñ—Ä–æ–≤–∞
                                                  –Ω–∏—é. –î–∞–Ω–Ω—ã–π –≤–∏–...

You may provide a definition with
\DeclareUnicodeCharacter 


! Package inputenc Error: Unicode character –Ω (U+043D)
(inputenc)                not set up for use with LaTeX.

See the inputenc package documentation for explanation.
Type  H <return>  for immediate help.
 ...                                              
                                                  
l.4 ...æ—Å—Ç–∏ –∞—Ñ—Ñ–∏–Ω–Ω–æ–º—É —à–∏—Ñ—Ä–æ–≤–∞–Ω
                                                  –∏—é. –î–∞–Ω–Ω—ã–π –≤–∏–¥ ...

You may provide a definition with
\DeclareUnicodeCharacter 


! Package inputenc Error: Unicode character –∏ (U+0438)
(inputenc)                not set up for use with LaTeX.

See the inputenc package documentation for explanation.
Type  H <return>  for immediate help.
 ...                                              
                                                  
l.4 ...Å—Ç–∏ –∞—Ñ—Ñ–∏–Ω–Ω–æ–º—É —à–∏—Ñ—Ä–æ–≤–∞–Ω–∏
                                                  —é. –î–∞–Ω–Ω—ã–π –≤–∏–¥ —à...

You may provide a definition with
\DeclareUnicodeCharacter 


! Package inputenc Error: Unicode character —é (U+044E)
(inputenc)                not set up for use with LaTeX.

See the inputenc package documentation for explanation.
Type  H <return>  for immediate help.
 ...                                              
                                                  
l.4 ...Ç–∏ –∞—Ñ—Ñ–∏–Ω–Ω–æ–º—É —à–∏—Ñ—Ä–æ–≤–∞–Ω–∏—é
                                                  . –î–∞–Ω–Ω—ã–π –≤–∏–¥ —à–∏...

You may provide a definition with
\DeclareUnicodeCharacter 

Missing character: There is no . in font nullfont!

! Package inputenc Error: Unicode character –î (U+0414)
(inputenc)                not set up for use with LaTeX.

See the inputenc package documentation for explanation.
Type  H <return>  for immediate help.
 ...                                              
                                                  
l.4 ...–∞—Ñ—Ñ–∏–Ω–Ω–æ–º—É —à–∏—Ñ—Ä–æ–≤–∞–Ω–∏—é. –î
                                                  –∞–Ω–Ω—ã–π –≤–∏–¥ —à–∏—Ñ—Ä...

You may provide a definition with
\DeclareUnicodeCharacter 


! Package inputenc Error: Unicode character –∞ (U+0430)
(inputenc)                not set up for use with LaTeX.

See the inputenc package documentation for explanation.
Type  H <return>  for immediate help.
 ...                                              
                                                  
l.4 ...—Ñ—Ñ–∏–Ω–Ω–æ–º—É —à–∏—Ñ—Ä–æ–≤–∞–Ω–∏—é. –î–∞
                                                  –Ω–Ω—ã–π –≤–∏–¥ —à–∏—Ñ—Ä–æ...

You may provide a definition with
\DeclareUnicodeCharacter 


! Package inputenc Error: Unicode character –Ω (U+043D)
(inputenc)                not set up for use with LaTeX.

See the inputenc package documentation for explanation.
Type  H <return>  for immediate help.
 ...                                              
                                                  
l.4 ...—Ñ–∏–Ω–Ω–æ–º—É —à–∏—Ñ—Ä–æ–≤–∞–Ω–∏—é. –î–∞–Ω
                                                  –Ω—ã–π –≤–∏–¥ —à–∏—Ñ—Ä–æ–≤...

You may provide a definition with
\DeclareUnicodeCharacter 


! Package inputenc Error: Unicode character –Ω (U+043D)
(inputenc)                not set up for use with LaTeX.

See the inputenc package documentation for explanation.
Type  H <return>  for immediate help.
 ...                                              
                                                  
l.4 ...–∏–Ω–Ω–æ–º—É —à–∏—Ñ—Ä–æ–≤–∞–Ω–∏—é. –î–∞–Ω–Ω
                                                  —ã–π –≤–∏–¥ —à–∏—Ñ—Ä–æ–≤–∞...

You may provide a definition with
\DeclareUnicodeCharacter 


! Package inputenc Error: Unicode character —ã (U+044B)
(inputenc)                not set up for use with LaTeX.

See the inputenc package documentation for explanation.
Type  H <return>  for immediate help.
 ...                                              
                                                  
l.4 ...–Ω–Ω–æ–º—É —à–∏—Ñ—Ä–æ–≤–∞–Ω–∏—é. –î–∞–Ω–Ω—ã
                                                  –π –≤–∏–¥ —à–∏—Ñ—Ä–æ–≤–∞–Ω...
(That makes 100 errors; please try again.) 
Here is how much of TeX's memory you used:
 33 strings out of 492902
 522 string characters out of 3133553
 57451 words of memory out of 3000000
 4041 multiletter control sequences out of 15000+200000
 3640 words of font info for 14 fonts, out of 3000000 for 9000
 1141 hyphenation exceptions out of 8191
 10i,0n,10p,748b,14s stack positions out of 5000i,500n,10000p,200000b,50000s

!  ==> Fatal error occurred, no output PDF file produced!
