This is pdfTeX, Version 3.14159265-2.6-1.40.20 (MiKTeX 2.9.7000 64-bit) (preloaded format=pdflatex 2019.4.13)  17 MAY 2019 17:21
entering extended mode
**./31-chapter-one.tex
(31-chapter-one.tex
LaTeX2e <2018-12-01>
! Undefined control sequence.
l.1 \chapter
            {–ü–µ—Ä–≤–∞—è –≥–ª–∞–≤–∞. –û—Å–Ω–æ–≤–Ω—ã–µ –∞–ª–≥–æ—Ä–∏—Ç–º—ã}
The control sequence at the end of the top line
of your error message was never \def'ed. If you have
misspelled it (e.g., `\hobx'), type `I' and the correct
spelling (e.g., `I\hbox'). Otherwise just continue,
and I'll forget about whatever was undefined.


! Package inputenc Error: Unicode character –ü (U+041F)
(inputenc)                not set up for use with LaTeX.

See the inputenc package documentation for explanation.
Type  H <return>  for immediate help.
 ...                                              
                                                  
l.1 \chapter{–ü
               –µ—Ä–≤–∞—è –≥–ª–∞–≤–∞. –û—Å–Ω–æ–≤–Ω—ã–µ –∞–ª–≥–æ—Ä–∏—Ç–º—ã}
You may provide a definition with
\DeclareUnicodeCharacter 


! Package inputenc Error: Unicode character –µ (U+0435)
(inputenc)                not set up for use with LaTeX.

See the inputenc package documentation for explanation.
Type  H <return>  for immediate help.
 ...                                              
                                                  
l.1 \chapter{–ü–µ
                 —Ä–≤–∞—è –≥–ª–∞–≤–∞. –û—Å–Ω–æ–≤–Ω—ã–µ –∞–ª–≥–æ—Ä–∏—Ç–º—ã}
You may provide a definition with
\DeclareUnicodeCharacter 


! Package inputenc Error: Unicode character —Ä (U+0440)
(inputenc)                not set up for use with LaTeX.

See the inputenc package documentation for explanation.
Type  H <return>  for immediate help.
 ...                                              
                                                  
l.1 \chapter{–ü–µ—Ä
                   –≤–∞—è –≥–ª–∞–≤–∞. –û—Å–Ω–æ–≤–Ω—ã–µ –∞–ª–≥–æ—Ä–∏—Ç–º—ã}
You may provide a definition with
\DeclareUnicodeCharacter 


! Package inputenc Error: Unicode character –≤ (U+0432)
(inputenc)                not set up for use with LaTeX.

See the inputenc package documentation for explanation.
Type  H <return>  for immediate help.
 ...                                              
                                                  
l.1 \chapter{–ü–µ—Ä–≤
                     –∞—è –≥–ª–∞–≤–∞. –û—Å–Ω–æ–≤–Ω—ã–µ –∞–ª–≥–æ—Ä–∏—Ç–º—ã}
You may provide a definition with
\DeclareUnicodeCharacter 


! Package inputenc Error: Unicode character –∞ (U+0430)
(inputenc)                not set up for use with LaTeX.

See the inputenc package documentation for explanation.
Type  H <return>  for immediate help.
 ...                                              
                                                  
l.1 \chapter{–ü–µ—Ä–≤–∞
                       —è –≥–ª–∞–≤–∞. –û—Å–Ω–æ–≤–Ω—ã–µ –∞–ª–≥–æ—Ä–∏—Ç–º—ã}
You may provide a definition with
\DeclareUnicodeCharacter 


! Package inputenc Error: Unicode character —è (U+044F)
(inputenc)                not set up for use with LaTeX.

See the inputenc package documentation for explanation.
Type  H <return>  for immediate help.
 ...                                              
                                                  
l.1 \chapter{–ü–µ—Ä–≤–∞—è
                          –≥–ª–∞–≤–∞. –û—Å–Ω–æ–≤–Ω—ã–µ –∞–ª–≥–æ—Ä–∏—Ç–º—ã}
You may provide a definition with
\DeclareUnicodeCharacter 


! Package inputenc Error: Unicode character –≥ (U+0433)
(inputenc)                not set up for use with LaTeX.

See the inputenc package documentation for explanation.
Type  H <return>  for immediate help.
 ...                                              
                                                  
l.1 \chapter{–ü–µ—Ä–≤–∞—è –≥
                            –ª–∞–≤–∞. –û—Å–Ω–æ–≤–Ω—ã–µ –∞–ª–≥–æ—Ä–∏—Ç–º—ã}
You may provide a definition with
\DeclareUnicodeCharacter 


! Package inputenc Error: Unicode character –ª (U+043B)
(inputenc)                not set up for use with LaTeX.

See the inputenc package documentation for explanation.
Type  H <return>  for immediate help.
 ...                                              
                                                  
l.1 \chapter{–ü–µ—Ä–≤–∞—è –≥–ª
                              –∞–≤–∞. –û—Å–Ω–æ–≤–Ω—ã–µ –∞–ª–≥–æ—Ä–∏—Ç–º—ã}
You may provide a definition with
\DeclareUnicodeCharacter 


! Package inputenc Error: Unicode character –∞ (U+0430)
(inputenc)                not set up for use with LaTeX.

See the inputenc package documentation for explanation.
Type  H <return>  for immediate help.
 ...                                              
                                                  
l.1 \chapter{–ü–µ—Ä–≤–∞—è –≥–ª–∞
                                –≤–∞. –û—Å–Ω–æ–≤–Ω—ã–µ –∞–ª–≥–æ—Ä–∏—Ç–º—ã}
You may provide a definition with
\DeclareUnicodeCharacter 


! Package inputenc Error: Unicode character –≤ (U+0432)
(inputenc)                not set up for use with LaTeX.

See the inputenc package documentation for explanation.
Type  H <return>  for immediate help.
 ...                                              
                                                  
l.1 \chapter{–ü–µ—Ä–≤–∞—è –≥–ª–∞–≤
                                  –∞. –û—Å–Ω–æ–≤–Ω—ã–µ –∞–ª–≥–æ—Ä–∏—Ç–º—ã}
You may provide a definition with
\DeclareUnicodeCharacter 


! Package inputenc Error: Unicode character –∞ (U+0430)
(inputenc)                not set up for use with LaTeX.

See the inputenc package documentation for explanation.
Type  H <return>  for immediate help.
 ...                                              
                                                  
l.1 \chapter{–ü–µ—Ä–≤–∞—è –≥–ª–∞–≤–∞
                                    . –û—Å–Ω–æ–≤–Ω—ã–µ –∞–ª–≥–æ—Ä–∏—Ç–º—ã}
You may provide a definition with
\DeclareUnicodeCharacter 


! LaTeX Error: Missing \begin{document}.

See the LaTeX manual or LaTeX Companion for explanation.
Type  H <return>  for immediate help.
 ...                                              
                                                  
l.1 \chapter{–ü–µ—Ä–≤–∞—è –≥–ª–∞–≤–∞.
                                      –û—Å–Ω–æ–≤–Ω—ã–µ –∞–ª–≥–æ—Ä–∏—Ç–º—ã}
You're in trouble here.  Try typing  <return>  to proceed.
If that doesn't work, type  X <return>  to quit.

Missing character: There is no . in font nullfont!

! Package inputenc Error: Unicode character –û (U+041E)
(inputenc)                not set up for use with LaTeX.

See the inputenc package documentation for explanation.
Type  H <return>  for immediate help.
 ...                                              
                                                  
l.1 \chapter{–ü–µ—Ä–≤–∞—è –≥–ª–∞–≤–∞. –û
                                        —Å–Ω–æ–≤–Ω—ã–µ –∞–ª–≥–æ—Ä–∏—Ç–º—ã}
You may provide a definition with
\DeclareUnicodeCharacter 


! Package inputenc Error: Unicode character —Å (U+0441)
(inputenc)                not set up for use with LaTeX.

See the inputenc package documentation for explanation.
Type  H <return>  for immediate help.
 ...                                              
                                                  
l.1 \chapter{–ü–µ—Ä–≤–∞—è –≥–ª–∞–≤–∞. –û—Å
                                          –Ω–æ–≤–Ω—ã–µ –∞–ª–≥–æ—Ä–∏—Ç–º—ã}
You may provide a definition with
\DeclareUnicodeCharacter 


! Package inputenc Error: Unicode character –Ω (U+043D)
(inputenc)                not set up for use with LaTeX.

See the inputenc package documentation for explanation.
Type  H <return>  for immediate help.
 ...                                              
                                                  
l.1 \chapter{–ü–µ—Ä–≤–∞—è –≥–ª–∞–≤–∞. –û—Å–Ω
                                            –æ–≤–Ω—ã–µ –∞–ª–≥–æ—Ä–∏—Ç–º—ã}
You may provide a definition with
\DeclareUnicodeCharacter 


! Package inputenc Error: Unicode character –æ (U+043E)
(inputenc)                not set up for use with LaTeX.

See the inputenc package documentation for explanation.
Type  H <return>  for immediate help.
 ...                                              
                                                  
l.1 \chapter{–ü–µ—Ä–≤–∞—è –≥–ª–∞–≤–∞. –û—Å–Ω–æ
                                              –≤–Ω—ã–µ –∞–ª–≥–æ—Ä–∏—Ç–º—ã}
You may provide a definition with
\DeclareUnicodeCharacter 


! Package inputenc Error: Unicode character –≤ (U+0432)
(inputenc)                not set up for use with LaTeX.

See the inputenc package documentation for explanation.
Type  H <return>  for immediate help.
 ...                                              
                                                  
l.1 \chapter{–ü–µ—Ä–≤–∞—è –≥–ª–∞–≤–∞. –û—Å–Ω–æ–≤
                                                –Ω—ã–µ –∞–ª–≥–æ—Ä–∏—Ç–º—ã}
You may provide a definition with
\DeclareUnicodeCharacter 


! Package inputenc Error: Unicode character –Ω (U+043D)
(inputenc)                not set up for use with LaTeX.

See the inputenc package documentation for explanation.
Type  H <return>  for immediate help.
 ...                                              
                                                  
l.1 \chapter{–ü–µ—Ä–≤–∞—è –≥–ª–∞–≤–∞. –û—Å–Ω–æ–≤–Ω
                                                  —ã–µ –∞–ª–≥–æ—Ä–∏—Ç–º—ã}
You may provide a definition with
\DeclareUnicodeCharacter 


! Package inputenc Error: Unicode character —ã (U+044B)
(inputenc)                not set up for use with LaTeX.

See the inputenc package documentation for explanation.
Type  H <return>  for immediate help.
 ...                                              
                                                  
l.1 ...ter{–ü–µ—Ä–≤–∞—è –≥–ª–∞–≤–∞. –û—Å–Ω–æ–≤–Ω—ã
                                                  –µ –∞–ª–≥–æ—Ä–∏—Ç–º—ã}
You may provide a definition with
\DeclareUnicodeCharacter 


! Package inputenc Error: Unicode character –µ (U+0435)
(inputenc)                not set up for use with LaTeX.

See the inputenc package documentation for explanation.
Type  H <return>  for immediate help.
 ...                                              
                                                  
l.1 ...r{–ü–µ—Ä–≤–∞—è –≥–ª–∞–≤–∞. –û—Å–Ω–æ–≤–Ω—ã–µ
                                                   –∞–ª–≥–æ—Ä–∏—Ç–º—ã}
You may provide a definition with
\DeclareUnicodeCharacter 


! Package inputenc Error: Unicode character –∞ (U+0430)
(inputenc)                not set up for use with LaTeX.

See the inputenc package documentation for explanation.
Type  H <return>  for immediate help.
 ...                                              
                                                  
l.1 ...ü–µ—Ä–≤–∞—è –≥–ª–∞–≤–∞. –û—Å–Ω–æ–≤–Ω—ã–µ –∞
                                                  –ª–≥–æ—Ä–∏—Ç–º—ã}
You may provide a definition with
\DeclareUnicodeCharacter 


! Package inputenc Error: Unicode character –ª (U+043B)
(inputenc)                not set up for use with LaTeX.

See the inputenc package documentation for explanation.
Type  H <return>  for immediate help.
 ...                                              
                                                  
l.1 ...µ—Ä–≤–∞—è –≥–ª–∞–≤–∞. –û—Å–Ω–æ–≤–Ω—ã–µ –∞–ª
                                                  –≥–æ—Ä–∏—Ç–º—ã}
You may provide a definition with
\DeclareUnicodeCharacter 


! Package inputenc Error: Unicode character –≥ (U+0433)
(inputenc)                not set up for use with LaTeX.

See the inputenc package documentation for explanation.
Type  H <return>  for immediate help.
 ...                                              
                                                  
l.1 ...Ä–≤–∞—è –≥–ª–∞–≤–∞. –û—Å–Ω–æ–≤–Ω—ã–µ –∞–ª–≥
                                                  –æ—Ä–∏—Ç–º—ã}
You may provide a definition with
\DeclareUnicodeCharacter 


! Package inputenc Error: Unicode character –æ (U+043E)
(inputenc)                not set up for use with LaTeX.

See the inputenc package documentation for explanation.
Type  H <return>  for immediate help.
 ...                                              
                                                  
l.1 ...≤–∞—è –≥–ª–∞–≤–∞. –û—Å–Ω–æ–≤–Ω—ã–µ –∞–ª–≥–æ
                                                  —Ä–∏—Ç–º—ã}
You may provide a definition with
\DeclareUnicodeCharacter 


! Package inputenc Error: Unicode character —Ä (U+0440)
(inputenc)                not set up for use with LaTeX.

See the inputenc package documentation for explanation.
Type  H <return>  for immediate help.
 ...                                              
                                                  
l.1 ...∞—è –≥–ª–∞–≤–∞. –û—Å–Ω–æ–≤–Ω—ã–µ –∞–ª–≥–æ—Ä
                                                  –∏—Ç–º—ã}
You may provide a definition with
\DeclareUnicodeCharacter 


! Package inputenc Error: Unicode character –∏ (U+0438)
(inputenc)                not set up for use with LaTeX.

See the inputenc package documentation for explanation.
Type  H <return>  for immediate help.
 ...                                              
                                                  
l.1 ...è –≥–ª–∞–≤–∞. –û—Å–Ω–æ–≤–Ω—ã–µ –∞–ª–≥–æ—Ä–∏
                                                  —Ç–º—ã}
You may provide a definition with
\DeclareUnicodeCharacter 


! Package inputenc Error: Unicode character —Ç (U+0442)
(inputenc)                not set up for use with LaTeX.

See the inputenc package documentation for explanation.
Type  H <return>  for immediate help.
 ...                                              
                                                  
l.1 ...–≥–ª–∞–≤–∞. –û—Å–Ω–æ–≤–Ω—ã–µ –∞–ª–≥–æ—Ä–∏—Ç
                                                  –º—ã}
You may provide a definition with
\DeclareUnicodeCharacter 


! Package inputenc Error: Unicode character –º (U+043C)
(inputenc)                not set up for use with LaTeX.

See the inputenc package documentation for explanation.
Type  H <return>  for immediate help.
 ...                                              
                                                  
l.1 ...–ª–∞–≤–∞. –û—Å–Ω–æ–≤–Ω—ã–µ –∞–ª–≥–æ—Ä–∏—Ç–º
                                                  —ã}
You may provide a definition with
\DeclareUnicodeCharacter 


! Package inputenc Error: Unicode character —ã (U+044B)
(inputenc)                not set up for use with LaTeX.

See the inputenc package documentation for explanation.
Type  H <return>  for immediate help.
 ...                                              
                                                  
l.1 ...–∞–≤–∞. –û—Å–Ω–æ–≤–Ω—ã–µ –∞–ª–≥–æ—Ä–∏—Ç–º—ã
                                                  }
You may provide a definition with
\DeclareUnicodeCharacter 

! Undefined control sequence.
l.3 \section
            {–ê—Ñ—Ñ–∏–Ω–Ω—ã–π —à–∏—Ñ—Ä}
The control sequence at the end of the top line
of your error message was never \def'ed. If you have
misspelled it (e.g., `\hobx'), type `I' and the correct
spelling (e.g., `I\hbox'). Otherwise just continue,
and I'll forget about whatever was undefined.


! Package inputenc Error: Unicode character –ê (U+0410)
(inputenc)                not set up for use with LaTeX.

See the inputenc package documentation for explanation.
Type  H <return>  for immediate help.
 ...                                              
                                                  
l.3 \section{–ê
               —Ñ—Ñ–∏–Ω–Ω—ã–π —à–∏—Ñ—Ä}
You may provide a definition with
\DeclareUnicodeCharacter 


! Package inputenc Error: Unicode character —Ñ (U+0444)
(inputenc)                not set up for use with LaTeX.

See the inputenc package documentation for explanation.
Type  H <return>  for immediate help.
 ...                                              
                                                  
l.3 \section{–ê—Ñ
                 —Ñ–∏–Ω–Ω—ã–π —à–∏—Ñ—Ä}
You may provide a definition with
\DeclareUnicodeCharacter 


! Package inputenc Error: Unicode character —Ñ (U+0444)
(inputenc)                not set up for use with LaTeX.

See the inputenc package documentation for explanation.
Type  H <return>  for immediate help.
 ...                                              
                                                  
l.3 \section{–ê—Ñ—Ñ
                   –∏–Ω–Ω—ã–π —à–∏—Ñ—Ä}
You may provide a definition with
\DeclareUnicodeCharacter 


! Package inputenc Error: Unicode character –∏ (U+0438)
(inputenc)                not set up for use with LaTeX.

See the inputenc package documentation for explanation.
Type  H <return>  for immediate help.
 ...                                              
                                                  
l.3 \section{–ê—Ñ—Ñ–∏
                     –Ω–Ω—ã–π —à–∏—Ñ—Ä}
You may provide a definition with
\DeclareUnicodeCharacter 


! Package inputenc Error: Unicode character –Ω (U+043D)
(inputenc)                not set up for use with LaTeX.

See the inputenc package documentation for explanation.
Type  H <return>  for immediate help.
 ...                                              
                                                  
l.3 \section{–ê—Ñ—Ñ–∏–Ω
                       –Ω—ã–π —à–∏—Ñ—Ä}
You may provide a definition with
\DeclareUnicodeCharacter 


! Package inputenc Error: Unicode character –Ω (U+043D)
(inputenc)                not set up for use with LaTeX.

See the inputenc package documentation for explanation.
Type  H <return>  for immediate help.
 ...                                              
                                                  
l.3 \section{–ê—Ñ—Ñ–∏–Ω–Ω
                         —ã–π —à–∏—Ñ—Ä}
You may provide a definition with
\DeclareUnicodeCharacter 


! Package inputenc Error: Unicode character —ã (U+044B)
(inputenc)                not set up for use with LaTeX.

See the inputenc package documentation for explanation.
Type  H <return>  for immediate help.
 ...                                              
                                                  
l.3 \section{–ê—Ñ—Ñ–∏–Ω–Ω—ã
                           –π —à–∏—Ñ—Ä}
You may provide a definition with
\DeclareUnicodeCharacter 


! Package inputenc Error: Unicode character –π (U+0439)
(inputenc)                not set up for use with LaTeX.

See the inputenc package documentation for explanation.
Type  H <return>  for immediate help.
 ...                                              
                                                  
l.3 \section{–ê—Ñ—Ñ–∏–Ω–Ω—ã–π
                              —à–∏—Ñ—Ä}
You may provide a definition with
\DeclareUnicodeCharacter 


! Package inputenc Error: Unicode character —à (U+0448)
(inputenc)                not set up for use with LaTeX.

See the inputenc package documentation for explanation.
Type  H <return>  for immediate help.
 ...                                              
                                                  
l.3 \section{–ê—Ñ—Ñ–∏–Ω–Ω—ã–π —à
                                –∏—Ñ—Ä}
You may provide a definition with
\DeclareUnicodeCharacter 


! Package inputenc Error: Unicode character –∏ (U+0438)
(inputenc)                not set up for use with LaTeX.

See the inputenc package documentation for explanation.
Type  H <return>  for immediate help.
 ...                                              
                                                  
l.3 \section{–ê—Ñ—Ñ–∏–Ω–Ω—ã–π —à–∏
                                  —Ñ—Ä}
You may provide a definition with
\DeclareUnicodeCharacter 


! Package inputenc Error: Unicode character —Ñ (U+0444)
(inputenc)                not set up for use with LaTeX.

See the inputenc package documentation for explanation.
Type  H <return>  for immediate help.
 ...                                              
                                                  
l.3 \section{–ê—Ñ—Ñ–∏–Ω–Ω—ã–π —à–∏—Ñ
                                    —Ä}
You may provide a definition with
\DeclareUnicodeCharacter 


! Package inputenc Error: Unicode character —Ä (U+0440)
(inputenc)                not set up for use with LaTeX.

See the inputenc package documentation for explanation.
Type  H <return>  for immediate help.
 ...                                              
                                                  
l.3 \section{–ê—Ñ—Ñ–∏–Ω–Ω—ã–π —à–∏—Ñ—Ä
                                      }
You may provide a definition with
\DeclareUnicodeCharacter 


Overfull \hbox (20.0pt too wide) in paragraph at lines 1--4
[]
 []


! Package inputenc Error: Unicode character –í (U+0412)
(inputenc)                not set up for use with LaTeX.

See the inputenc package documentation for explanation.
Type  H <return>  for immediate help.
 ...                                              
                                                  
l.4 \par –í
            —Å–æ–æ—Ç–≤–µ—Ç—Å—Ç–≤–∏–∏ —Å —Ç–µ–º–æ–π —Ä–∞–±–æ—Ç—ã, –∑–∞–¥–∞–Ω–...

You may provide a definition with
\DeclareUnicodeCharacter 


! Package inputenc Error: Unicode character —Å (U+0441)
(inputenc)                not set up for use with LaTeX.

See the inputenc package documentation for explanation.
Type  H <return>  for immediate help.
 ...                                              
                                                  
l.4 \par –í —Å
              –æ–æ—Ç–≤–µ—Ç—Å—Ç–≤–∏–∏ —Å —Ç–µ–º–æ–π —Ä–∞–±–æ—Ç—ã, –∑–∞–¥–∞–Ω–...

You may provide a definition with
\DeclareUnicodeCharacter 


! Package inputenc Error: Unicode character –æ (U+043E)
(inputenc)                not set up for use with LaTeX.

See the inputenc package documentation for explanation.
Type  H <return>  for immediate help.
 ...                                              
                                                  
l.4 \par –í —Å–æ
                –æ—Ç–≤–µ—Ç—Å—Ç–≤–∏–∏ —Å —Ç–µ–º–æ–π —Ä–∞–±–æ—Ç—ã, –∑–∞–¥–∞–Ω–...

You may provide a definition with
\DeclareUnicodeCharacter 


! Package inputenc Error: Unicode character –æ (U+043E)
(inputenc)                not set up for use with LaTeX.

See the inputenc package documentation for explanation.
Type  H <return>  for immediate help.
 ...                                              
                                                  
l.4 \par –í —Å–æ–æ
                  —Ç–≤–µ—Ç—Å—Ç–≤–∏–∏ —Å —Ç–µ–º–æ–π —Ä–∞–±–æ—Ç—ã, –∑–∞–¥–∞–Ω–...

You may provide a definition with
\DeclareUnicodeCharacter 


! Package inputenc Error: Unicode character —Ç (U+0442)
(inputenc)                not set up for use with LaTeX.

See the inputenc package documentation for explanation.
Type  H <return>  for immediate help.
 ...                                              
                                                  
l.4 \par –í —Å–æ–æ—Ç
                    –≤–µ—Ç—Å—Ç–≤–∏–∏ —Å —Ç–µ–º–æ–π —Ä–∞–±–æ—Ç—ã, –∑–∞–¥–∞–Ω–...

You may provide a definition with
\DeclareUnicodeCharacter 


! Package inputenc Error: Unicode character –≤ (U+0432)
(inputenc)                not set up for use with LaTeX.

See the inputenc package documentation for explanation.
Type  H <return>  for immediate help.
 ...                                              
                                                  
l.4 \par –í —Å–æ–æ—Ç–≤
                      –µ—Ç—Å—Ç–≤–∏–∏ —Å —Ç–µ–º–æ–π —Ä–∞–±–æ—Ç—ã, –∑–∞–¥–∞–Ω–...

You may provide a definition with
\DeclareUnicodeCharacter 


! Package inputenc Error: Unicode character –µ (U+0435)
(inputenc)                not set up for use with LaTeX.

See the inputenc package documentation for explanation.
Type  H <return>  for immediate help.
 ...                                              
                                                  
l.4 \par –í —Å–æ–æ—Ç–≤–µ
                        —Ç—Å—Ç–≤–∏–∏ —Å —Ç–µ–º–æ–π —Ä–∞–±–æ—Ç—ã, –∑–∞–¥–∞–Ω–...

You may provide a definition with
\DeclareUnicodeCharacter 


! Package inputenc Error: Unicode character —Ç (U+0442)
(inputenc)                not set up for use with LaTeX.

See the inputenc package documentation for explanation.
Type  H <return>  for immediate help.
 ...                                              
                                                  
l.4 \par –í —Å–æ–æ—Ç–≤–µ—Ç
                          —Å—Ç–≤–∏–∏ —Å —Ç–µ–º–æ–π —Ä–∞–±–æ—Ç—ã, –∑–∞–¥–∞–Ω–...

You may provide a definition with
\DeclareUnicodeCharacter 


! Package inputenc Error: Unicode character —Å (U+0441)
(inputenc)                not set up for use with LaTeX.

See the inputenc package documentation for explanation.
Type  H <return>  for immediate help.
 ...                                              
                                                  
l.4 \par –í —Å–æ–æ—Ç–≤–µ—Ç—Å
                            —Ç–≤–∏–∏ —Å —Ç–µ–º–æ–π —Ä–∞–±–æ—Ç—ã, –∑–∞–¥–∞–Ω–...

You may provide a definition with
\DeclareUnicodeCharacter 


! Package inputenc Error: Unicode character —Ç (U+0442)
(inputenc)                not set up for use with LaTeX.

See the inputenc package documentation for explanation.
Type  H <return>  for immediate help.
 ...                                              
                                                  
l.4 \par –í —Å–æ–æ—Ç–≤–µ—Ç—Å—Ç
                              –≤–∏–∏ —Å —Ç–µ–º–æ–π —Ä–∞–±–æ—Ç—ã, –∑–∞–¥–∞–Ω–...

You may provide a definition with
\DeclareUnicodeCharacter 


! Package inputenc Error: Unicode character –≤ (U+0432)
(inputenc)                not set up for use with LaTeX.

See the inputenc package documentation for explanation.
Type  H <return>  for immediate help.
 ...                                              
                                                  
l.4 \par –í —Å–æ–æ—Ç–≤–µ—Ç—Å—Ç–≤
                                –∏–∏ —Å —Ç–µ–º–æ–π —Ä–∞–±–æ—Ç—ã, –∑–∞–¥–∞–Ω–...

You may provide a definition with
\DeclareUnicodeCharacter 


! Package inputenc Error: Unicode character –∏ (U+0438)
(inputenc)                not set up for use with LaTeX.

See the inputenc package documentation for explanation.
Type  H <return>  for immediate help.
 ...                                              
                                                  
l.4 \par –í —Å–æ–æ—Ç–≤–µ—Ç—Å—Ç–≤–∏
                                  –∏ —Å —Ç–µ–º–æ–π —Ä–∞–±–æ—Ç—ã, –∑–∞–¥–∞–Ω–...

You may provide a definition with
\DeclareUnicodeCharacter 


! Package inputenc Error: Unicode character –∏ (U+0438)
(inputenc)                not set up for use with LaTeX.

See the inputenc package documentation for explanation.
Type  H <return>  for immediate help.
 ...                                              
                                                  
l.4 \par –í —Å–æ–æ—Ç–≤–µ—Ç—Å—Ç–≤–∏–∏
                                     —Å —Ç–µ–º–æ–π —Ä–∞–±–æ—Ç—ã, –∑–∞–¥–∞–Ω–...

You may provide a definition with
\DeclareUnicodeCharacter 


! Package inputenc Error: Unicode character —Å (U+0441)
(inputenc)                not set up for use with LaTeX.

See the inputenc package documentation for explanation.
Type  H <return>  for immediate help.
 ...                                              
                                                  
l.4 \par –í —Å–æ–æ—Ç–≤–µ—Ç—Å—Ç–≤–∏–∏ —Å
                                        —Ç–µ–º–æ–π —Ä–∞–±–æ—Ç—ã, –∑–∞–¥–∞–Ω–...

You may provide a definition with
\DeclareUnicodeCharacter 


! Package inputenc Error: Unicode character —Ç (U+0442)
(inputenc)                not set up for use with LaTeX.

See the inputenc package documentation for explanation.
Type  H <return>  for immediate help.
 ...                                              
                                                  
l.4 \par –í —Å–æ–æ—Ç–≤–µ—Ç—Å—Ç–≤–∏–∏ —Å —Ç
                                          –µ–º–æ–π —Ä–∞–±–æ—Ç—ã, –∑–∞–¥–∞–Ω–...

You may provide a definition with
\DeclareUnicodeCharacter 


! Package inputenc Error: Unicode character –µ (U+0435)
(inputenc)                not set up for use with LaTeX.

See the inputenc package documentation for explanation.
Type  H <return>  for immediate help.
 ...                                              
                                                  
l.4 \par –í —Å–æ–æ—Ç–≤–µ—Ç—Å—Ç–≤–∏–∏ —Å —Ç–µ
                                            –º–æ–π —Ä–∞–±–æ—Ç—ã, –∑–∞–¥–∞–Ω–...

You may provide a definition with
\DeclareUnicodeCharacter 


! Package inputenc Error: Unicode character –º (U+043C)
(inputenc)                not set up for use with LaTeX.

See the inputenc package documentation for explanation.
Type  H <return>  for immediate help.
 ...                                              
                                                  
l.4 \par –í —Å–æ–æ—Ç–≤–µ—Ç—Å—Ç–≤–∏–∏ —Å —Ç–µ–º
                                              –æ–π —Ä–∞–±–æ—Ç—ã, –∑–∞–¥–∞–Ω–...

You may provide a definition with
\DeclareUnicodeCharacter 


! Package inputenc Error: Unicode character –æ (U+043E)
(inputenc)                not set up for use with LaTeX.

See the inputenc package documentation for explanation.
Type  H <return>  for immediate help.
 ...                                              
                                                  
l.4 \par –í —Å–æ–æ—Ç–≤–µ—Ç—Å—Ç–≤–∏–∏ —Å —Ç–µ–º–æ
                                                –π —Ä–∞–±–æ—Ç—ã, –∑–∞–¥–∞–Ω–...

You may provide a definition with
\DeclareUnicodeCharacter 


! Package inputenc Error: Unicode character –π (U+0439)
(inputenc)                not set up for use with LaTeX.

See the inputenc package documentation for explanation.
Type  H <return>  for immediate help.
 ...                                              
                                                  
l.4 \par –í —Å–æ–æ—Ç–≤–µ—Ç—Å—Ç–≤–∏–∏ —Å —Ç–µ–º–æ–π
                                                   —Ä–∞–±–æ—Ç—ã, –∑–∞–¥–∞–Ω–...

You may provide a definition with
\DeclareUnicodeCharacter 


! Package inputenc Error: Unicode character —Ä (U+0440)
(inputenc)                not set up for use with LaTeX.

See the inputenc package documentation for explanation.
Type  H <return>  for immediate help.
 ...                                              
                                                  
l.4 ...í —Å–æ–æ—Ç–≤–µ—Ç—Å—Ç–≤–∏–∏ —Å —Ç–µ–º–æ–π —Ä
                                                  –∞–±–æ—Ç—ã, –∑–∞–¥–∞–Ω–∏–µ...

You may provide a definition with
\DeclareUnicodeCharacter 


! Package inputenc Error: Unicode character –∞ (U+0430)
(inputenc)                not set up for use with LaTeX.

See the inputenc package documentation for explanation.
Type  H <return>  for immediate help.
 ...                                              
                                                  
l.4 ...—Å–æ–æ—Ç–≤–µ—Ç—Å—Ç–≤–∏–∏ —Å —Ç–µ–º–æ–π —Ä–∞
                                                  –±–æ—Ç—ã, –∑–∞–¥–∞–Ω–∏–µ –...

You may provide a definition with
\DeclareUnicodeCharacter 


! Package inputenc Error: Unicode character –± (U+0431)
(inputenc)                not set up for use with LaTeX.

See the inputenc package documentation for explanation.
Type  H <return>  for immediate help.
 ...                                              
                                                  
l.4 ...–æ–æ—Ç–≤–µ—Ç—Å—Ç–≤–∏–∏ —Å —Ç–µ–º–æ–π —Ä–∞–±
                                                  –æ—Ç—ã, –∑–∞–¥–∞–Ω–∏–µ –∑–...

You may provide a definition with
\DeclareUnicodeCharacter 


! Package inputenc Error: Unicode character –æ (U+043E)
(inputenc)                not set up for use with LaTeX.

See the inputenc package documentation for explanation.
Type  H <return>  for immediate help.
 ...                                              
                                                  
l.4 ...–æ—Ç–≤–µ—Ç—Å—Ç–≤–∏–∏ —Å —Ç–µ–º–æ–π —Ä–∞–±–æ
                                                  —Ç—ã, –∑–∞–¥–∞–Ω–∏–µ –∑–∞–...

You may provide a definition with
\DeclareUnicodeCharacter 


! Package inputenc Error: Unicode character —Ç (U+0442)
(inputenc)                not set up for use with LaTeX.

See the inputenc package documentation for explanation.
Type  H <return>  for immediate help.
 ...                                              
                                                  
l.4 ...—Ç–≤–µ—Ç—Å—Ç–≤–∏–∏ —Å —Ç–µ–º–æ–π —Ä–∞–±–æ—Ç
                                                  —ã, –∑–∞–¥–∞–Ω–∏–µ –∑–∞–∫–...

You may provide a definition with
\DeclareUnicodeCharacter 


! Package inputenc Error: Unicode character —ã (U+044B)
(inputenc)                not set up for use with LaTeX.

See the inputenc package documentation for explanation.
Type  H <return>  for immediate help.
 ...                                              
                                                  
l.4 ...–≤–µ—Ç—Å—Ç–≤–∏–∏ —Å —Ç–µ–º–æ–π —Ä–∞–±–æ—Ç—ã
                                                  , –∑–∞–¥–∞–Ω–∏–µ –∑–∞–∫–ª—...

You may provide a definition with
\DeclareUnicodeCharacter 


! LaTeX Error: Missing \begin{document}.

See the LaTeX manual or LaTeX Companion for explanation.
Type  H <return>  for immediate help.
 ...                                              
                                                  
l.4 ...≤–µ—Ç—Å—Ç–≤–∏–∏ —Å —Ç–µ–º–æ–π —Ä–∞–±–æ—Ç—ã,
                                                   –∑–∞–¥–∞–Ω–∏–µ –∑–∞–∫–ª—é...

You're in trouble here.  Try typing  <return>  to proceed.
If that doesn't work, type  X <return>  to quit.

Missing character: There is no , in font nullfont!

! Package inputenc Error: Unicode character –∑ (U+0437)
(inputenc)                not set up for use with LaTeX.

See the inputenc package documentation for explanation.
Type  H <return>  for immediate help.
 ...                                              
                                                  
l.4 ...—Ç—Å—Ç–≤–∏–∏ —Å —Ç–µ–º–æ–π —Ä–∞–±–æ—Ç—ã, –∑
                                                  –∞–¥–∞–Ω–∏–µ –∑–∞–∫–ª—é—á–...

You may provide a definition with
\DeclareUnicodeCharacter 


! Package inputenc Error: Unicode character –∞ (U+0430)
(inputenc)                not set up for use with LaTeX.

See the inputenc package documentation for explanation.
Type  H <return>  for immediate help.
 ...                                              
                                                  
l.4 ...—Å—Ç–≤–∏–∏ —Å —Ç–µ–º–æ–π —Ä–∞–±–æ—Ç—ã, –∑–∞
                                                  –¥–∞–Ω–∏–µ –∑–∞–∫–ª—é—á–∞–...

You may provide a definition with
\DeclareUnicodeCharacter 


! Package inputenc Error: Unicode character –¥ (U+0434)
(inputenc)                not set up for use with LaTeX.

See the inputenc package documentation for explanation.
Type  H <return>  for immediate help.
 ...                                              
                                                  
l.4 ...—Ç–≤–∏–∏ —Å —Ç–µ–º–æ–π —Ä–∞–±–æ—Ç—ã, –∑–∞–¥
                                                  –∞–Ω–∏–µ –∑–∞–∫–ª—é—á–∞–µ—...

You may provide a definition with
\DeclareUnicodeCharacter 


! Package inputenc Error: Unicode character –∞ (U+0430)
(inputenc)                not set up for use with LaTeX.

See the inputenc package documentation for explanation.
Type  H <return>  for immediate help.
 ...                                              
                                                  
l.4 ...–≤–∏–∏ —Å —Ç–µ–º–æ–π —Ä–∞–±–æ—Ç—ã, –∑–∞–¥–∞
                                                  –Ω–∏–µ –∑–∞–∫–ª—é—á–∞–µ—Ç—...

You may provide a definition with
\DeclareUnicodeCharacter 


! Package inputenc Error: Unicode character –Ω (U+043D)
(inputenc)                not set up for use with LaTeX.

See the inputenc package documentation for explanation.
Type  H <return>  for immediate help.
 ...                                              
                                                  
l.4 ...–∏–∏ —Å —Ç–µ–º–æ–π —Ä–∞–±–æ—Ç—ã, –∑–∞–¥–∞–Ω
                                                  –∏–µ –∑–∞–∫–ª—é—á–∞–µ—Ç—Å—...

You may provide a definition with
\DeclareUnicodeCharacter 


! Package inputenc Error: Unicode character –∏ (U+0438)
(inputenc)                not set up for use with LaTeX.

See the inputenc package documentation for explanation.
Type  H <return>  for immediate help.
 ...                                              
                                                  
l.4 ...–∏ —Å —Ç–µ–º–æ–π —Ä–∞–±–æ—Ç—ã, –∑–∞–¥–∞–Ω–∏
                                                  –µ –∑–∞–∫–ª—é—á–∞–µ—Ç—Å—è ...

You may provide a definition with
\DeclareUnicodeCharacter 


! Package inputenc Error: Unicode character –µ (U+0435)
(inputenc)                not set up for use with LaTeX.

See the inputenc package documentation for explanation.
Type  H <return>  for immediate help.
 ...                                              
                                                  
l.4 ... —Å —Ç–µ–º–æ–π —Ä–∞–±–æ—Ç—ã, –∑–∞–¥–∞–Ω–∏–µ
                                                   –∑–∞–∫–ª—é—á–∞–µ—Ç—Å—è –≤...

You may provide a definition with
\DeclareUnicodeCharacter 


! Package inputenc Error: Unicode character –∑ (U+0437)
(inputenc)                not set up for use with LaTeX.

See the inputenc package documentation for explanation.
Type  H <return>  for immediate help.
 ...                                              
                                                  
l.4 ... —Ç–µ–º–æ–π —Ä–∞–±–æ—Ç—ã, –∑–∞–¥–∞–Ω–∏–µ –∑
                                                  –∞–∫–ª—é—á–∞–µ—Ç—Å—è –≤ –∑...

You may provide a definition with
\DeclareUnicodeCharacter 


! Package inputenc Error: Unicode character –∞ (U+0430)
(inputenc)                not set up for use with LaTeX.

See the inputenc package documentation for explanation.
Type  H <return>  for immediate help.
 ...                                              
                                                  
l.4 ...Ç–µ–º–æ–π —Ä–∞–±–æ—Ç—ã, –∑–∞–¥–∞–Ω–∏–µ –∑–∞
                                                  –∫–ª—é—á–∞–µ—Ç—Å—è –≤ –∑–∞...

You may provide a definition with
\DeclareUnicodeCharacter 


! Package inputenc Error: Unicode character –∫ (U+043A)
(inputenc)                not set up for use with LaTeX.

See the inputenc package documentation for explanation.
Type  H <return>  for immediate help.
 ...                                              
                                                  
l.4 ...µ–º–æ–π —Ä–∞–±–æ—Ç—ã, –∑–∞–¥–∞–Ω–∏–µ –∑–∞–∫
                                                  –ª—é—á–∞–µ—Ç—Å—è –≤ –∑–∞—à...

You may provide a definition with
\DeclareUnicodeCharacter 


! Package inputenc Error: Unicode character –ª (U+043B)
(inputenc)                not set up for use with LaTeX.

See the inputenc package documentation for explanation.
Type  H <return>  for immediate help.
 ...                                              
                                                  
l.4 ...º–æ–π —Ä–∞–±–æ—Ç—ã, –∑–∞–¥–∞–Ω–∏–µ –∑–∞–∫–ª
                                                  —é—á–∞–µ—Ç—Å—è –≤ –∑–∞—à–∏...

You may provide a definition with
\DeclareUnicodeCharacter 


! Package inputenc Error: Unicode character —é (U+044E)
(inputenc)                not set up for use with LaTeX.

See the inputenc package documentation for explanation.
Type  H <return>  for immediate help.
 ...                                              
                                                  
l.4 ...æ–π —Ä–∞–±–æ—Ç—ã, –∑–∞–¥–∞–Ω–∏–µ –∑–∞–∫–ª—é
                                                  —á–∞–µ—Ç—Å—è –≤ –∑–∞—à–∏—Ñ...

You may provide a definition with
\DeclareUnicodeCharacter 


! Package inputenc Error: Unicode character —á (U+0447)
(inputenc)                not set up for use with LaTeX.

See the inputenc package documentation for explanation.
Type  H <return>  for immediate help.
 ...                                              
                                                  
l.4 ...π —Ä–∞–±–æ—Ç—ã, –∑–∞–¥–∞–Ω–∏–µ –∑–∞–∫–ª—é—á
                                                  –∞–µ—Ç—Å—è –≤ –∑–∞—à–∏—Ñ—Ä...

You may provide a definition with
\DeclareUnicodeCharacter 


! Package inputenc Error: Unicode character –∞ (U+0430)
(inputenc)                not set up for use with LaTeX.

See the inputenc package documentation for explanation.
Type  H <return>  for immediate help.
 ...                                              
                                                  
l.4 ...—Ä–∞–±–æ—Ç—ã, –∑–∞–¥–∞–Ω–∏–µ –∑–∞–∫–ª—é—á–∞
                                                  –µ—Ç—Å—è –≤ –∑–∞—à–∏—Ñ—Ä–æ...

You may provide a definition with
\DeclareUnicodeCharacter 


! Package inputenc Error: Unicode character –µ (U+0435)
(inputenc)                not set up for use with LaTeX.

See the inputenc package documentation for explanation.
Type  H <return>  for immediate help.
 ...                                              
                                                  
l.4 ...–∞–±–æ—Ç—ã, –∑–∞–¥–∞–Ω–∏–µ –∑–∞–∫–ª—é—á–∞–µ
                                                  —Ç—Å—è –≤ –∑–∞—à–∏—Ñ—Ä–æ–≤...

You may provide a definition with
\DeclareUnicodeCharacter 


! Package inputenc Error: Unicode character —Ç (U+0442)
(inputenc)                not set up for use with LaTeX.

See the inputenc package documentation for explanation.
Type  H <return>  for immediate help.
 ...                                              
                                                  
l.4 ...–±–æ—Ç—ã, –∑–∞–¥–∞–Ω–∏–µ –∑–∞–∫–ª—é—á–∞–µ—Ç
                                                  —Å—è –≤ –∑–∞—à–∏—Ñ—Ä–æ–≤–∞...

You may provide a definition with
\DeclareUnicodeCharacter 


! Package inputenc Error: Unicode character —Å (U+0441)
(inputenc)                not set up for use with LaTeX.

See the inputenc package documentation for explanation.
Type  H <return>  for immediate help.
 ...                                              
                                                  
l.4 ...–æ—Ç—ã, –∑–∞–¥–∞–Ω–∏–µ –∑–∞–∫–ª—é—á–∞–µ—Ç—Å
                                                  —è –≤ –∑–∞—à–∏—Ñ—Ä–æ–≤–∞–Ω...

You may provide a definition with
\DeclareUnicodeCharacter 


! Package inputenc Error: Unicode character —è (U+044F)
(inputenc)                not set up for use with LaTeX.

See the inputenc package documentation for explanation.
Type  H <return>  for immediate help.
 ...                                              
                                                  
l.4 ...—Ç—ã, –∑–∞–¥–∞–Ω–∏–µ –∑–∞–∫–ª—é—á–∞–µ—Ç—Å—è
                                                   –≤ –∑–∞—à–∏—Ñ—Ä–æ–≤–∞–Ω–∏...

You may provide a definition with
\DeclareUnicodeCharacter 


! Package inputenc Error: Unicode character –≤ (U+0432)
(inputenc)                not set up for use with LaTeX.

See the inputenc package documentation for explanation.
Type  H <return>  for immediate help.
 ...                                              
                                                  
l.4 ...ã, –∑–∞–¥–∞–Ω–∏–µ –∑–∞–∫–ª—é—á–∞–µ—Ç—Å—è –≤
                                                   –∑–∞—à–∏—Ñ—Ä–æ–≤–∞–Ω–∏–∏ ...

You may provide a definition with
\DeclareUnicodeCharacter 


! Package inputenc Error: Unicode character –∑ (U+0437)
(inputenc)                not set up for use with LaTeX.

See the inputenc package documentation for explanation.
Type  H <return>  for immediate help.
 ...                                              
                                                  
l.4 ...–∑–∞–¥–∞–Ω–∏–µ –∑–∞–∫–ª—é—á–∞–µ—Ç—Å—è –≤ –∑
                                                  –∞—à–∏—Ñ—Ä–æ–≤–∞–Ω–∏–∏ –∏–...

You may provide a definition with
\DeclareUnicodeCharacter 


! Package inputenc Error: Unicode character –∞ (U+0430)
(inputenc)                not set up for use with LaTeX.

See the inputenc package documentation for explanation.
Type  H <return>  for immediate help.
 ...                                              
                                                  
l.4 ...–∞–¥–∞–Ω–∏–µ –∑–∞–∫–ª—é—á–∞–µ—Ç—Å—è –≤ –∑–∞
                                                  —à–∏—Ñ—Ä–æ–≤–∞–Ω–∏–∏ –∏–ª–...

You may provide a definition with
\DeclareUnicodeCharacter 


! Package inputenc Error: Unicode character —à (U+0448)
(inputenc)                not set up for use with LaTeX.

See the inputenc package documentation for explanation.
Type  H <return>  for immediate help.
 ...                                              
                                                  
l.4 ...–¥–∞–Ω–∏–µ –∑–∞–∫–ª—é—á–∞–µ—Ç—Å—è –≤ –∑–∞—à
                                                  –∏—Ñ—Ä–æ–≤–∞–Ω–∏–∏ –∏–ª–∏ ...

You may provide a definition with
\DeclareUnicodeCharacter 


! Package inputenc Error: Unicode character –∏ (U+0438)
(inputenc)                not set up for use with LaTeX.

See the inputenc package documentation for explanation.
Type  H <return>  for immediate help.
 ...                                              
                                                  
l.4 ...–∞–Ω–∏–µ –∑–∞–∫–ª—é—á–∞–µ—Ç—Å—è –≤ –∑–∞—à–∏
                                                  —Ñ—Ä–æ–≤–∞–Ω–∏–∏ –∏–ª–∏ —Ä...

You may provide a definition with
\DeclareUnicodeCharacter 


! Package inputenc Error: Unicode character —Ñ (U+0444)
(inputenc)                not set up for use with LaTeX.

See the inputenc package documentation for explanation.
Type  H <return>  for immediate help.
 ...                                              
                                                  
l.4 ...–Ω–∏–µ –∑–∞–∫–ª—é—á–∞–µ—Ç—Å—è –≤ –∑–∞—à–∏—Ñ
                                                  —Ä–æ–≤–∞–Ω–∏–∏ –∏–ª–∏ —Ä–∞...

You may provide a definition with
\DeclareUnicodeCharacter 


! Package inputenc Error: Unicode character —Ä (U+0440)
(inputenc)                not set up for use with LaTeX.

See the inputenc package documentation for explanation.
Type  H <return>  for immediate help.
 ...                                              
                                                  
l.4 ...–∏–µ –∑–∞–∫–ª—é—á–∞–µ—Ç—Å—è –≤ –∑–∞—à–∏—Ñ—Ä
                                                  –æ–≤–∞–Ω–∏–∏ –∏–ª–∏ —Ä–∞—Å...

You may provide a definition with
\DeclareUnicodeCharacter 


! Package inputenc Error: Unicode character –æ (U+043E)
(inputenc)                not set up for use with LaTeX.

See the inputenc package documentation for explanation.
Type  H <return>  for immediate help.
 ...                                              
                                                  
l.4 ...–µ –∑–∞–∫–ª—é—á–∞–µ—Ç—Å—è –≤ –∑–∞—à–∏—Ñ—Ä–æ
                                                  –≤–∞–Ω–∏–∏ –∏–ª–∏ —Ä–∞—Å—à...

You may provide a definition with
\DeclareUnicodeCharacter 


! Package inputenc Error: Unicode character –≤ (U+0432)
(inputenc)                not set up for use with LaTeX.

See the inputenc package documentation for explanation.
Type  H <return>  for immediate help.
 ...                                              
                                                  
l.4 ... –∑–∞–∫–ª—é—á–∞–µ—Ç—Å—è –≤ –∑–∞—à–∏—Ñ—Ä–æ–≤
                                                  –∞–Ω–∏–∏ –∏–ª–∏ —Ä–∞—Å—à–∏...

You may provide a definition with
\DeclareUnicodeCharacter 


! Package inputenc Error: Unicode character –∞ (U+0430)
(inputenc)                not set up for use with LaTeX.

See the inputenc package documentation for explanation.
Type  H <return>  for immediate help.
 ...                                              
                                                  
l.4 ...∑–∞–∫–ª—é—á–∞–µ—Ç—Å—è –≤ –∑–∞—à–∏—Ñ—Ä–æ–≤–∞
                                                  –Ω–∏–∏ –∏–ª–∏ —Ä–∞—Å—à–∏—Ñ...

You may provide a definition with
\DeclareUnicodeCharacter 


! Package inputenc Error: Unicode character –Ω (U+043D)
(inputenc)                not set up for use with LaTeX.

See the inputenc package documentation for explanation.
Type  H <return>  for immediate help.
 ...                                              
                                                  
l.4 ...∞–∫–ª—é—á–∞–µ—Ç—Å—è –≤ –∑–∞—à–∏—Ñ—Ä–æ–≤–∞–Ω
                                                  –∏–∏ –∏–ª–∏ —Ä–∞—Å—à–∏—Ñ—Ä...

You may provide a definition with
\DeclareUnicodeCharacter 


! Package inputenc Error: Unicode character –∏ (U+0438)
(inputenc)                not set up for use with LaTeX.

See the inputenc package documentation for explanation.
Type  H <return>  for immediate help.
 ...                                              
                                                  
l.4 ...∫–ª—é—á–∞–µ—Ç—Å—è –≤ –∑–∞—à–∏—Ñ—Ä–æ–≤–∞–Ω–∏
                                                  –∏ –∏–ª–∏ —Ä–∞—Å—à–∏—Ñ—Ä–æ...

You may provide a definition with
\DeclareUnicodeCharacter 


! Package inputenc Error: Unicode character –∏ (U+0438)
(inputenc)                not set up for use with LaTeX.

See the inputenc package documentation for explanation.
Type  H <return>  for immediate help.
 ...                                              
                                                  
l.4 ...ª—é—á–∞–µ—Ç—Å—è –≤ –∑–∞—à–∏—Ñ—Ä–æ–≤–∞–Ω–∏–∏
                                                   –∏–ª–∏ —Ä–∞—Å—à–∏—Ñ—Ä–æ–≤...

You may provide a definition with
\DeclareUnicodeCharacter 


! Package inputenc Error: Unicode character –∏ (U+0438)
(inputenc)                not set up for use with LaTeX.

See the inputenc package documentation for explanation.
Type  H <return>  for immediate help.
 ...                                              
                                                  
l.4 ...—á–∞–µ—Ç—Å—è –≤ –∑–∞—à–∏—Ñ—Ä–æ–≤–∞–Ω–∏–∏ –∏
                                                  –ª–∏ —Ä–∞—Å—à–∏—Ñ—Ä–æ–≤–∞–...

You may provide a definition with
\DeclareUnicodeCharacter 


! Package inputenc Error: Unicode character –ª (U+043B)
(inputenc)                not set up for use with LaTeX.

See the inputenc package documentation for explanation.
Type  H <return>  for immediate help.
 ...                                              
                                                  
l.4 ...–∞–µ—Ç—Å—è –≤ –∑–∞—à–∏—Ñ—Ä–æ–≤–∞–Ω–∏–∏ –∏–ª
                                                  –∏ —Ä–∞—Å—à–∏—Ñ—Ä–æ–≤–∞–Ω–...

You may provide a definition with
\DeclareUnicodeCharacter 


! Package inputenc Error: Unicode character –∏ (U+0438)
(inputenc)                not set up for use with LaTeX.

See the inputenc package documentation for explanation.
Type  H <return>  for immediate help.
 ...                                              
                                                  
l.4 ...–µ—Ç—Å—è –≤ –∑–∞—à–∏—Ñ—Ä–æ–≤–∞–Ω–∏–∏ –∏–ª–∏
                                                   —Ä–∞—Å—à–∏—Ñ—Ä–æ–≤–∞–Ω–∏–...

You may provide a definition with
\DeclareUnicodeCharacter 


! Package inputenc Error: Unicode character —Ä (U+0440)
(inputenc)                not set up for use with LaTeX.

See the inputenc package documentation for explanation.
Type  H <return>  for immediate help.
 ...                                              
                                                  
l.4 ...Ç—Å—è –≤ –∑–∞—à–∏—Ñ—Ä–æ–≤–∞–Ω–∏–∏ –∏–ª–∏ —Ä
                                                  –∞—Å—à–∏—Ñ—Ä–æ–≤–∞–Ω–∏–∏ –...

You may provide a definition with
\DeclareUnicodeCharacter 


! Package inputenc Error: Unicode character –∞ (U+0430)
(inputenc)                not set up for use with LaTeX.

See the inputenc package documentation for explanation.
Type  H <return>  for immediate help.
 ...                                              
                                                  
l.4 ...Å—è –≤ –∑–∞—à–∏—Ñ—Ä–æ–≤–∞–Ω–∏–∏ –∏–ª–∏ —Ä–∞
                                                  —Å—à–∏—Ñ—Ä–æ–≤–∞–Ω–∏–∏ –Ω–...

You may provide a definition with
\DeclareUnicodeCharacter 


! Package inputenc Error: Unicode character —Å (U+0441)
(inputenc)                not set up for use with LaTeX.

See the inputenc package documentation for explanation.
Type  H <return>  for immediate help.
 ...                                              
                                                  
l.4 ...è –≤ –∑–∞—à–∏—Ñ—Ä–æ–≤–∞–Ω–∏–∏ –∏–ª–∏ —Ä–∞—Å
                                                  —à–∏—Ñ—Ä–æ–≤–∞–Ω–∏–∏ –Ω–µ–...

You may provide a definition with
\DeclareUnicodeCharacter 


! Package inputenc Error: Unicode character —à (U+0448)
(inputenc)                not set up for use with LaTeX.

See the inputenc package documentation for explanation.
Type  H <return>  for immediate help.
 ...                                              
                                                  
l.4 ...–≤ –∑–∞—à–∏—Ñ—Ä–æ–≤–∞–Ω–∏–∏ –∏–ª–∏ —Ä–∞—Å—à
                                                  –∏—Ñ—Ä–æ–≤–∞–Ω–∏–∏ –Ω–µ–∫–...

You may provide a definition with
\DeclareUnicodeCharacter 


! Package inputenc Error: Unicode character –∏ (U+0438)
(inputenc)                not set up for use with LaTeX.

See the inputenc package documentation for explanation.
Type  H <return>  for immediate help.
 ...                                              
                                                  
l.4 ... –∑–∞—à–∏—Ñ—Ä–æ–≤–∞–Ω–∏–∏ –∏–ª–∏ —Ä–∞—Å—à–∏
                                                  —Ñ—Ä–æ–≤–∞–Ω–∏–∏ –Ω–µ–∫–æ—...

You may provide a definition with
\DeclareUnicodeCharacter 


! Package inputenc Error: Unicode character —Ñ (U+0444)
(inputenc)                not set up for use with LaTeX.

See the inputenc package documentation for explanation.
Type  H <return>  for immediate help.
 ...                                              
                                                  
l.4 ...∑–∞—à–∏—Ñ—Ä–æ–≤–∞–Ω–∏–∏ –∏–ª–∏ —Ä–∞—Å—à–∏—Ñ
                                                  —Ä–æ–≤–∞–Ω–∏–∏ –Ω–µ–∫–æ—Ç–...

You may provide a definition with
\DeclareUnicodeCharacter 


! Package inputenc Error: Unicode character —Ä (U+0440)
(inputenc)                not set up for use with LaTeX.

See the inputenc package documentation for explanation.
Type  H <return>  for immediate help.
 ...                                              
                                                  
l.4 ...∞—à–∏—Ñ—Ä–æ–≤–∞–Ω–∏–∏ –∏–ª–∏ —Ä–∞—Å—à–∏—Ñ—Ä
                                                  –æ–≤–∞–Ω–∏–∏ –Ω–µ–∫–æ—Ç–æ—...

You may provide a definition with
\DeclareUnicodeCharacter 


! Package inputenc Error: Unicode character –æ (U+043E)
(inputenc)                not set up for use with LaTeX.

See the inputenc package documentation for explanation.
Type  H <return>  for immediate help.
 ...                                              
                                                  
l.4 ...à–∏—Ñ—Ä–æ–≤–∞–Ω–∏–∏ –∏–ª–∏ —Ä–∞—Å—à–∏—Ñ—Ä–æ
                                                  –≤–∞–Ω–∏–∏ –Ω–µ–∫–æ—Ç–æ—Ä–...

You may provide a definition with
\DeclareUnicodeCharacter 


! Package inputenc Error: Unicode character –≤ (U+0432)
(inputenc)                not set up for use with LaTeX.

See the inputenc package documentation for explanation.
Type  H <return>  for immediate help.
 ...                                              
                                                  
l.4 ...∏—Ñ—Ä–æ–≤–∞–Ω–∏–∏ –∏–ª–∏ —Ä–∞—Å—à–∏—Ñ—Ä–æ–≤
                                                  –∞–Ω–∏–∏ –Ω–µ–∫–æ—Ç–æ—Ä–æ–...

You may provide a definition with
\DeclareUnicodeCharacter 


! Package inputenc Error: Unicode character –∞ (U+0430)
(inputenc)                not set up for use with LaTeX.

See the inputenc package documentation for explanation.
Type  H <return>  for immediate help.
 ...                                              
                                                  
l.4 ...Ñ—Ä–æ–≤–∞–Ω–∏–∏ –∏–ª–∏ —Ä–∞—Å—à–∏—Ñ—Ä–æ–≤–∞
                                                  –Ω–∏–∏ –Ω–µ–∫–æ—Ç–æ—Ä–æ–≥–...

You may provide a definition with
\DeclareUnicodeCharacter 


! Package inputenc Error: Unicode character –Ω (U+043D)
(inputenc)                not set up for use with LaTeX.

See the inputenc package documentation for explanation.
Type  H <return>  for immediate help.
 ...                                              
                                                  
l.4 ...Ä–æ–≤–∞–Ω–∏–∏ –∏–ª–∏ —Ä–∞—Å—à–∏—Ñ—Ä–æ–≤–∞–Ω
                                                  –∏–∏ –Ω–µ–∫–æ—Ç–æ—Ä–æ–≥–æ ...

You may provide a definition with
\DeclareUnicodeCharacter 


! Package inputenc Error: Unicode character –∏ (U+0438)
(inputenc)                not set up for use with LaTeX.

See the inputenc package documentation for explanation.
Type  H <return>  for immediate help.
 ...                                              
                                                  
l.4 ...æ–≤–∞–Ω–∏–∏ –∏–ª–∏ —Ä–∞—Å—à–∏—Ñ—Ä–æ–≤–∞–Ω–∏
                                                  –∏ –Ω–µ–∫–æ—Ç–æ—Ä–æ–≥–æ —Ç...

You may provide a definition with
\DeclareUnicodeCharacter 


! Package inputenc Error: Unicode character –∏ (U+0438)
(inputenc)                not set up for use with LaTeX.

See the inputenc package documentation for explanation.
Type  H <return>  for immediate help.
 ...                                              
                                                  
l.4 ...≤–∞–Ω–∏–∏ –∏–ª–∏ —Ä–∞—Å—à–∏—Ñ—Ä–æ–≤–∞–Ω–∏–∏
                                                   –Ω–µ–∫–æ—Ç–æ—Ä–æ–≥–æ —Ç–µ...

You may provide a definition with
\DeclareUnicodeCharacter 


! Package inputenc Error: Unicode character –Ω (U+043D)
(inputenc)                not set up for use with LaTeX.

See the inputenc package documentation for explanation.
Type  H <return>  for immediate help.
 ...                                              
                                                  
l.4 ...–Ω–∏–∏ –∏–ª–∏ —Ä–∞—Å—à–∏—Ñ—Ä–æ–≤–∞–Ω–∏–∏ –Ω
                                                  –µ–∫–æ—Ç–æ—Ä–æ–≥–æ —Ç–µ–∫—...

You may provide a definition with
\DeclareUnicodeCharacter 


! Package inputenc Error: Unicode character –µ (U+0435)
(inputenc)                not set up for use with LaTeX.

See the inputenc package documentation for explanation.
Type  H <return>  for immediate help.
 ...                                              
                                                  
l.4 ...–∏–∏ –∏–ª–∏ —Ä–∞—Å—à–∏—Ñ—Ä–æ–≤–∞–Ω–∏–∏ –Ω–µ
                                                  –∫–æ—Ç–æ—Ä–æ–≥–æ —Ç–µ–∫—Å—...

You may provide a definition with
\DeclareUnicodeCharacter 


! Package inputenc Error: Unicode character –∫ (U+043A)
(inputenc)                not set up for use with LaTeX.

See the inputenc package documentation for explanation.
Type  H <return>  for immediate help.
 ...                                              
                                                  
l.4 ...–∏ –∏–ª–∏ —Ä–∞—Å—à–∏—Ñ—Ä–æ–≤–∞–Ω–∏–∏ –Ω–µ–∫
                                                  –æ—Ç–æ—Ä–æ–≥–æ —Ç–µ–∫—Å—Ç–...

You may provide a definition with
\DeclareUnicodeCharacter 


! Package inputenc Error: Unicode character –æ (U+043E)
(inputenc)                not set up for use with LaTeX.

See the inputenc package documentation for explanation.
Type  H <return>  for immediate help.
 ...                                              
                                                  
l.4 ... –∏–ª–∏ —Ä–∞—Å—à–∏—Ñ—Ä–æ–≤–∞–Ω–∏–∏ –Ω–µ–∫–æ
                                                  —Ç–æ—Ä–æ–≥–æ —Ç–µ–∫—Å—Ç–æ–...

You may provide a definition with
\DeclareUnicodeCharacter 


! Package inputenc Error: Unicode character —Ç (U+0442)
(inputenc)                not set up for use with LaTeX.

See the inputenc package documentation for explanation.
Type  H <return>  for immediate help.
 ...                                              
                                                  
l.4 ...∏–ª–∏ —Ä–∞—Å—à–∏—Ñ—Ä–æ–≤–∞–Ω–∏–∏ –Ω–µ–∫–æ—Ç
                                                  –æ—Ä–æ–≥–æ —Ç–µ–∫—Å—Ç–æ–≤–...

You may provide a definition with
\DeclareUnicodeCharacter 


! Package inputenc Error: Unicode character –æ (U+043E)
(inputenc)                not set up for use with LaTeX.

See the inputenc package documentation for explanation.
Type  H <return>  for immediate help.
 ...                                              
                                                  
l.4 ...ª–∏ —Ä–∞—Å—à–∏—Ñ—Ä–æ–≤–∞–Ω–∏–∏ –Ω–µ–∫–æ—Ç–æ
                                                  —Ä–æ–≥–æ —Ç–µ–∫—Å—Ç–æ–≤–æ–...

You may provide a definition with
\DeclareUnicodeCharacter 


! Package inputenc Error: Unicode character —Ä (U+0440)
(inputenc)                not set up for use with LaTeX.

See the inputenc package documentation for explanation.
Type  H <return>  for immediate help.
 ...                                              
                                                  
l.4 ...∏ —Ä–∞—Å—à–∏—Ñ—Ä–æ–≤–∞–Ω–∏–∏ –Ω–µ–∫–æ—Ç–æ—Ä
                                                  –æ–≥–æ —Ç–µ–∫—Å—Ç–æ–≤–æ–≥–...

You may provide a definition with
\DeclareUnicodeCharacter 


! Package inputenc Error: Unicode character –æ (U+043E)
(inputenc)                not set up for use with LaTeX.

See the inputenc package documentation for explanation.
Type  H <return>  for immediate help.
 ...                                              
                                                  
l.4 ...—Ä–∞—Å—à–∏—Ñ—Ä–æ–≤–∞–Ω–∏–∏ –Ω–µ–∫–æ—Ç–æ—Ä–æ
                                                  –≥–æ —Ç–µ–∫—Å—Ç–æ–≤–æ–≥–æ ...

You may provide a definition with
\DeclareUnicodeCharacter 


! Package inputenc Error: Unicode character –≥ (U+0433)
(inputenc)                not set up for use with LaTeX.

See the inputenc package documentation for explanation.
Type  H <return>  for immediate help.
 ...                                              
                                                  
l.4 ...–∞—Å—à–∏—Ñ—Ä–æ–≤–∞–Ω–∏–∏ –Ω–µ–∫–æ—Ç–æ—Ä–æ–≥
                                                  –æ —Ç–µ–∫—Å—Ç–æ–≤–æ–≥–æ —Å...

You may provide a definition with
\DeclareUnicodeCharacter 


! Package inputenc Error: Unicode character –æ (U+043E)
(inputenc)                not set up for use with LaTeX.

See the inputenc package documentation for explanation.
Type  H <return>  for immediate help.
 ...                                              
                                                  
l.4 ...—Å—à–∏—Ñ—Ä–æ–≤–∞–Ω–∏–∏ –Ω–µ–∫–æ—Ç–æ—Ä–æ–≥–æ
                                                   —Ç–µ–∫—Å—Ç–æ–≤–æ–≥–æ —Å–æ...

You may provide a definition with
\DeclareUnicodeCharacter 


! Package inputenc Error: Unicode character —Ç (U+0442)
(inputenc)                not set up for use with LaTeX.

See the inputenc package documentation for explanation.
Type  H <return>  for immediate help.
 ...                                              
                                                  
l.4 ...à–∏—Ñ—Ä–æ–≤–∞–Ω–∏–∏ –Ω–µ–∫–æ—Ç–æ—Ä–æ–≥–æ —Ç
                                                  –µ–∫—Å—Ç–æ–≤–æ–≥–æ —Å–æ–æ–...

You may provide a definition with
\DeclareUnicodeCharacter 


! Package inputenc Error: Unicode character –µ (U+0435)
(inputenc)                not set up for use with LaTeX.

See the inputenc package documentation for explanation.
Type  H <return>  for immediate help.
 ...                                              
                                                  
l.4 ...∏—Ñ—Ä–æ–≤–∞–Ω–∏–∏ –Ω–µ–∫–æ—Ç–æ—Ä–æ–≥–æ —Ç–µ
                                                  –∫—Å—Ç–æ–≤–æ–≥–æ —Å–æ–æ–±—...

You may provide a definition with
\DeclareUnicodeCharacter 


! Package inputenc Error: Unicode character –∫ (U+043A)
(inputenc)                not set up for use with LaTeX.

See the inputenc package documentation for explanation.
Type  H <return>  for immediate help.
 ...                                              
                                                  
l.4 ...Ñ—Ä–æ–≤–∞–Ω–∏–∏ –Ω–µ–∫–æ—Ç–æ—Ä–æ–≥–æ —Ç–µ–∫
                                                  —Å—Ç–æ–≤–æ–≥–æ —Å–æ–æ–±—â–...

You may provide a definition with
\DeclareUnicodeCharacter 


! Package inputenc Error: Unicode character —Å (U+0441)
(inputenc)                not set up for use with LaTeX.

See the inputenc package documentation for explanation.
Type  H <return>  for immediate help.
 ...                                              
                                                  
l.4 ...Ä–æ–≤–∞–Ω–∏–∏ –Ω–µ–∫–æ—Ç–æ—Ä–æ–≥–æ —Ç–µ–∫—Å
                                                  —Ç–æ–≤–æ–≥–æ —Å–æ–æ–±—â–µ–...

You may provide a definition with
\DeclareUnicodeCharacter 


! Package inputenc Error: Unicode character —Ç (U+0442)
(inputenc)                not set up for use with LaTeX.

See the inputenc package documentation for explanation.
Type  H <return>  for immediate help.
 ...                                              
                                                  
l.4 ...æ–≤–∞–Ω–∏–∏ –Ω–µ–∫–æ—Ç–æ—Ä–æ–≥–æ —Ç–µ–∫—Å—Ç
                                                  –æ–≤–æ–≥–æ —Å–æ–æ–±—â–µ–Ω–...

You may provide a definition with
\DeclareUnicodeCharacter 


! Package inputenc Error: Unicode character –æ (U+043E)
(inputenc)                not set up for use with LaTeX.

See the inputenc package documentation for explanation.
Type  H <return>  for immediate help.
 ...                                              
                                                  
l.4 ...≤–∞–Ω–∏–∏ –Ω–µ–∫–æ—Ç–æ—Ä–æ–≥–æ —Ç–µ–∫—Å—Ç–æ
                                                  –≤–æ–≥–æ —Å–æ–æ–±—â–µ–Ω–∏—...

You may provide a definition with
\DeclareUnicodeCharacter 


! Package inputenc Error: Unicode character –≤ (U+0432)
(inputenc)                not set up for use with LaTeX.

See the inputenc package documentation for explanation.
Type  H <return>  for immediate help.
 ...                                              
                                                  
l.4 ...∞–Ω–∏–∏ –Ω–µ–∫–æ—Ç–æ—Ä–æ–≥–æ —Ç–µ–∫—Å—Ç–æ–≤
                                                  –æ–≥–æ —Å–æ–æ–±—â–µ–Ω–∏—è ...

You may provide a definition with
\DeclareUnicodeCharacter 


! Package inputenc Error: Unicode character –æ (U+043E)
(inputenc)                not set up for use with LaTeX.

See the inputenc package documentation for explanation.
Type  H <return>  for immediate help.
 ...                                              
                                                  
l.4 ...Ω–∏–∏ –Ω–µ–∫–æ—Ç–æ—Ä–æ–≥–æ —Ç–µ–∫—Å—Ç–æ–≤–æ
                                                  –≥–æ —Å–æ–æ–±—â–µ–Ω–∏—è –ø...

You may provide a definition with
\DeclareUnicodeCharacter 


! Package inputenc Error: Unicode character –≥ (U+0433)
(inputenc)                not set up for use with LaTeX.

See the inputenc package documentation for explanation.
Type  H <return>  for immediate help.
 ...                                              
                                                  
l.4 ...∏–∏ –Ω–µ–∫–æ—Ç–æ—Ä–æ–≥–æ —Ç–µ–∫—Å—Ç–æ–≤–æ–≥
                                                  –æ —Å–æ–æ–±—â–µ–Ω–∏—è –ø–æ...

You may provide a definition with
\DeclareUnicodeCharacter 


! Package inputenc Error: Unicode character –æ (U+043E)
(inputenc)                not set up for use with LaTeX.

See the inputenc package documentation for explanation.
Type  H <return>  for immediate help.
 ...                                              
                                                  
l.4 ...∏ –Ω–µ–∫–æ—Ç–æ—Ä–æ–≥–æ —Ç–µ–∫—Å—Ç–æ–≤–æ–≥–æ
                                                   —Å–æ–æ–±—â–µ–Ω–∏—è –ø–æ –...

You may provide a definition with
\DeclareUnicodeCharacter 


! Package inputenc Error: Unicode character —Å (U+0441)
(inputenc)                not set up for use with LaTeX.

See the inputenc package documentation for explanation.
Type  H <return>  for immediate help.
 ...                                              
                                                  
l.4 ...Ω–µ–∫–æ—Ç–æ—Ä–æ–≥–æ —Ç–µ–∫—Å—Ç–æ–≤–æ–≥–æ —Å
                                                  –æ–æ–±—â–µ–Ω–∏—è –ø–æ –∑–∞...

You may provide a definition with
\DeclareUnicodeCharacter 


! Package inputenc Error: Unicode character –æ (U+043E)
(inputenc)                not set up for use with LaTeX.

See the inputenc package documentation for explanation.
Type  H <return>  for immediate help.
 ...                                              
                                                  
l.4 ...µ–∫–æ—Ç–æ—Ä–æ–≥–æ —Ç–µ–∫—Å—Ç–æ–≤–æ–≥–æ —Å–æ
                                                  –æ–±—â–µ–Ω–∏—è –ø–æ –∑–∞–¥...

You may provide a definition with
\DeclareUnicodeCharacter 


! Package inputenc Error: Unicode character –æ (U+043E)
(inputenc)                not set up for use with LaTeX.

See the inputenc package documentation for explanation.
Type  H <return>  for immediate help.
 ...                                              
                                                  
l.4 ...∫–æ—Ç–æ—Ä–æ–≥–æ —Ç–µ–∫—Å—Ç–æ–≤–æ–≥–æ —Å–æ–æ
                                                  –±—â–µ–Ω–∏—è –ø–æ –∑–∞–¥–∞...

You may provide a definition with
\DeclareUnicodeCharacter 


! Package inputenc Error: Unicode character –± (U+0431)
(inputenc)                not set up for use with LaTeX.

See the inputenc package documentation for explanation.
Type  H <return>  for immediate help.
 ...                                              
                                                  
l.4 ...æ—Ç–æ—Ä–æ–≥–æ —Ç–µ–∫—Å—Ç–æ–≤–æ–≥–æ —Å–æ–æ–±
                                                  —â–µ–Ω–∏—è –ø–æ –∑–∞–¥–∞–Ω...

You may provide a definition with
\DeclareUnicodeCharacter 


! Package inputenc Error: Unicode character —â (U+0449)
(inputenc)                not set up for use with LaTeX.

See the inputenc package documentation for explanation.
Type  H <return>  for immediate help.
 ...                                              
                                                  
l.4 ...Ç–æ—Ä–æ–≥–æ —Ç–µ–∫—Å—Ç–æ–≤–æ–≥–æ —Å–æ–æ–±—â
                                                  –µ–Ω–∏—è –ø–æ –∑–∞–¥–∞–Ω–Ω...

You may provide a definition with
\DeclareUnicodeCharacter 


! Package inputenc Error: Unicode character –µ (U+0435)
(inputenc)                not set up for use with LaTeX.

See the inputenc package documentation for explanation.
Type  H <return>  for immediate help.
 ...                                              
                                                  
l.4 ...æ—Ä–æ–≥–æ —Ç–µ–∫—Å—Ç–æ–≤–æ–≥–æ —Å–æ–æ–±—â–µ
                                                  –Ω–∏—è –ø–æ –∑–∞–¥–∞–Ω–Ω–æ...

You may provide a definition with
\DeclareUnicodeCharacter 


! Package inputenc Error: Unicode character –Ω (U+043D)
(inputenc)                not set up for use with LaTeX.

See the inputenc package documentation for explanation.
Type  H <return>  for immediate help.
 ...                                              
                                                  
l.4 ...Ä–æ–≥–æ —Ç–µ–∫—Å—Ç–æ–≤–æ–≥–æ —Å–æ–æ–±—â–µ–Ω
                                                  –∏—è –ø–æ –∑–∞–¥–∞–Ω–Ω–æ–º...
(That makes 100 errors; please try again.) 
Here is how much of TeX's memory you used:
 36 strings out of 492902
 618 string characters out of 3133553
 57478 words of memory out of 3000000
 4044 multiletter control sequences out of 15000+200000
 3640 words of font info for 14 fonts, out of 3000000 for 9000
 1141 hyphenation exceptions out of 8191
 10i,0n,10p,712b,32s stack positions out of 5000i,500n,10000p,200000b,50000s

!  ==> Fatal error occurred, no output PDF file produced!
