This is pdfTeX, Version 3.14159265-2.6-1.40.21 (MiKTeX 20.11) (preloaded format=pdflatex 2020.12.27)  31 MAR 2021 13:11
entering extended mode
**./32-chapter-two.tex
(32-chapter-two.tex
LaTeX2e <2020-10-01> patch level 2
L3 programming layer <2020-10-27> xparse <2020-03-03>
! Undefined control sequence.
l.1 \chapter
            {–í—Ç–æ—Ä–∞—è –≥–ª–∞–≤–∞. –ü—Ä–æ–≥—Ä–∞–º–º–Ω–∞—è —Ä–µ–∞–ª–∏–∑–∞—...
The control sequence at the end of the top line
of your error message was never \def'ed. If you have
misspelled it (e.g., `\hobx'), type `I' and the correct
spelling (e.g., `I\hbox'). Otherwise just continue,
and I'll forget about whatever was undefined.


! Package inputenc Error: Unicode character –í (U+0412)
(inputenc)                not set up for use with LaTeX.

See the inputenc package documentation for explanation.
Type  H <return>  for immediate help.
 ...                                              
                                                  
l.1 \chapter{–í
               —Ç–æ—Ä–∞—è –≥–ª–∞–≤–∞. –ü—Ä–æ–≥—Ä–∞–º–º–Ω–∞—è —Ä–µ–∞–ª–∏–∑–∞—...

You may provide a definition with
\DeclareUnicodeCharacter 


! Package inputenc Error: Unicode character —Ç (U+0442)
(inputenc)                not set up for use with LaTeX.

See the inputenc package documentation for explanation.
Type  H <return>  for immediate help.
 ...                                              
                                                  
l.1 \chapter{–í—Ç
                 –æ—Ä–∞—è –≥–ª–∞–≤–∞. –ü—Ä–æ–≥—Ä–∞–º–º–Ω–∞—è —Ä–µ–∞–ª–∏–∑–∞—...

You may provide a definition with
\DeclareUnicodeCharacter 


! Package inputenc Error: Unicode character –æ (U+043E)
(inputenc)                not set up for use with LaTeX.

See the inputenc package documentation for explanation.
Type  H <return>  for immediate help.
 ...                                              
                                                  
l.1 \chapter{–í—Ç–æ
                   —Ä–∞—è –≥–ª–∞–≤–∞. –ü—Ä–æ–≥—Ä–∞–º–º–Ω–∞—è —Ä–µ–∞–ª–∏–∑–∞—...

You may provide a definition with
\DeclareUnicodeCharacter 


! Package inputenc Error: Unicode character —Ä (U+0440)
(inputenc)                not set up for use with LaTeX.

See the inputenc package documentation for explanation.
Type  H <return>  for immediate help.
 ...                                              
                                                  
l.1 \chapter{–í—Ç–æ—Ä
                     –∞—è –≥–ª–∞–≤–∞. –ü—Ä–æ–≥—Ä–∞–º–º–Ω–∞—è —Ä–µ–∞–ª–∏–∑–∞—...

You may provide a definition with
\DeclareUnicodeCharacter 


! Package inputenc Error: Unicode character –∞ (U+0430)
(inputenc)                not set up for use with LaTeX.

See the inputenc package documentation for explanation.
Type  H <return>  for immediate help.
 ...                                              
                                                  
l.1 \chapter{–í—Ç–æ—Ä–∞
                       —è –≥–ª–∞–≤–∞. –ü—Ä–æ–≥—Ä–∞–º–º–Ω–∞—è —Ä–µ–∞–ª–∏–∑–∞—...

You may provide a definition with
\DeclareUnicodeCharacter 


! Package inputenc Error: Unicode character —è (U+044F)
(inputenc)                not set up for use with LaTeX.

See the inputenc package documentation for explanation.
Type  H <return>  for immediate help.
 ...                                              
                                                  
l.1 \chapter{–í—Ç–æ—Ä–∞—è
                          –≥–ª–∞–≤–∞. –ü—Ä–æ–≥—Ä–∞–º–º–Ω–∞—è —Ä–µ–∞–ª–∏–∑–∞—...

You may provide a definition with
\DeclareUnicodeCharacter 


! Package inputenc Error: Unicode character –≥ (U+0433)
(inputenc)                not set up for use with LaTeX.

See the inputenc package documentation for explanation.
Type  H <return>  for immediate help.
 ...                                              
                                                  
l.1 \chapter{–í—Ç–æ—Ä–∞—è –≥
                            –ª–∞–≤–∞. –ü—Ä–æ–≥—Ä–∞–º–º–Ω–∞—è —Ä–µ–∞–ª–∏–∑–∞—...

You may provide a definition with
\DeclareUnicodeCharacter 


! Package inputenc Error: Unicode character –ª (U+043B)
(inputenc)                not set up for use with LaTeX.

See the inputenc package documentation for explanation.
Type  H <return>  for immediate help.
 ...                                              
                                                  
l.1 \chapter{–í—Ç–æ—Ä–∞—è –≥–ª
                              –∞–≤–∞. –ü—Ä–æ–≥—Ä–∞–º–º–Ω–∞—è —Ä–µ–∞–ª–∏–∑–∞—...

You may provide a definition with
\DeclareUnicodeCharacter 


! Package inputenc Error: Unicode character –∞ (U+0430)
(inputenc)                not set up for use with LaTeX.

See the inputenc package documentation for explanation.
Type  H <return>  for immediate help.
 ...                                              
                                                  
l.1 \chapter{–í—Ç–æ—Ä–∞—è –≥–ª–∞
                                –≤–∞. –ü—Ä–æ–≥—Ä–∞–º–º–Ω–∞—è —Ä–µ–∞–ª–∏–∑–∞—...

You may provide a definition with
\DeclareUnicodeCharacter 


! Package inputenc Error: Unicode character –≤ (U+0432)
(inputenc)                not set up for use with LaTeX.

See the inputenc package documentation for explanation.
Type  H <return>  for immediate help.
 ...                                              
                                                  
l.1 \chapter{–í—Ç–æ—Ä–∞—è –≥–ª–∞–≤
                                  –∞. –ü—Ä–æ–≥—Ä–∞–º–º–Ω–∞—è —Ä–µ–∞–ª–∏–∑–∞—...

You may provide a definition with
\DeclareUnicodeCharacter 


! Package inputenc Error: Unicode character –∞ (U+0430)
(inputenc)                not set up for use with LaTeX.

See the inputenc package documentation for explanation.
Type  H <return>  for immediate help.
 ...                                              
                                                  
l.1 \chapter{–í—Ç–æ—Ä–∞—è –≥–ª–∞–≤–∞
                                    . –ü—Ä–æ–≥—Ä–∞–º–º–Ω–∞—è —Ä–µ–∞–ª–∏–∑–∞—...

You may provide a definition with
\DeclareUnicodeCharacter 


! LaTeX Error: Missing \begin{document}.

See the LaTeX manual or LaTeX Companion for explanation.
Type  H <return>  for immediate help.
 ...                                              
                                                  
l.1 \chapter{–í—Ç–æ—Ä–∞—è –≥–ª–∞–≤–∞.
                                      –ü—Ä–æ–≥—Ä–∞–º–º–Ω–∞—è —Ä–µ–∞–ª–∏–∑–∞—...

You're in trouble here.  Try typing  <return>  to proceed.
If that doesn't work, type  X <return>  to quit.

Missing character: There is no . in font nullfont!

! Package inputenc Error: Unicode character –ü (U+041F)
(inputenc)                not set up for use with LaTeX.

See the inputenc package documentation for explanation.
Type  H <return>  for immediate help.
 ...                                              
                                                  
l.1 \chapter{–í—Ç–æ—Ä–∞—è –≥–ª–∞–≤–∞. –ü
                                        —Ä–æ–≥—Ä–∞–º–º–Ω–∞—è —Ä–µ–∞–ª–∏–∑–∞—...

You may provide a definition with
\DeclareUnicodeCharacter 


! Package inputenc Error: Unicode character —Ä (U+0440)
(inputenc)                not set up for use with LaTeX.

See the inputenc package documentation for explanation.
Type  H <return>  for immediate help.
 ...                                              
                                                  
l.1 \chapter{–í—Ç–æ—Ä–∞—è –≥–ª–∞–≤–∞. –ü—Ä
                                          –æ–≥—Ä–∞–º–º–Ω–∞—è —Ä–µ–∞–ª–∏–∑–∞—...

You may provide a definition with
\DeclareUnicodeCharacter 


! Package inputenc Error: Unicode character –æ (U+043E)
(inputenc)                not set up for use with LaTeX.

See the inputenc package documentation for explanation.
Type  H <return>  for immediate help.
 ...                                              
                                                  
l.1 \chapter{–í—Ç–æ—Ä–∞—è –≥–ª–∞–≤–∞. –ü—Ä–æ
                                            –≥—Ä–∞–º–º–Ω–∞—è —Ä–µ–∞–ª–∏–∑–∞—...

You may provide a definition with
\DeclareUnicodeCharacter 


! Package inputenc Error: Unicode character –≥ (U+0433)
(inputenc)                not set up for use with LaTeX.

See the inputenc package documentation for explanation.
Type  H <return>  for immediate help.
 ...                                              
                                                  
l.1 \chapter{–í—Ç–æ—Ä–∞—è –≥–ª–∞–≤–∞. –ü—Ä–æ–≥
                                              —Ä–∞–º–º–Ω–∞—è —Ä–µ–∞–ª–∏–∑–∞—...

You may provide a definition with
\DeclareUnicodeCharacter 


! Package inputenc Error: Unicode character —Ä (U+0440)
(inputenc)                not set up for use with LaTeX.

See the inputenc package documentation for explanation.
Type  H <return>  for immediate help.
 ...                                              
                                                  
l.1 \chapter{–í—Ç–æ—Ä–∞—è –≥–ª–∞–≤–∞. –ü—Ä–æ–≥—Ä
                                                –∞–º–º–Ω–∞—è —Ä–µ–∞–ª–∏–∑–∞—...

You may provide a definition with
\DeclareUnicodeCharacter 


! Package inputenc Error: Unicode character –∞ (U+0430)
(inputenc)                not set up for use with LaTeX.

See the inputenc package documentation for explanation.
Type  H <return>  for immediate help.
 ...                                              
                                                  
l.1 \chapter{–í—Ç–æ—Ä–∞—è –≥–ª–∞–≤–∞. –ü—Ä–æ–≥—Ä–∞
                                                  –º–º–Ω–∞—è —Ä–µ–∞–ª–∏–∑–∞—...

You may provide a definition with
\DeclareUnicodeCharacter 


! Package inputenc Error: Unicode character –º (U+043C)
(inputenc)                not set up for use with LaTeX.

See the inputenc package documentation for explanation.
Type  H <return>  for immediate help.
 ...                                              
                                                  
l.1 ...ter{–í—Ç–æ—Ä–∞—è –≥–ª–∞–≤–∞. –ü—Ä–æ–≥—Ä–∞–º
                                                  –º–Ω–∞—è —Ä–µ–∞–ª–∏–∑–∞—Ü–...

You may provide a definition with
\DeclareUnicodeCharacter 


! Package inputenc Error: Unicode character –º (U+043C)
(inputenc)                not set up for use with LaTeX.

See the inputenc package documentation for explanation.
Type  H <return>  for immediate help.
 ...                                              
                                                  
l.1 ...r{–í—Ç–æ—Ä–∞—è –≥–ª–∞–≤–∞. –ü—Ä–æ–≥—Ä–∞–º–º
                                                  –Ω–∞—è —Ä–µ–∞–ª–∏–∑–∞—Ü–∏—...

You may provide a definition with
\DeclareUnicodeCharacter 


! Package inputenc Error: Unicode character –Ω (U+043D)
(inputenc)                not set up for use with LaTeX.

See the inputenc package documentation for explanation.
Type  H <return>  for immediate help.
 ...                                              
                                                  
l.1 ...–í—Ç–æ—Ä–∞—è –≥–ª–∞–≤–∞. –ü—Ä–æ–≥—Ä–∞–º–º–Ω
                                                  –∞—è —Ä–µ–∞–ª–∏–∑–∞—Ü–∏—è ...

You may provide a definition with
\DeclareUnicodeCharacter 


! Package inputenc Error: Unicode character –∞ (U+0430)
(inputenc)                not set up for use with LaTeX.

See the inputenc package documentation for explanation.
Type  H <return>  for immediate help.
 ...                                              
                                                  
l.1 ...—Ç–æ—Ä–∞—è –≥–ª–∞–≤–∞. –ü—Ä–æ–≥—Ä–∞–º–º–Ω–∞
                                                  —è —Ä–µ–∞–ª–∏–∑–∞—Ü–∏—è –∞...

You may provide a definition with
\DeclareUnicodeCharacter 


! Package inputenc Error: Unicode character —è (U+044F)
(inputenc)                not set up for use with LaTeX.

See the inputenc package documentation for explanation.
Type  H <return>  for immediate help.
 ...                                              
                                                  
l.1 ...–æ—Ä–∞—è –≥–ª–∞–≤–∞. –ü—Ä–æ–≥—Ä–∞–º–º–Ω–∞—è
                                                   —Ä–µ–∞–ª–∏–∑–∞—Ü–∏—è –∞–ª...

You may provide a definition with
\DeclareUnicodeCharacter 


! Package inputenc Error: Unicode character —Ä (U+0440)
(inputenc)                not set up for use with LaTeX.

See the inputenc package documentation for explanation.
Type  H <return>  for immediate help.
 ...                                              
                                                  
l.1 ...Ä–∞—è –≥–ª–∞–≤–∞. –ü—Ä–æ–≥—Ä–∞–º–º–Ω–∞—è —Ä
                                                  –µ–∞–ª–∏–∑–∞—Ü–∏—è –∞–ª–≥–...

You may provide a definition with
\DeclareUnicodeCharacter 


! Package inputenc Error: Unicode character –µ (U+0435)
(inputenc)                not set up for use with LaTeX.

See the inputenc package documentation for explanation.
Type  H <return>  for immediate help.
 ...                                              
                                                  
l.1 ...∞—è –≥–ª–∞–≤–∞. –ü—Ä–æ–≥—Ä–∞–º–º–Ω–∞—è —Ä–µ
                                                  –∞–ª–∏–∑–∞—Ü–∏—è –∞–ª–≥–æ—...

You may provide a definition with
\DeclareUnicodeCharacter 


! Package inputenc Error: Unicode character –∞ (U+0430)
(inputenc)                not set up for use with LaTeX.

See the inputenc package documentation for explanation.
Type  H <return>  for immediate help.
 ...                                              
                                                  
l.1 ...è –≥–ª–∞–≤–∞. –ü—Ä–æ–≥—Ä–∞–º–º–Ω–∞—è —Ä–µ–∞
                                                  –ª–∏–∑–∞—Ü–∏—è –∞–ª–≥–æ—Ä–...

You may provide a definition with
\DeclareUnicodeCharacter 


! Package inputenc Error: Unicode character –ª (U+043B)
(inputenc)                not set up for use with LaTeX.

See the inputenc package documentation for explanation.
Type  H <return>  for immediate help.
 ...                                              
                                                  
l.1 ...–≥–ª–∞–≤–∞. –ü—Ä–æ–≥—Ä–∞–º–º–Ω–∞—è —Ä–µ–∞–ª
                                                  –∏–∑–∞—Ü–∏—è –∞–ª–≥–æ—Ä–∏—...

You may provide a definition with
\DeclareUnicodeCharacter 


! Package inputenc Error: Unicode character –∏ (U+0438)
(inputenc)                not set up for use with LaTeX.

See the inputenc package documentation for explanation.
Type  H <return>  for immediate help.
 ...                                              
                                                  
l.1 ...–ª–∞–≤–∞. –ü—Ä–æ–≥—Ä–∞–º–º–Ω–∞—è —Ä–µ–∞–ª–∏
                                                  –∑–∞—Ü–∏—è –∞–ª–≥–æ—Ä–∏—Ç–...

You may provide a definition with
\DeclareUnicodeCharacter 


! Package inputenc Error: Unicode character –∑ (U+0437)
(inputenc)                not set up for use with LaTeX.

See the inputenc package documentation for explanation.
Type  H <return>  for immediate help.
 ...                                              
                                                  
l.1 ...–∞–≤–∞. –ü—Ä–æ–≥—Ä–∞–º–º–Ω–∞—è —Ä–µ–∞–ª–∏–∑
                                                  –∞—Ü–∏—è –∞–ª–≥–æ—Ä–∏—Ç–º–∞}
You may provide a definition with
\DeclareUnicodeCharacter 


! Package inputenc Error: Unicode character –∞ (U+0430)
(inputenc)                not set up for use with LaTeX.

See the inputenc package documentation for explanation.
Type  H <return>  for immediate help.
 ...                                              
                                                  
l.1 ...–≤–∞. –ü—Ä–æ–≥—Ä–∞–º–º–Ω–∞—è —Ä–µ–∞–ª–∏–∑–∞
                                                  —Ü–∏—è –∞–ª–≥–æ—Ä–∏—Ç–º–∞}
You may provide a definition with
\DeclareUnicodeCharacter 


! Package inputenc Error: Unicode character —Ü (U+0446)
(inputenc)                not set up for use with LaTeX.

See the inputenc package documentation for explanation.
Type  H <return>  for immediate help.
 ...                                              
                                                  
l.1 ...–∞. –ü—Ä–æ–≥—Ä–∞–º–º–Ω–∞—è —Ä–µ–∞–ª–∏–∑–∞—Ü
                                                  –∏—è –∞–ª–≥–æ—Ä–∏—Ç–º–∞}
You may provide a definition with
\DeclareUnicodeCharacter 


! Package inputenc Error: Unicode character –∏ (U+0438)
(inputenc)                not set up for use with LaTeX.

See the inputenc package documentation for explanation.
Type  H <return>  for immediate help.
 ...                                              
                                                  
l.1 .... –ü—Ä–æ–≥—Ä–∞–º–º–Ω–∞—è —Ä–µ–∞–ª–∏–∑–∞—Ü–∏
                                                  —è –∞–ª–≥–æ—Ä–∏—Ç–º–∞}
You may provide a definition with
\DeclareUnicodeCharacter 


! Package inputenc Error: Unicode character —è (U+044F)
(inputenc)                not set up for use with LaTeX.

See the inputenc package documentation for explanation.
Type  H <return>  for immediate help.
 ...                                              
                                                  
l.1 ...–ü—Ä–æ–≥—Ä–∞–º–º–Ω–∞—è —Ä–µ–∞–ª–∏–∑–∞—Ü–∏—è
                                                   –∞–ª–≥–æ—Ä–∏—Ç–º–∞}
You may provide a definition with
\DeclareUnicodeCharacter 


! Package inputenc Error: Unicode character –∞ (U+0430)
(inputenc)                not set up for use with LaTeX.

See the inputenc package documentation for explanation.
Type  H <return>  for immediate help.
 ...                                              
                                                  
l.1 ...Ä–æ–≥—Ä–∞–º–º–Ω–∞—è —Ä–µ–∞–ª–∏–∑–∞—Ü–∏—è –∞
                                                  –ª–≥–æ—Ä–∏—Ç–º–∞}
You may provide a definition with
\DeclareUnicodeCharacter 


! Package inputenc Error: Unicode character –ª (U+043B)
(inputenc)                not set up for use with LaTeX.

See the inputenc package documentation for explanation.
Type  H <return>  for immediate help.
 ...                                              
                                                  
l.1 ...æ–≥—Ä–∞–º–º–Ω–∞—è —Ä–µ–∞–ª–∏–∑–∞—Ü–∏—è –∞–ª
                                                  –≥–æ—Ä–∏—Ç–º–∞}
You may provide a definition with
\DeclareUnicodeCharacter 


! Package inputenc Error: Unicode character –≥ (U+0433)
(inputenc)                not set up for use with LaTeX.

See the inputenc package documentation for explanation.
Type  H <return>  for immediate help.
 ...                                              
                                                  
l.1 ...≥—Ä–∞–º–º–Ω–∞—è —Ä–µ–∞–ª–∏–∑–∞—Ü–∏—è –∞–ª–≥
                                                  –æ—Ä–∏—Ç–º–∞}
You may provide a definition with
\DeclareUnicodeCharacter 


! Package inputenc Error: Unicode character –æ (U+043E)
(inputenc)                not set up for use with LaTeX.

See the inputenc package documentation for explanation.
Type  H <return>  for immediate help.
 ...                                              
                                                  
l.1 ...Ä–∞–º–º–Ω–∞—è —Ä–µ–∞–ª–∏–∑–∞—Ü–∏—è –∞–ª–≥–æ
                                                  —Ä–∏—Ç–º–∞}
You may provide a definition with
\DeclareUnicodeCharacter 


! Package inputenc Error: Unicode character —Ä (U+0440)
(inputenc)                not set up for use with LaTeX.

See the inputenc package documentation for explanation.
Type  H <return>  for immediate help.
 ...                                              
                                                  
l.1 ...∞–º–º–Ω–∞—è —Ä–µ–∞–ª–∏–∑–∞—Ü–∏—è –∞–ª–≥–æ—Ä
                                                  –∏—Ç–º–∞}
You may provide a definition with
\DeclareUnicodeCharacter 


! Package inputenc Error: Unicode character –∏ (U+0438)
(inputenc)                not set up for use with LaTeX.

See the inputenc package documentation for explanation.
Type  H <return>  for immediate help.
 ...                                              
                                                  
l.1 ...º–º–Ω–∞—è —Ä–µ–∞–ª–∏–∑–∞—Ü–∏—è –∞–ª–≥–æ—Ä–∏
                                                  —Ç–º–∞}
You may provide a definition with
\DeclareUnicodeCharacter 


! Package inputenc Error: Unicode character —Ç (U+0442)
(inputenc)                not set up for use with LaTeX.

See the inputenc package documentation for explanation.
Type  H <return>  for immediate help.
 ...                                              
                                                  
l.1 ...º–Ω–∞—è —Ä–µ–∞–ª–∏–∑–∞—Ü–∏—è –∞–ª–≥–æ—Ä–∏—Ç
                                                  –º–∞}
You may provide a definition with
\DeclareUnicodeCharacter 


! Package inputenc Error: Unicode character –º (U+043C)
(inputenc)                not set up for use with LaTeX.

See the inputenc package documentation for explanation.
Type  H <return>  for immediate help.
 ...                                              
                                                  
l.1 ...Ω–∞—è —Ä–µ–∞–ª–∏–∑–∞—Ü–∏—è –∞–ª–≥–æ—Ä–∏—Ç–º
                                                  –∞}
You may provide a definition with
\DeclareUnicodeCharacter 


! Package inputenc Error: Unicode character –∞ (U+0430)
(inputenc)                not set up for use with LaTeX.

See the inputenc package documentation for explanation.
Type  H <return>  for immediate help.
 ...                                              
                                                  
l.1 ...∞—è —Ä–µ–∞–ª–∏–∑–∞—Ü–∏—è –∞–ª–≥–æ—Ä–∏—Ç–º–∞
                                                  }
You may provide a definition with
\DeclareUnicodeCharacter 

! Undefined control sequence.
l.3 \section
            {–û–±—â–∞—è —Å—Ö–µ–º–∞ –≤—ã—á–∏—Å–ª–µ–Ω–∏–π}
The control sequence at the end of the top line
of your error message was never \def'ed. If you have
misspelled it (e.g., `\hobx'), type `I' and the correct
spelling (e.g., `I\hbox'). Otherwise just continue,
and I'll forget about whatever was undefined.


! Package inputenc Error: Unicode character –û (U+041E)
(inputenc)                not set up for use with LaTeX.

See the inputenc package documentation for explanation.
Type  H <return>  for immediate help.
 ...                                              
                                                  
l.3 \section{–û
               –±—â–∞—è —Å—Ö–µ–º–∞ –≤—ã—á–∏—Å–ª–µ–Ω–∏–π}
You may provide a definition with
\DeclareUnicodeCharacter 


! Package inputenc Error: Unicode character –± (U+0431)
(inputenc)                not set up for use with LaTeX.

See the inputenc package documentation for explanation.
Type  H <return>  for immediate help.
 ...                                              
                                                  
l.3 \section{–û–±
                 —â–∞—è —Å—Ö–µ–º–∞ –≤—ã—á–∏—Å–ª–µ–Ω–∏–π}
You may provide a definition with
\DeclareUnicodeCharacter 


! Package inputenc Error: Unicode character —â (U+0449)
(inputenc)                not set up for use with LaTeX.

See the inputenc package documentation for explanation.
Type  H <return>  for immediate help.
 ...                                              
                                                  
l.3 \section{–û–±—â
                   –∞—è —Å—Ö–µ–º–∞ –≤—ã—á–∏—Å–ª–µ–Ω–∏–π}
You may provide a definition with
\DeclareUnicodeCharacter 


! Package inputenc Error: Unicode character –∞ (U+0430)
(inputenc)                not set up for use with LaTeX.

See the inputenc package documentation for explanation.
Type  H <return>  for immediate help.
 ...                                              
                                                  
l.3 \section{–û–±—â–∞
                     —è —Å—Ö–µ–º–∞ –≤—ã—á–∏—Å–ª–µ–Ω–∏–π}
You may provide a definition with
\DeclareUnicodeCharacter 


! Package inputenc Error: Unicode character —è (U+044F)
(inputenc)                not set up for use with LaTeX.

See the inputenc package documentation for explanation.
Type  H <return>  for immediate help.
 ...                                              
                                                  
l.3 \section{–û–±—â–∞—è
                        —Å—Ö–µ–º–∞ –≤—ã—á–∏—Å–ª–µ–Ω–∏–π}
You may provide a definition with
\DeclareUnicodeCharacter 


! Package inputenc Error: Unicode character —Å (U+0441)
(inputenc)                not set up for use with LaTeX.

See the inputenc package documentation for explanation.
Type  H <return>  for immediate help.
 ...                                              
                                                  
l.3 \section{–û–±—â–∞—è —Å
                          —Ö–µ–º–∞ –≤—ã—á–∏—Å–ª–µ–Ω–∏–π}
You may provide a definition with
\DeclareUnicodeCharacter 


! Package inputenc Error: Unicode character —Ö (U+0445)
(inputenc)                not set up for use with LaTeX.

See the inputenc package documentation for explanation.
Type  H <return>  for immediate help.
 ...                                              
                                                  
l.3 \section{–û–±—â–∞—è —Å—Ö
                            –µ–º–∞ –≤—ã—á–∏—Å–ª–µ–Ω–∏–π}
You may provide a definition with
\DeclareUnicodeCharacter 


! Package inputenc Error: Unicode character –µ (U+0435)
(inputenc)                not set up for use with LaTeX.

See the inputenc package documentation for explanation.
Type  H <return>  for immediate help.
 ...                                              
                                                  
l.3 \section{–û–±—â–∞—è —Å—Ö–µ
                              –º–∞ –≤—ã—á–∏—Å–ª–µ–Ω–∏–π}
You may provide a definition with
\DeclareUnicodeCharacter 


! Package inputenc Error: Unicode character –º (U+043C)
(inputenc)                not set up for use with LaTeX.

See the inputenc package documentation for explanation.
Type  H <return>  for immediate help.
 ...                                              
                                                  
l.3 \section{–û–±—â–∞—è —Å—Ö–µ–º
                                –∞ –≤—ã—á–∏—Å–ª–µ–Ω–∏–π}
You may provide a definition with
\DeclareUnicodeCharacter 


! Package inputenc Error: Unicode character –∞ (U+0430)
(inputenc)                not set up for use with LaTeX.

See the inputenc package documentation for explanation.
Type  H <return>  for immediate help.
 ...                                              
                                                  
l.3 \section{–û–±—â–∞—è —Å—Ö–µ–º–∞
                                   –≤—ã—á–∏—Å–ª–µ–Ω–∏–π}
You may provide a definition with
\DeclareUnicodeCharacter 


! Package inputenc Error: Unicode character –≤ (U+0432)
(inputenc)                not set up for use with LaTeX.

See the inputenc package documentation for explanation.
Type  H <return>  for immediate help.
 ...                                              
                                                  
l.3 \section{–û–±—â–∞—è —Å—Ö–µ–º–∞ –≤
                                     —ã—á–∏—Å–ª–µ–Ω–∏–π}
You may provide a definition with
\DeclareUnicodeCharacter 


! Package inputenc Error: Unicode character —ã (U+044B)
(inputenc)                not set up for use with LaTeX.

See the inputenc package documentation for explanation.
Type  H <return>  for immediate help.
 ...                                              
                                                  
l.3 \section{–û–±—â–∞—è —Å—Ö–µ–º–∞ –≤—ã
                                       —á–∏—Å–ª–µ–Ω–∏–π}
You may provide a definition with
\DeclareUnicodeCharacter 


! Package inputenc Error: Unicode character —á (U+0447)
(inputenc)                not set up for use with LaTeX.

See the inputenc package documentation for explanation.
Type  H <return>  for immediate help.
 ...                                              
                                                  
l.3 \section{–û–±—â–∞—è —Å—Ö–µ–º–∞ –≤—ã—á
                                         –∏—Å–ª–µ–Ω–∏–π}
You may provide a definition with
\DeclareUnicodeCharacter 


! Package inputenc Error: Unicode character –∏ (U+0438)
(inputenc)                not set up for use with LaTeX.

See the inputenc package documentation for explanation.
Type  H <return>  for immediate help.
 ...                                              
                                                  
l.3 \section{–û–±—â–∞—è —Å—Ö–µ–º–∞ –≤—ã—á–∏
                                           —Å–ª–µ–Ω–∏–π}
You may provide a definition with
\DeclareUnicodeCharacter 


! Package inputenc Error: Unicode character —Å (U+0441)
(inputenc)                not set up for use with LaTeX.

See the inputenc package documentation for explanation.
Type  H <return>  for immediate help.
 ...                                              
                                                  
l.3 \section{–û–±—â–∞—è —Å—Ö–µ–º–∞ –≤—ã—á–∏—Å
                                             –ª–µ–Ω–∏–π}
You may provide a definition with
\DeclareUnicodeCharacter 


! Package inputenc Error: Unicode character –ª (U+043B)
(inputenc)                not set up for use with LaTeX.

See the inputenc package documentation for explanation.
Type  H <return>  for immediate help.
 ...                                              
                                                  
l.3 \section{–û–±—â–∞—è —Å—Ö–µ–º–∞ –≤—ã—á–∏—Å–ª
                                               –µ–Ω–∏–π}
You may provide a definition with
\DeclareUnicodeCharacter 


! Package inputenc Error: Unicode character –µ (U+0435)
(inputenc)                not set up for use with LaTeX.

See the inputenc package documentation for explanation.
Type  H <return>  for immediate help.
 ...                                              
                                                  
l.3 \section{–û–±—â–∞—è —Å—Ö–µ–º–∞ –≤—ã—á–∏—Å–ª–µ
                                                 –Ω–∏–π}
You may provide a definition with
\DeclareUnicodeCharacter 


! Package inputenc Error: Unicode character –Ω (U+043D)
(inputenc)                not set up for use with LaTeX.

See the inputenc package documentation for explanation.
Type  H <return>  for immediate help.
 ...                                              
                                                  
l.3 ...tion{–û–±—â–∞—è —Å—Ö–µ–º–∞ –≤—ã—á–∏—Å–ª–µ–Ω
                                                  –∏–π}
You may provide a definition with
\DeclareUnicodeCharacter 


! Package inputenc Error: Unicode character –∏ (U+0438)
(inputenc)                not set up for use with LaTeX.

See the inputenc package documentation for explanation.
Type  H <return>  for immediate help.
 ...                                              
                                                  
l.3 ...on{–û–±—â–∞—è —Å—Ö–µ–º–∞ –≤—ã—á–∏—Å–ª–µ–Ω–∏
                                                  –π}
You may provide a definition with
\DeclareUnicodeCharacter 


! Package inputenc Error: Unicode character –π (U+0439)
(inputenc)                not set up for use with LaTeX.

See the inputenc package documentation for explanation.
Type  H <return>  for immediate help.
 ...                                              
                                                  
l.3 ...{–û–±—â–∞—è —Å—Ö–µ–º–∞ –≤—ã—á–∏—Å–ª–µ–Ω–∏–π
                                                  }
You may provide a definition with
\DeclareUnicodeCharacter 

! Undefined control sequence.
l.4 \section
            {–ü–µ—Ä–≤—ã–π –ø—Ä–∏–º–µ—Ä. –ü–æ–∫–µ—Ä –ö—É–Ω–∞}
The control sequence at the end of the top line
of your error message was never \def'ed. If you have
misspelled it (e.g., `\hobx'), type `I' and the correct
spelling (e.g., `I\hbox'). Otherwise just continue,
and I'll forget about whatever was undefined.


! Package inputenc Error: Unicode character –ü (U+041F)
(inputenc)                not set up for use with LaTeX.

See the inputenc package documentation for explanation.
Type  H <return>  for immediate help.
 ...                                              
                                                  
l.4 \section{–ü
               –µ—Ä–≤—ã–π –ø—Ä–∏–º–µ—Ä. –ü–æ–∫–µ—Ä –ö—É–Ω–∞}
You may provide a definition with
\DeclareUnicodeCharacter 


! Package inputenc Error: Unicode character –µ (U+0435)
(inputenc)                not set up for use with LaTeX.

See the inputenc package documentation for explanation.
Type  H <return>  for immediate help.
 ...                                              
                                                  
l.4 \section{–ü–µ
                 —Ä–≤—ã–π –ø—Ä–∏–º–µ—Ä. –ü–æ–∫–µ—Ä –ö—É–Ω–∞}
You may provide a definition with
\DeclareUnicodeCharacter 


! Package inputenc Error: Unicode character —Ä (U+0440)
(inputenc)                not set up for use with LaTeX.

See the inputenc package documentation for explanation.
Type  H <return>  for immediate help.
 ...                                              
                                                  
l.4 \section{–ü–µ—Ä
                   –≤—ã–π –ø—Ä–∏–º–µ—Ä. –ü–æ–∫–µ—Ä –ö—É–Ω–∞}
You may provide a definition with
\DeclareUnicodeCharacter 


! Package inputenc Error: Unicode character –≤ (U+0432)
(inputenc)                not set up for use with LaTeX.

See the inputenc package documentation for explanation.
Type  H <return>  for immediate help.
 ...                                              
                                                  
l.4 \section{–ü–µ—Ä–≤
                     —ã–π –ø—Ä–∏–º–µ—Ä. –ü–æ–∫–µ—Ä –ö—É–Ω–∞}
You may provide a definition with
\DeclareUnicodeCharacter 


! Package inputenc Error: Unicode character —ã (U+044B)
(inputenc)                not set up for use with LaTeX.

See the inputenc package documentation for explanation.
Type  H <return>  for immediate help.
 ...                                              
                                                  
l.4 \section{–ü–µ—Ä–≤—ã
                       –π –ø—Ä–∏–º–µ—Ä. –ü–æ–∫–µ—Ä –ö—É–Ω–∞}
You may provide a definition with
\DeclareUnicodeCharacter 


! Package inputenc Error: Unicode character –π (U+0439)
(inputenc)                not set up for use with LaTeX.

See the inputenc package documentation for explanation.
Type  H <return>  for immediate help.
 ...                                              
                                                  
l.4 \section{–ü–µ—Ä–≤—ã–π
                          –ø—Ä–∏–º–µ—Ä. –ü–æ–∫–µ—Ä –ö—É–Ω–∞}
You may provide a definition with
\DeclareUnicodeCharacter 


! Package inputenc Error: Unicode character –ø (U+043F)
(inputenc)                not set up for use with LaTeX.

See the inputenc package documentation for explanation.
Type  H <return>  for immediate help.
 ...                                              
                                                  
l.4 \section{–ü–µ—Ä–≤—ã–π –ø
                            —Ä–∏–º–µ—Ä. –ü–æ–∫–µ—Ä –ö—É–Ω–∞}
You may provide a definition with
\DeclareUnicodeCharacter 


! Package inputenc Error: Unicode character —Ä (U+0440)
(inputenc)                not set up for use with LaTeX.

See the inputenc package documentation for explanation.
Type  H <return>  for immediate help.
 ...                                              
                                                  
l.4 \section{–ü–µ—Ä–≤—ã–π –ø—Ä
                              –∏–º–µ—Ä. –ü–æ–∫–µ—Ä –ö—É–Ω–∞}
You may provide a definition with
\DeclareUnicodeCharacter 


! Package inputenc Error: Unicode character –∏ (U+0438)
(inputenc)                not set up for use with LaTeX.

See the inputenc package documentation for explanation.
Type  H <return>  for immediate help.
 ...                                              
                                                  
l.4 \section{–ü–µ—Ä–≤—ã–π –ø—Ä–∏
                                –º–µ—Ä. –ü–æ–∫–µ—Ä –ö—É–Ω–∞}
You may provide a definition with
\DeclareUnicodeCharacter 


! Package inputenc Error: Unicode character –º (U+043C)
(inputenc)                not set up for use with LaTeX.

See the inputenc package documentation for explanation.
Type  H <return>  for immediate help.
 ...                                              
                                                  
l.4 \section{–ü–µ—Ä–≤—ã–π –ø—Ä–∏–º
                                  –µ—Ä. –ü–æ–∫–µ—Ä –ö—É–Ω–∞}
You may provide a definition with
\DeclareUnicodeCharacter 


! Package inputenc Error: Unicode character –µ (U+0435)
(inputenc)                not set up for use with LaTeX.

See the inputenc package documentation for explanation.
Type  H <return>  for immediate help.
 ...                                              
                                                  
l.4 \section{–ü–µ—Ä–≤—ã–π –ø—Ä–∏–º–µ
                                    —Ä. –ü–æ–∫–µ—Ä –ö—É–Ω–∞}
You may provide a definition with
\DeclareUnicodeCharacter 


! Package inputenc Error: Unicode character —Ä (U+0440)
(inputenc)                not set up for use with LaTeX.

See the inputenc package documentation for explanation.
Type  H <return>  for immediate help.
 ...                                              
                                                  
l.4 \section{–ü–µ—Ä–≤—ã–π –ø—Ä–∏–º–µ—Ä
                                      . –ü–æ–∫–µ—Ä –ö—É–Ω–∞}
You may provide a definition with
\DeclareUnicodeCharacter 

Missing character: There is no . in font nullfont!

! Package inputenc Error: Unicode character –ü (U+041F)
(inputenc)                not set up for use with LaTeX.

See the inputenc package documentation for explanation.
Type  H <return>  for immediate help.
 ...                                              
                                                  
l.4 \section{–ü–µ—Ä–≤—ã–π –ø—Ä–∏–º–µ—Ä. –ü
                                          –æ–∫–µ—Ä –ö—É–Ω–∞}
You may provide a definition with
\DeclareUnicodeCharacter 


! Package inputenc Error: Unicode character –æ (U+043E)
(inputenc)                not set up for use with LaTeX.

See the inputenc package documentation for explanation.
Type  H <return>  for immediate help.
 ...                                              
                                                  
l.4 \section{–ü–µ—Ä–≤—ã–π –ø—Ä–∏–º–µ—Ä. –ü–æ
                                            –∫–µ—Ä –ö—É–Ω–∞}
You may provide a definition with
\DeclareUnicodeCharacter 


! Package inputenc Error: Unicode character –∫ (U+043A)
(inputenc)                not set up for use with LaTeX.

See the inputenc package documentation for explanation.
Type  H <return>  for immediate help.
 ...                                              
                                                  
l.4 \section{–ü–µ—Ä–≤—ã–π –ø—Ä–∏–º–µ—Ä. –ü–æ–∫
                                              –µ—Ä –ö—É–Ω–∞}
You may provide a definition with
\DeclareUnicodeCharacter 


! Package inputenc Error: Unicode character –µ (U+0435)
(inputenc)                not set up for use with LaTeX.

See the inputenc package documentation for explanation.
Type  H <return>  for immediate help.
 ...                                              
                                                  
l.4 \section{–ü–µ—Ä–≤—ã–π –ø—Ä–∏–º–µ—Ä. –ü–æ–∫–µ
                                                —Ä –ö—É–Ω–∞}
You may provide a definition with
\DeclareUnicodeCharacter 


! Package inputenc Error: Unicode character —Ä (U+0440)
(inputenc)                not set up for use with LaTeX.

See the inputenc package documentation for explanation.
Type  H <return>  for immediate help.
 ...                                              
                                                  
l.4 \section{–ü–µ—Ä–≤—ã–π –ø—Ä–∏–º–µ—Ä. –ü–æ–∫–µ—Ä
                                                   –ö—É–Ω–∞}
You may provide a definition with
\DeclareUnicodeCharacter 


! Package inputenc Error: Unicode character –ö (U+041A)
(inputenc)                not set up for use with LaTeX.

See the inputenc package documentation for explanation.
Type  H <return>  for immediate help.
 ...                                              
                                                  
l.4 ...on{–ü–µ—Ä–≤—ã–π –ø—Ä–∏–º–µ—Ä. –ü–æ–∫–µ—Ä –ö
                                                  —É–Ω–∞}
You may provide a definition with
\DeclareUnicodeCharacter 


! Package inputenc Error: Unicode character —É (U+0443)
(inputenc)                not set up for use with LaTeX.

See the inputenc package documentation for explanation.
Type  H <return>  for immediate help.
 ...                                              
                                                  
l.4 ...{–ü–µ—Ä–≤—ã–π –ø—Ä–∏–º–µ—Ä. –ü–æ–∫–µ—Ä –ö—É
                                                  –Ω–∞}
You may provide a definition with
\DeclareUnicodeCharacter 


! Package inputenc Error: Unicode character –Ω (U+043D)
(inputenc)                not set up for use with LaTeX.

See the inputenc package documentation for explanation.
Type  H <return>  for immediate help.
 ...                                              
                                                  
l.4 ...ü–µ—Ä–≤—ã–π –ø—Ä–∏–º–µ—Ä. –ü–æ–∫–µ—Ä –ö—É–Ω
                                                  –∞}
You may provide a definition with
\DeclareUnicodeCharacter 


! Package inputenc Error: Unicode character –∞ (U+0430)
(inputenc)                not set up for use with LaTeX.

See the inputenc package documentation for explanation.
Type  H <return>  for immediate help.
 ...                                              
                                                  
l.4 ...µ—Ä–≤—ã–π –ø—Ä–∏–º–µ—Ä. –ü–æ–∫–µ—Ä –ö—É–Ω–∞
                                                  }
You may provide a definition with
\DeclareUnicodeCharacter 

! Undefined control sequence.
l.5 \section
            {–í—Ç–æ—Ä–æ–π –ø—Ä–∏–º–µ—Ä. –î–æ–º–∏–Ω–æ}
The control sequence at the end of the top line
of your error message was never \def'ed. If you have
misspelled it (e.g., `\hobx'), type `I' and the correct
spelling (e.g., `I\hbox'). Otherwise just continue,
and I'll forget about whatever was undefined.


! Package inputenc Error: Unicode character –í (U+0412)
(inputenc)                not set up for use with LaTeX.

See the inputenc package documentation for explanation.
Type  H <return>  for immediate help.
 ...                                              
                                                  
l.5 \section{–í
               —Ç–æ—Ä–æ–π –ø—Ä–∏–º–µ—Ä. –î–æ–º–∏–Ω–æ}
You may provide a definition with
\DeclareUnicodeCharacter 


! Package inputenc Error: Unicode character —Ç (U+0442)
(inputenc)                not set up for use with LaTeX.

See the inputenc package documentation for explanation.
Type  H <return>  for immediate help.
 ...                                              
                                                  
l.5 \section{–í—Ç
                 –æ—Ä–æ–π –ø—Ä–∏–º–µ—Ä. –î–æ–º–∏–Ω–æ}
You may provide a definition with
\DeclareUnicodeCharacter 


! Package inputenc Error: Unicode character –æ (U+043E)
(inputenc)                not set up for use with LaTeX.

See the inputenc package documentation for explanation.
Type  H <return>  for immediate help.
 ...                                              
                                                  
l.5 \section{–í—Ç–æ
                   —Ä–æ–π –ø—Ä–∏–º–µ—Ä. –î–æ–º–∏–Ω–æ}
You may provide a definition with
\DeclareUnicodeCharacter 


! Package inputenc Error: Unicode character —Ä (U+0440)
(inputenc)                not set up for use with LaTeX.

See the inputenc package documentation for explanation.
Type  H <return>  for immediate help.
 ...                                              
                                                  
l.5 \section{–í—Ç–æ—Ä
                     –æ–π –ø—Ä–∏–º–µ—Ä. –î–æ–º–∏–Ω–æ}
You may provide a definition with
\DeclareUnicodeCharacter 


! Package inputenc Error: Unicode character –æ (U+043E)
(inputenc)                not set up for use with LaTeX.

See the inputenc package documentation for explanation.
Type  H <return>  for immediate help.
 ...                                              
                                                  
l.5 \section{–í—Ç–æ—Ä–æ
                       –π –ø—Ä–∏–º–µ—Ä. –î–æ–º–∏–Ω–æ}
You may provide a definition with
\DeclareUnicodeCharacter 


! Package inputenc Error: Unicode character –π (U+0439)
(inputenc)                not set up for use with LaTeX.

See the inputenc package documentation for explanation.
Type  H <return>  for immediate help.
 ...                                              
                                                  
l.5 \section{–í—Ç–æ—Ä–æ–π
                          –ø—Ä–∏–º–µ—Ä. –î–æ–º–∏–Ω–æ}
You may provide a definition with
\DeclareUnicodeCharacter 


! Package inputenc Error: Unicode character –ø (U+043F)
(inputenc)                not set up for use with LaTeX.

See the inputenc package documentation for explanation.
Type  H <return>  for immediate help.
 ...                                              
                                                  
l.5 \section{–í—Ç–æ—Ä–æ–π –ø
                            —Ä–∏–º–µ—Ä. –î–æ–º–∏–Ω–æ}
You may provide a definition with
\DeclareUnicodeCharacter 


! Package inputenc Error: Unicode character —Ä (U+0440)
(inputenc)                not set up for use with LaTeX.

See the inputenc package documentation for explanation.
Type  H <return>  for immediate help.
 ...                                              
                                                  
l.5 \section{–í—Ç–æ—Ä–æ–π –ø—Ä
                              –∏–º–µ—Ä. –î–æ–º–∏–Ω–æ}
You may provide a definition with
\DeclareUnicodeCharacter 


! Package inputenc Error: Unicode character –∏ (U+0438)
(inputenc)                not set up for use with LaTeX.

See the inputenc package documentation for explanation.
Type  H <return>  for immediate help.
 ...                                              
                                                  
l.5 \section{–í—Ç–æ—Ä–æ–π –ø—Ä–∏
                                –º–µ—Ä. –î–æ–º–∏–Ω–æ}
You may provide a definition with
\DeclareUnicodeCharacter 


! Package inputenc Error: Unicode character –º (U+043C)
(inputenc)                not set up for use with LaTeX.

See the inputenc package documentation for explanation.
Type  H <return>  for immediate help.
 ...                                              
                                                  
l.5 \section{–í—Ç–æ—Ä–æ–π –ø—Ä–∏–º
                                  –µ—Ä. –î–æ–º–∏–Ω–æ}
You may provide a definition with
\DeclareUnicodeCharacter 


! Package inputenc Error: Unicode character –µ (U+0435)
(inputenc)                not set up for use with LaTeX.

See the inputenc package documentation for explanation.
Type  H <return>  for immediate help.
 ...                                              
                                                  
l.5 \section{–í—Ç–æ—Ä–æ–π –ø—Ä–∏–º–µ
                                    —Ä. –î–æ–º–∏–Ω–æ}
You may provide a definition with
\DeclareUnicodeCharacter 


! Package inputenc Error: Unicode character —Ä (U+0440)
(inputenc)                not set up for use with LaTeX.

See the inputenc package documentation for explanation.
Type  H <return>  for immediate help.
 ...                                              
                                                  
l.5 \section{–í—Ç–æ—Ä–æ–π –ø—Ä–∏–º–µ—Ä
                                      . –î–æ–º–∏–Ω–æ}
You may provide a definition with
\DeclareUnicodeCharacter 

Missing character: There is no . in font nullfont!

! Package inputenc Error: Unicode character –î (U+0414)
(inputenc)                not set up for use with LaTeX.

See the inputenc package documentation for explanation.
Type  H <return>  for immediate help.
 ...                                              
                                                  
l.5 \section{–í—Ç–æ—Ä–æ–π –ø—Ä–∏–º–µ—Ä. –î
                                          –æ–º–∏–Ω–æ}
(That makes 100 errors; please try again.) 
Here is how much of TeX's memory you used:
 48 strings out of 479798
 879 string characters out of 2879540
 264509 words of memory out of 3000000
 17140 multiletter control sequences out of 15000+200000
 535088 words of font info for 29 fonts, out of 3000000 for 9000
 1141 hyphenation exceptions out of 8191
 13i,0n,15p,149b,32s stack positions out of 5000i,500n,10000p,200000b,50000s

!  ==> Fatal error occurred, no output PDF file produced!
