This is pdfTeX, Version 3.14159265-2.6-1.40.20 (MiKTeX 2.9.7200 64-bit) (preloaded format=pdflatex 2019.10.20)  10 MAY 2020 00:14
entering extended mode
**./anotation.tex
(anotation.tex
LaTeX2e <2019-10-01>
! Undefined control sequence.
l.1 {\Large
            –ü—Ä–æ–≥—Ä–∞–º–º–Ω–∞—è —Ä–µ–∞–ª–∏–∑–∞—Ü–∏—è —Å–æ–≤—Ä–µ–º–µ–Ω–Ω—ã...
The control sequence at the end of the top line
of your error message was never \def'ed. If you have
misspelled it (e.g., `\hobx'), type `I' and the correct
spelling (e.g., `I\hbox'). Otherwise just continue,
and I'll forget about whatever was undefined.


! Package inputenc Error: Unicode character –ü (U+041F)
(inputenc)                not set up for use with LaTeX.

See the inputenc package documentation for explanation.
Type  H <return>  for immediate help.
 ...                                              
                                                  
l.1 {\Large –ü
              —Ä–æ–≥—Ä–∞–º–º–Ω–∞—è —Ä–µ–∞–ª–∏–∑–∞—Ü–∏—è —Å–æ–≤—Ä–µ–º–µ–Ω–Ω—ã...

You may provide a definition with
\DeclareUnicodeCharacter 


! Package inputenc Error: Unicode character —Ä (U+0440)
(inputenc)                not set up for use with LaTeX.

See the inputenc package documentation for explanation.
Type  H <return>  for immediate help.
 ...                                              
                                                  
l.1 {\Large –ü—Ä
                –æ–≥—Ä–∞–º–º–Ω–∞—è —Ä–µ–∞–ª–∏–∑–∞—Ü–∏—è —Å–æ–≤—Ä–µ–º–µ–Ω–Ω—ã...

You may provide a definition with
\DeclareUnicodeCharacter 


! Package inputenc Error: Unicode character –æ (U+043E)
(inputenc)                not set up for use with LaTeX.

See the inputenc package documentation for explanation.
Type  H <return>  for immediate help.
 ...                                              
                                                  
l.1 {\Large –ü—Ä–æ
                  –≥—Ä–∞–º–º–Ω–∞—è —Ä–µ–∞–ª–∏–∑–∞—Ü–∏—è —Å–æ–≤—Ä–µ–º–µ–Ω–Ω—ã...

You may provide a definition with
\DeclareUnicodeCharacter 


! Package inputenc Error: Unicode character –≥ (U+0433)
(inputenc)                not set up for use with LaTeX.

See the inputenc package documentation for explanation.
Type  H <return>  for immediate help.
 ...                                              
                                                  
l.1 {\Large –ü—Ä–æ–≥
                    —Ä–∞–º–º–Ω–∞—è —Ä–µ–∞–ª–∏–∑–∞—Ü–∏—è —Å–æ–≤—Ä–µ–º–µ–Ω–Ω—ã...

You may provide a definition with
\DeclareUnicodeCharacter 


! Package inputenc Error: Unicode character —Ä (U+0440)
(inputenc)                not set up for use with LaTeX.

See the inputenc package documentation for explanation.
Type  H <return>  for immediate help.
 ...                                              
                                                  
l.1 {\Large –ü—Ä–æ–≥—Ä
                      –∞–º–º–Ω–∞—è —Ä–µ–∞–ª–∏–∑–∞—Ü–∏—è —Å–æ–≤—Ä–µ–º–µ–Ω–Ω—ã...

You may provide a definition with
\DeclareUnicodeCharacter 


! Package inputenc Error: Unicode character –∞ (U+0430)
(inputenc)                not set up for use with LaTeX.

See the inputenc package documentation for explanation.
Type  H <return>  for immediate help.
 ...                                              
                                                  
l.1 {\Large –ü—Ä–æ–≥—Ä–∞
                        –º–º–Ω–∞—è —Ä–µ–∞–ª–∏–∑–∞—Ü–∏—è —Å–æ–≤—Ä–µ–º–µ–Ω–Ω—ã...

You may provide a definition with
\DeclareUnicodeCharacter 


! Package inputenc Error: Unicode character –º (U+043C)
(inputenc)                not set up for use with LaTeX.

See the inputenc package documentation for explanation.
Type  H <return>  for immediate help.
 ...                                              
                                                  
l.1 {\Large –ü—Ä–æ–≥—Ä–∞–º
                          –º–Ω–∞—è —Ä–µ–∞–ª–∏–∑–∞—Ü–∏—è —Å–æ–≤—Ä–µ–º–µ–Ω–Ω—ã...

You may provide a definition with
\DeclareUnicodeCharacter 


! Package inputenc Error: Unicode character –º (U+043C)
(inputenc)                not set up for use with LaTeX.

See the inputenc package documentation for explanation.
Type  H <return>  for immediate help.
 ...                                              
                                                  
l.1 {\Large –ü—Ä–æ–≥—Ä–∞–º–º
                            –Ω–∞—è —Ä–µ–∞–ª–∏–∑–∞—Ü–∏—è —Å–æ–≤—Ä–µ–º–µ–Ω–Ω—ã...

You may provide a definition with
\DeclareUnicodeCharacter 


! Package inputenc Error: Unicode character –Ω (U+043D)
(inputenc)                not set up for use with LaTeX.

See the inputenc package documentation for explanation.
Type  H <return>  for immediate help.
 ...                                              
                                                  
l.1 {\Large –ü—Ä–æ–≥—Ä–∞–º–º–Ω
                              –∞—è —Ä–µ–∞–ª–∏–∑–∞—Ü–∏—è —Å–æ–≤—Ä–µ–º–µ–Ω–Ω—ã...

You may provide a definition with
\DeclareUnicodeCharacter 


! Package inputenc Error: Unicode character –∞ (U+0430)
(inputenc)                not set up for use with LaTeX.

See the inputenc package documentation for explanation.
Type  H <return>  for immediate help.
 ...                                              
                                                  
l.1 {\Large –ü—Ä–æ–≥—Ä–∞–º–º–Ω–∞
                                —è —Ä–µ–∞–ª–∏–∑–∞—Ü–∏—è —Å–æ–≤—Ä–µ–º–µ–Ω–Ω—ã...

You may provide a definition with
\DeclareUnicodeCharacter 


! Package inputenc Error: Unicode character —è (U+044F)
(inputenc)                not set up for use with LaTeX.

See the inputenc package documentation for explanation.
Type  H <return>  for immediate help.
 ...                                              
                                                  
l.1 {\Large –ü—Ä–æ–≥—Ä–∞–º–º–Ω–∞—è
                                   —Ä–µ–∞–ª–∏–∑–∞—Ü–∏—è —Å–æ–≤—Ä–µ–º–µ–Ω–Ω—ã...

You may provide a definition with
\DeclareUnicodeCharacter 


! Package inputenc Error: Unicode character —Ä (U+0440)
(inputenc)                not set up for use with LaTeX.

See the inputenc package documentation for explanation.
Type  H <return>  for immediate help.
 ...                                              
                                                  
l.1 {\Large –ü—Ä–æ–≥—Ä–∞–º–º–Ω–∞—è —Ä
                                     –µ–∞–ª–∏–∑–∞—Ü–∏—è —Å–æ–≤—Ä–µ–º–µ–Ω–Ω—ã...

You may provide a definition with
\DeclareUnicodeCharacter 


! Package inputenc Error: Unicode character –µ (U+0435)
(inputenc)                not set up for use with LaTeX.

See the inputenc package documentation for explanation.
Type  H <return>  for immediate help.
 ...                                              
                                                  
l.1 {\Large –ü—Ä–æ–≥—Ä–∞–º–º–Ω–∞—è —Ä–µ
                                       –∞–ª–∏–∑–∞—Ü–∏—è —Å–æ–≤—Ä–µ–º–µ–Ω–Ω—ã...

You may provide a definition with
\DeclareUnicodeCharacter 


! Package inputenc Error: Unicode character –∞ (U+0430)
(inputenc)                not set up for use with LaTeX.

See the inputenc package documentation for explanation.
Type  H <return>  for immediate help.
 ...                                              
                                                  
l.1 {\Large –ü—Ä–æ–≥—Ä–∞–º–º–Ω–∞—è —Ä–µ–∞
                                         –ª–∏–∑–∞—Ü–∏—è —Å–æ–≤—Ä–µ–º–µ–Ω–Ω—ã...

You may provide a definition with
\DeclareUnicodeCharacter 


! Package inputenc Error: Unicode character –ª (U+043B)
(inputenc)                not set up for use with LaTeX.

See the inputenc package documentation for explanation.
Type  H <return>  for immediate help.
 ...                                              
                                                  
l.1 {\Large –ü—Ä–æ–≥—Ä–∞–º–º–Ω–∞—è —Ä–µ–∞–ª
                                           –∏–∑–∞—Ü–∏—è —Å–æ–≤—Ä–µ–º–µ–Ω–Ω—ã...

You may provide a definition with
\DeclareUnicodeCharacter 


! Package inputenc Error: Unicode character –∏ (U+0438)
(inputenc)                not set up for use with LaTeX.

See the inputenc package documentation for explanation.
Type  H <return>  for immediate help.
 ...                                              
                                                  
l.1 {\Large –ü—Ä–æ–≥—Ä–∞–º–º–Ω–∞—è —Ä–µ–∞–ª–∏
                                             –∑–∞—Ü–∏—è —Å–æ–≤—Ä–µ–º–µ–Ω–Ω—ã...

You may provide a definition with
\DeclareUnicodeCharacter 


! Package inputenc Error: Unicode character –∑ (U+0437)
(inputenc)                not set up for use with LaTeX.

See the inputenc package documentation for explanation.
Type  H <return>  for immediate help.
 ...                                              
                                                  
l.1 {\Large –ü—Ä–æ–≥—Ä–∞–º–º–Ω–∞—è —Ä–µ–∞–ª–∏–∑
                                               –∞—Ü–∏—è —Å–æ–≤—Ä–µ–º–µ–Ω–Ω—ã...

You may provide a definition with
\DeclareUnicodeCharacter 


! Package inputenc Error: Unicode character –∞ (U+0430)
(inputenc)                not set up for use with LaTeX.

See the inputenc package documentation for explanation.
Type  H <return>  for immediate help.
 ...                                              
                                                  
l.1 {\Large –ü—Ä–æ–≥—Ä–∞–º–º–Ω–∞—è —Ä–µ–∞–ª–∏–∑–∞
                                                 —Ü–∏—è —Å–æ–≤—Ä–µ–º–µ–Ω–Ω—ã...

You may provide a definition with
\DeclareUnicodeCharacter 


! Package inputenc Error: Unicode character —Ü (U+0446)
(inputenc)                not set up for use with LaTeX.

See the inputenc package documentation for explanation.
Type  H <return>  for immediate help.
 ...                                              
                                                  
l.1 ...rge –ü—Ä–æ–≥—Ä–∞–º–º–Ω–∞—è —Ä–µ–∞–ª–∏–∑–∞—Ü
                                                  –∏—è —Å–æ–≤—Ä–µ–º–µ–Ω–Ω—ã—...

You may provide a definition with
\DeclareUnicodeCharacter 


! Package inputenc Error: Unicode character –∏ (U+0438)
(inputenc)                not set up for use with LaTeX.

See the inputenc package documentation for explanation.
Type  H <return>  for immediate help.
 ...                                              
                                                  
l.1 ...e –ü—Ä–æ–≥—Ä–∞–º–º–Ω–∞—è —Ä–µ–∞–ª–∏–∑–∞—Ü–∏
                                                  —è —Å–æ–≤—Ä–µ–º–µ–Ω–Ω—ã—Ö ...

You may provide a definition with
\DeclareUnicodeCharacter 


! Package inputenc Error: Unicode character —è (U+044F)
(inputenc)                not set up for use with LaTeX.

See the inputenc package documentation for explanation.
Type  H <return>  for immediate help.
 ...                                              
                                                  
l.1 ...–ü—Ä–æ–≥—Ä–∞–º–º–Ω–∞—è —Ä–µ–∞–ª–∏–∑–∞—Ü–∏—è
                                                   —Å–æ–≤—Ä–µ–º–µ–Ω–Ω—ã—Ö –æ...

You may provide a definition with
\DeclareUnicodeCharacter 


! Package inputenc Error: Unicode character —Å (U+0441)
(inputenc)                not set up for use with LaTeX.

See the inputenc package documentation for explanation.
Type  H <return>  for immediate help.
 ...                                              
                                                  
l.1 ...Ä–æ–≥—Ä–∞–º–º–Ω–∞—è —Ä–µ–∞–ª–∏–∑–∞—Ü–∏—è —Å
                                                  –æ–≤—Ä–µ–º–µ–Ω–Ω—ã—Ö –æ—Ç–...

You may provide a definition with
\DeclareUnicodeCharacter 


! Package inputenc Error: Unicode character –æ (U+043E)
(inputenc)                not set up for use with LaTeX.

See the inputenc package documentation for explanation.
Type  H <return>  for immediate help.
 ...                                              
                                                  
l.1 ...æ–≥—Ä–∞–º–º–Ω–∞—è —Ä–µ–∞–ª–∏–∑–∞—Ü–∏—è —Å–æ
                                                  –≤—Ä–µ–º–µ–Ω–Ω—ã—Ö –æ—Ç–µ—...

You may provide a definition with
\DeclareUnicodeCharacter 


! Package inputenc Error: Unicode character –≤ (U+0432)
(inputenc)                not set up for use with LaTeX.

See the inputenc package documentation for explanation.
Type  H <return>  for immediate help.
 ...                                              
                                                  
l.1 ...≥—Ä–∞–º–º–Ω–∞—è —Ä–µ–∞–ª–∏–∑–∞—Ü–∏—è —Å–æ–≤
                                                  —Ä–µ–º–µ–Ω–Ω—ã—Ö –æ—Ç–µ—á–...

You may provide a definition with
\DeclareUnicodeCharacter 


! Package inputenc Error: Unicode character —Ä (U+0440)
(inputenc)                not set up for use with LaTeX.

See the inputenc package documentation for explanation.
Type  H <return>  for immediate help.
 ...                                              
                                                  
l.1 ...Ä–∞–º–º–Ω–∞—è —Ä–µ–∞–ª–∏–∑–∞—Ü–∏—è —Å–æ–≤—Ä
                                                  –µ–º–µ–Ω–Ω—ã—Ö –æ—Ç–µ—á–µ—...

You may provide a definition with
\DeclareUnicodeCharacter 


! Package inputenc Error: Unicode character –µ (U+0435)
(inputenc)                not set up for use with LaTeX.

See the inputenc package documentation for explanation.
Type  H <return>  for immediate help.
 ...                                              
                                                  
l.1 ...∞–º–º–Ω–∞—è —Ä–µ–∞–ª–∏–∑–∞—Ü–∏—è —Å–æ–≤—Ä–µ
                                                  –º–µ–Ω–Ω—ã—Ö –æ—Ç–µ—á–µ—Å—...

You may provide a definition with
\DeclareUnicodeCharacter 


! Package inputenc Error: Unicode character –º (U+043C)
(inputenc)                not set up for use with LaTeX.

See the inputenc package documentation for explanation.
Type  H <return>  for immediate help.
 ...                                              
                                                  
l.1 ...º–º–Ω–∞—è —Ä–µ–∞–ª–∏–∑–∞—Ü–∏—è —Å–æ–≤—Ä–µ–º
                                                  –µ–Ω–Ω—ã—Ö –æ—Ç–µ—á–µ—Å—Ç–...

You may provide a definition with
\DeclareUnicodeCharacter 


! Package inputenc Error: Unicode character –µ (U+0435)
(inputenc)                not set up for use with LaTeX.

See the inputenc package documentation for explanation.
Type  H <return>  for immediate help.
 ...                                              
                                                  
l.1 ...º–Ω–∞—è —Ä–µ–∞–ª–∏–∑–∞—Ü–∏—è —Å–æ–≤—Ä–µ–º–µ
                                                  –Ω–Ω—ã—Ö –æ—Ç–µ—á–µ—Å—Ç–≤–...

You may provide a definition with
\DeclareUnicodeCharacter 


! Package inputenc Error: Unicode character –Ω (U+043D)
(inputenc)                not set up for use with LaTeX.

See the inputenc package documentation for explanation.
Type  H <return>  for immediate help.
 ...                                              
                                                  
l.1 ...Ω–∞—è —Ä–µ–∞–ª–∏–∑–∞—Ü–∏—è —Å–æ–≤—Ä–µ–º–µ–Ω
                                                  –Ω—ã—Ö –æ—Ç–µ—á–µ—Å—Ç–≤–µ–...

You may provide a definition with
\DeclareUnicodeCharacter 


! Package inputenc Error: Unicode character –Ω (U+043D)
(inputenc)                not set up for use with LaTeX.

See the inputenc package documentation for explanation.
Type  H <return>  for immediate help.
 ...                                              
                                                  
l.1 ...∞—è —Ä–µ–∞–ª–∏–∑–∞—Ü–∏—è —Å–æ–≤—Ä–µ–º–µ–Ω–Ω
                                                  —ã—Ö –æ—Ç–µ—á–µ—Å—Ç–≤–µ–Ω–...

You may provide a definition with
\DeclareUnicodeCharacter 


! Package inputenc Error: Unicode character —ã (U+044B)
(inputenc)                not set up for use with LaTeX.

See the inputenc package documentation for explanation.
Type  H <return>  for immediate help.
 ...                                              
                                                  
l.1 ...è —Ä–µ–∞–ª–∏–∑–∞—Ü–∏—è —Å–æ–≤—Ä–µ–º–µ–Ω–Ω—ã
                                                  —Ö –æ—Ç–µ—á–µ—Å—Ç–≤–µ–Ω–Ω—...

You may provide a definition with
\DeclareUnicodeCharacter 


! Package inputenc Error: Unicode character —Ö (U+0445)
(inputenc)                not set up for use with LaTeX.

See the inputenc package documentation for explanation.
Type  H <return>  for immediate help.
 ...                                              
                                                  
l.1 ...—Ä–µ–∞–ª–∏–∑–∞—Ü–∏—è —Å–æ–≤—Ä–µ–º–µ–Ω–Ω—ã—Ö
                                                   –æ—Ç–µ—á–µ—Å—Ç–≤–µ–Ω–Ω—ã—...

You may provide a definition with
\DeclareUnicodeCharacter 


! Package inputenc Error: Unicode character –æ (U+043E)
(inputenc)                not set up for use with LaTeX.

See the inputenc package documentation for explanation.
Type  H <return>  for immediate help.
 ...                                              
                                                  
l.1 ...µ–∞–ª–∏–∑–∞—Ü–∏—è —Å–æ–≤—Ä–µ–º–µ–Ω–Ω—ã—Ö –æ
                                                  —Ç–µ—á–µ—Å—Ç–≤–µ–Ω–Ω—ã—Ö —...

You may provide a definition with
\DeclareUnicodeCharacter 


! Package inputenc Error: Unicode character —Ç (U+0442)
(inputenc)                not set up for use with LaTeX.

See the inputenc package documentation for explanation.
Type  H <return>  for immediate help.
 ...                                              
                                                  
l.1 ...∞–ª–∏–∑–∞—Ü–∏—è —Å–æ–≤—Ä–µ–º–µ–Ω–Ω—ã—Ö –æ—Ç
                                                  –µ—á–µ—Å—Ç–≤–µ–Ω–Ω—ã—Ö —Å—...

You may provide a definition with
\DeclareUnicodeCharacter 


! Package inputenc Error: Unicode character –µ (U+0435)
(inputenc)                not set up for use with LaTeX.

See the inputenc package documentation for explanation.
Type  H <return>  for immediate help.
 ...                                              
                                                  
l.1 ...ª–∏–∑–∞—Ü–∏—è —Å–æ–≤—Ä–µ–º–µ–Ω–Ω—ã—Ö –æ—Ç–µ
                                                  —á–µ—Å—Ç–≤–µ–Ω–Ω—ã—Ö —Å—Ç–...

You may provide a definition with
\DeclareUnicodeCharacter 


! Package inputenc Error: Unicode character —á (U+0447)
(inputenc)                not set up for use with LaTeX.

See the inputenc package documentation for explanation.
Type  H <return>  for immediate help.
 ...                                              
                                                  
l.1 ...∏–∑–∞—Ü–∏—è —Å–æ–≤—Ä–µ–º–µ–Ω–Ω—ã—Ö –æ—Ç–µ—á
                                                  –µ—Å—Ç–≤–µ–Ω–Ω—ã—Ö —Å—Ç–∞–...

You may provide a definition with
\DeclareUnicodeCharacter 


! Package inputenc Error: Unicode character –µ (U+0435)
(inputenc)                not set up for use with LaTeX.

See the inputenc package documentation for explanation.
Type  H <return>  for immediate help.
 ...                                              
                                                  
l.1 ...∑–∞—Ü–∏—è —Å–æ–≤—Ä–µ–º–µ–Ω–Ω—ã—Ö –æ—Ç–µ—á–µ
                                                  —Å—Ç–≤–µ–Ω–Ω—ã—Ö —Å—Ç–∞–Ω–...

You may provide a definition with
\DeclareUnicodeCharacter 


! Package inputenc Error: Unicode character —Å (U+0441)
(inputenc)                not set up for use with LaTeX.

See the inputenc package documentation for explanation.
Type  H <return>  for immediate help.
 ...                                              
                                                  
l.1 ...∞—Ü–∏—è —Å–æ–≤—Ä–µ–º–µ–Ω–Ω—ã—Ö –æ—Ç–µ—á–µ—Å
                                                  —Ç–≤–µ–Ω–Ω—ã—Ö —Å—Ç–∞–Ω–¥–...

You may provide a definition with
\DeclareUnicodeCharacter 


! Package inputenc Error: Unicode character —Ç (U+0442)
(inputenc)                not set up for use with LaTeX.

See the inputenc package documentation for explanation.
Type  H <return>  for immediate help.
 ...                                              
                                                  
l.1 ...Ü–∏—è —Å–æ–≤—Ä–µ–º–µ–Ω–Ω—ã—Ö –æ—Ç–µ—á–µ—Å—Ç
                                                  –≤–µ–Ω–Ω—ã—Ö —Å—Ç–∞–Ω–¥–∞—...

You may provide a definition with
\DeclareUnicodeCharacter 


! Package inputenc Error: Unicode character –≤ (U+0432)
(inputenc)                not set up for use with LaTeX.

See the inputenc package documentation for explanation.
Type  H <return>  for immediate help.
 ...                                              
                                                  
l.1 ...∏—è —Å–æ–≤—Ä–µ–º–µ–Ω–Ω—ã—Ö –æ—Ç–µ—á–µ—Å—Ç–≤
                                                  –µ–Ω–Ω—ã—Ö —Å—Ç–∞–Ω–¥–∞—Ä—...

You may provide a definition with
\DeclareUnicodeCharacter 


! Package inputenc Error: Unicode character –µ (U+0435)
(inputenc)                not set up for use with LaTeX.

See the inputenc package documentation for explanation.
Type  H <return>  for immediate help.
 ...                                              
                                                  
l.1 ...è —Å–æ–≤—Ä–µ–º–µ–Ω–Ω—ã—Ö –æ—Ç–µ—á–µ—Å—Ç–≤–µ
                                                  –Ω–Ω—ã—Ö —Å—Ç–∞–Ω–¥–∞—Ä—Ç–...

You may provide a definition with
\DeclareUnicodeCharacter 


! Package inputenc Error: Unicode character –Ω (U+043D)
(inputenc)                not set up for use with LaTeX.

See the inputenc package documentation for explanation.
Type  H <return>  for immediate help.
 ...                                              
                                                  
l.1 ...—Å–æ–≤—Ä–µ–º–µ–Ω–Ω—ã—Ö –æ—Ç–µ—á–µ—Å—Ç–≤–µ–Ω
                                                  –Ω—ã—Ö —Å—Ç–∞–Ω–¥–∞—Ä—Ç–æ–...

You may provide a definition with
\DeclareUnicodeCharacter 


! Package inputenc Error: Unicode character –Ω (U+043D)
(inputenc)                not set up for use with LaTeX.

See the inputenc package documentation for explanation.
Type  H <return>  for immediate help.
 ...                                              
                                                  
l.1 ...–æ–≤—Ä–µ–º–µ–Ω–Ω—ã—Ö –æ—Ç–µ—á–µ—Å—Ç–≤–µ–Ω–Ω
                                                  —ã—Ö —Å—Ç–∞–Ω–¥–∞—Ä—Ç–æ–≤ ...

You may provide a definition with
\DeclareUnicodeCharacter 


! Package inputenc Error: Unicode character —ã (U+044B)
(inputenc)                not set up for use with LaTeX.

See the inputenc package documentation for explanation.
Type  H <return>  for immediate help.
 ...                                              
                                                  
l.1 ...–≤—Ä–µ–º–µ–Ω–Ω—ã—Ö –æ—Ç–µ—á–µ—Å—Ç–≤–µ–Ω–Ω—ã
                                                  —Ö —Å—Ç–∞–Ω–¥–∞—Ä—Ç–æ–≤ —Ñ...

You may provide a definition with
\DeclareUnicodeCharacter 


! Package inputenc Error: Unicode character —Ö (U+0445)
(inputenc)                not set up for use with LaTeX.

See the inputenc package documentation for explanation.
Type  H <return>  for immediate help.
 ...                                              
                                                  
l.1 ...—Ä–µ–º–µ–Ω–Ω—ã—Ö –æ—Ç–µ—á–µ—Å—Ç–≤–µ–Ω–Ω—ã—Ö
                                                   —Å—Ç–∞–Ω–¥–∞—Ä—Ç–æ–≤ —Ñ—É...

You may provide a definition with
\DeclareUnicodeCharacter 


! Package inputenc Error: Unicode character —Å (U+0441)
(inputenc)                not set up for use with LaTeX.

See the inputenc package documentation for explanation.
Type  H <return>  for immediate help.
 ...                                              
                                                  
l.1 ...µ–º–µ–Ω–Ω—ã—Ö –æ—Ç–µ—á–µ—Å—Ç–≤–µ–Ω–Ω—ã—Ö —Å
                                                  —Ç–∞–Ω–¥–∞—Ä—Ç–æ–≤ —Ñ—É–Ω–...

You may provide a definition with
\DeclareUnicodeCharacter 


! Package inputenc Error: Unicode character —Ç (U+0442)
(inputenc)                not set up for use with LaTeX.

See the inputenc package documentation for explanation.
Type  H <return>  for immediate help.
 ...                                              
                                                  
l.1 ...º–µ–Ω–Ω—ã—Ö –æ—Ç–µ—á–µ—Å—Ç–≤–µ–Ω–Ω—ã—Ö —Å—Ç
                                                  –∞–Ω–¥–∞—Ä—Ç–æ–≤ —Ñ—É–Ω–∫—...

You may provide a definition with
\DeclareUnicodeCharacter 


! Package inputenc Error: Unicode character –∞ (U+0430)
(inputenc)                not set up for use with LaTeX.

See the inputenc package documentation for explanation.
Type  H <return>  for immediate help.
 ...                                              
                                                  
l.1 ...µ–Ω–Ω—ã—Ö –æ—Ç–µ—á–µ—Å—Ç–≤–µ–Ω–Ω—ã—Ö —Å—Ç–∞
                                                  –Ω–¥–∞—Ä—Ç–æ–≤ —Ñ—É–Ω–∫—Ü–...

You may provide a definition with
\DeclareUnicodeCharacter 


! Package inputenc Error: Unicode character –Ω (U+043D)
(inputenc)                not set up for use with LaTeX.

See the inputenc package documentation for explanation.
Type  H <return>  for immediate help.
 ...                                              
                                                  
l.1 ...Ω–Ω—ã—Ö –æ—Ç–µ—á–µ—Å—Ç–≤–µ–Ω–Ω—ã—Ö —Å—Ç–∞–Ω
                                                  –¥–∞—Ä—Ç–æ–≤ —Ñ—É–Ω–∫—Ü–∏–...

You may provide a definition with
\DeclareUnicodeCharacter 


! Package inputenc Error: Unicode character –¥ (U+0434)
(inputenc)                not set up for use with LaTeX.

See the inputenc package documentation for explanation.
Type  H <return>  for immediate help.
 ...                                              
                                                  
l.1 ...Ω—ã—Ö –æ—Ç–µ—á–µ—Å—Ç–≤–µ–Ω–Ω—ã—Ö —Å—Ç–∞–Ω–¥
                                                  –∞—Ä—Ç–æ–≤ —Ñ—É–Ω–∫—Ü–∏–∏ ...

You may provide a definition with
\DeclareUnicodeCharacter 


! Package inputenc Error: Unicode character –∞ (U+0430)
(inputenc)                not set up for use with LaTeX.

See the inputenc package documentation for explanation.
Type  H <return>  for immediate help.
 ...                                              
                                                  
l.1 ...ã—Ö –æ—Ç–µ—á–µ—Å—Ç–≤–µ–Ω–Ω—ã—Ö —Å—Ç–∞–Ω–¥–∞
                                                  —Ä—Ç–æ–≤ —Ñ—É–Ω–∫—Ü–∏–∏ —Ö...

You may provide a definition with
\DeclareUnicodeCharacter 


! Package inputenc Error: Unicode character —Ä (U+0440)
(inputenc)                not set up for use with LaTeX.

See the inputenc package documentation for explanation.
Type  H <return>  for immediate help.
 ...                                              
                                                  
l.1 ...Ö –æ—Ç–µ—á–µ—Å—Ç–≤–µ–Ω–Ω—ã—Ö —Å—Ç–∞–Ω–¥–∞—Ä
                                                  —Ç–æ–≤ —Ñ—É–Ω–∫—Ü–∏–∏ —Ö—ç...

You may provide a definition with
\DeclareUnicodeCharacter 


! Package inputenc Error: Unicode character —Ç (U+0442)
(inputenc)                not set up for use with LaTeX.

See the inputenc package documentation for explanation.
Type  H <return>  for immediate help.
 ...                                              
                                                  
l.1 ...–æ—Ç–µ—á–µ—Å—Ç–≤–µ–Ω–Ω—ã—Ö —Å—Ç–∞–Ω–¥–∞—Ä—Ç
                                                  –æ–≤ —Ñ—É–Ω–∫—Ü–∏–∏ —Ö—ç—à...

You may provide a definition with
\DeclareUnicodeCharacter 


! Package inputenc Error: Unicode character –æ (U+043E)
(inputenc)                not set up for use with LaTeX.

See the inputenc package documentation for explanation.
Type  H <return>  for immediate help.
 ...                                              
                                                  
l.1 ...—Ç–µ—á–µ—Å—Ç–≤–µ–Ω–Ω—ã—Ö —Å—Ç–∞–Ω–¥–∞—Ä—Ç–æ
                                                  –≤ —Ñ—É–Ω–∫—Ü–∏–∏ —Ö—ç—à–∏...

You may provide a definition with
\DeclareUnicodeCharacter 


! Package inputenc Error: Unicode character –≤ (U+0432)
(inputenc)                not set up for use with LaTeX.

See the inputenc package documentation for explanation.
Type  H <return>  for immediate help.
 ...                                              
                                                  
l.1 ...–µ—á–µ—Å—Ç–≤–µ–Ω–Ω—ã—Ö —Å—Ç–∞–Ω–¥–∞—Ä—Ç–æ–≤
                                                   —Ñ—É–Ω–∫—Ü–∏–∏ —Ö—ç—à–∏—Ä...

You may provide a definition with
\DeclareUnicodeCharacter 


! Package inputenc Error: Unicode character —Ñ (U+0444)
(inputenc)                not set up for use with LaTeX.

See the inputenc package documentation for explanation.
Type  H <return>  for immediate help.
 ...                                              
                                                  
l.1 ...á–µ—Å—Ç–≤–µ–Ω–Ω—ã—Ö —Å—Ç–∞–Ω–¥–∞—Ä—Ç–æ–≤ —Ñ
                                                  —É–Ω–∫—Ü–∏–∏ —Ö—ç—à–∏—Ä–æ–...

You may provide a definition with
\DeclareUnicodeCharacter 


! Package inputenc Error: Unicode character —É (U+0443)
(inputenc)                not set up for use with LaTeX.

See the inputenc package documentation for explanation.
Type  H <return>  for immediate help.
 ...                                              
                                                  
l.1 ...µ—Å—Ç–≤–µ–Ω–Ω—ã—Ö —Å—Ç–∞–Ω–¥–∞—Ä—Ç–æ–≤ —Ñ—É
                                                  –Ω–∫—Ü–∏–∏ —Ö—ç—à–∏—Ä–æ–≤–...

You may provide a definition with
\DeclareUnicodeCharacter 


! Package inputenc Error: Unicode character –Ω (U+043D)
(inputenc)                not set up for use with LaTeX.

See the inputenc package documentation for explanation.
Type  H <return>  for immediate help.
 ...                                              
                                                  
l.1 ...Å—Ç–≤–µ–Ω–Ω—ã—Ö —Å—Ç–∞–Ω–¥–∞—Ä—Ç–æ–≤ —Ñ—É–Ω
                                                  –∫—Ü–∏–∏ —Ö—ç—à–∏—Ä–æ–≤–∞–...

You may provide a definition with
\DeclareUnicodeCharacter 


! Package inputenc Error: Unicode character –∫ (U+043A)
(inputenc)                not set up for use with LaTeX.

See the inputenc package documentation for explanation.
Type  H <return>  for immediate help.
 ...                                              
                                                  
l.1 ...Ç–≤–µ–Ω–Ω—ã—Ö —Å—Ç–∞–Ω–¥–∞—Ä—Ç–æ–≤ —Ñ—É–Ω–∫
                                                  —Ü–∏–∏ —Ö—ç—à–∏—Ä–æ–≤–∞–Ω–...

You may provide a definition with
\DeclareUnicodeCharacter 


! Package inputenc Error: Unicode character —Ü (U+0446)
(inputenc)                not set up for use with LaTeX.

See the inputenc package documentation for explanation.
Type  H <return>  for immediate help.
 ...                                              
                                                  
l.1 ...≤–µ–Ω–Ω—ã—Ö —Å—Ç–∞–Ω–¥–∞—Ä—Ç–æ–≤ —Ñ—É–Ω–∫—Ü
                                                  –∏–∏ —Ö—ç—à–∏—Ä–æ–≤–∞–Ω–∏—...

You may provide a definition with
\DeclareUnicodeCharacter 


! Package inputenc Error: Unicode character –∏ (U+0438)
(inputenc)                not set up for use with LaTeX.

See the inputenc package documentation for explanation.
Type  H <return>  for immediate help.
 ...                                              
                                                  
l.1 ...µ–Ω–Ω—ã—Ö —Å—Ç–∞–Ω–¥–∞—Ä—Ç–æ–≤ —Ñ—É–Ω–∫—Ü–∏
                                                  –∏ —Ö—ç—à–∏—Ä–æ–≤–∞–Ω–∏—è ...

You may provide a definition with
\DeclareUnicodeCharacter 


! Package inputenc Error: Unicode character –∏ (U+0438)
(inputenc)                not set up for use with LaTeX.

See the inputenc package documentation for explanation.
Type  H <return>  for immediate help.
 ...                                              
                                                  
l.1 ...Ω–Ω—ã—Ö —Å—Ç–∞–Ω–¥–∞—Ä—Ç–æ–≤ —Ñ—É–Ω–∫—Ü–∏–∏
                                                   —Ö—ç—à–∏—Ä–æ–≤–∞–Ω–∏—è –∏...

You may provide a definition with
\DeclareUnicodeCharacter 


! Package inputenc Error: Unicode character —Ö (U+0445)
(inputenc)                not set up for use with LaTeX.

See the inputenc package documentation for explanation.
Type  H <return>  for immediate help.
 ...                                              
                                                  
l.1 ...—ã—Ö —Å—Ç–∞–Ω–¥–∞—Ä—Ç–æ–≤ —Ñ—É–Ω–∫—Ü–∏–∏ —Ö
                                                  —ç—à–∏—Ä–æ–≤–∞–Ω–∏—è –∏ —Ü...

You may provide a definition with
\DeclareUnicodeCharacter 


! Package inputenc Error: Unicode character —ç (U+044D)
(inputenc)                not set up for use with LaTeX.

See the inputenc package documentation for explanation.
Type  H <return>  for immediate help.
 ...                                              
                                                  
l.1 ...—Ö —Å—Ç–∞–Ω–¥–∞—Ä—Ç–æ–≤ —Ñ—É–Ω–∫—Ü–∏–∏ —Ö—ç
                                                  —à–∏—Ä–æ–≤–∞–Ω–∏—è –∏ —Ü–∏...

You may provide a definition with
\DeclareUnicodeCharacter 


! Package inputenc Error: Unicode character —à (U+0448)
(inputenc)                not set up for use with LaTeX.

See the inputenc package documentation for explanation.
Type  H <return>  for immediate help.
 ...                                              
                                                  
l.1 ... —Å—Ç–∞–Ω–¥–∞—Ä—Ç–æ–≤ —Ñ—É–Ω–∫—Ü–∏–∏ —Ö—ç—à
                                                  –∏—Ä–æ–≤–∞–Ω–∏—è –∏ —Ü–∏—Ñ...

You may provide a definition with
\DeclareUnicodeCharacter 


! Package inputenc Error: Unicode character –∏ (U+0438)
(inputenc)                not set up for use with LaTeX.

See the inputenc package documentation for explanation.
Type  H <return>  for immediate help.
 ...                                              
                                                  
l.1 ...Å—Ç–∞–Ω–¥–∞—Ä—Ç–æ–≤ —Ñ—É–Ω–∫—Ü–∏–∏ —Ö—ç—à–∏
                                                  —Ä–æ–≤–∞–Ω–∏—è –∏ —Ü–∏—Ñ—Ä...

You may provide a definition with
\DeclareUnicodeCharacter 


! Package inputenc Error: Unicode character —Ä (U+0440)
(inputenc)                not set up for use with LaTeX.

See the inputenc package documentation for explanation.
Type  H <return>  for immediate help.
 ...                                              
                                                  
l.1 ...Ç–∞–Ω–¥–∞—Ä—Ç–æ–≤ —Ñ—É–Ω–∫—Ü–∏–∏ —Ö—ç—à–∏—Ä
                                                  –æ–≤–∞–Ω–∏—è –∏ —Ü–∏—Ñ—Ä–æ...

You may provide a definition with
\DeclareUnicodeCharacter 


! Package inputenc Error: Unicode character –æ (U+043E)
(inputenc)                not set up for use with LaTeX.

See the inputenc package documentation for explanation.
Type  H <return>  for immediate help.
 ...                                              
                                                  
l.1 ...∞–Ω–¥–∞—Ä—Ç–æ–≤ —Ñ—É–Ω–∫—Ü–∏–∏ —Ö—ç—à–∏—Ä–æ
                                                  –≤–∞–Ω–∏—è –∏ —Ü–∏—Ñ—Ä–æ–≤...

You may provide a definition with
\DeclareUnicodeCharacter 


! Package inputenc Error: Unicode character –≤ (U+0432)
(inputenc)                not set up for use with LaTeX.

See the inputenc package documentation for explanation.
Type  H <return>  for immediate help.
 ...                                              
                                                  
l.1 ...Ω–¥–∞—Ä—Ç–æ–≤ —Ñ—É–Ω–∫—Ü–∏–∏ —Ö—ç—à–∏—Ä–æ–≤
                                                  –∞–Ω–∏—è –∏ —Ü–∏—Ñ—Ä–æ–≤–æ...

You may provide a definition with
\DeclareUnicodeCharacter 


! Package inputenc Error: Unicode character –∞ (U+0430)
(inputenc)                not set up for use with LaTeX.

See the inputenc package documentation for explanation.
Type  H <return>  for immediate help.
 ...                                              
                                                  
l.1 ...¥–∞—Ä—Ç–æ–≤ —Ñ—É–Ω–∫—Ü–∏–∏ —Ö—ç—à–∏—Ä–æ–≤–∞
                                                  –Ω–∏—è –∏ —Ü–∏—Ñ—Ä–æ–≤–æ–π...

You may provide a definition with
\DeclareUnicodeCharacter 


! Package inputenc Error: Unicode character –Ω (U+043D)
(inputenc)                not set up for use with LaTeX.

See the inputenc package documentation for explanation.
Type  H <return>  for immediate help.
 ...                                              
                                                  
l.1 ...∞—Ä—Ç–æ–≤ —Ñ—É–Ω–∫—Ü–∏–∏ —Ö—ç—à–∏—Ä–æ–≤–∞–Ω
                                                  –∏—è –∏ —Ü–∏—Ñ—Ä–æ–≤–æ–π –...

You may provide a definition with
\DeclareUnicodeCharacter 


! Package inputenc Error: Unicode character –∏ (U+0438)
(inputenc)                not set up for use with LaTeX.

See the inputenc package documentation for explanation.
Type  H <return>  for immediate help.
 ...                                              
                                                  
l.1 ...Ä—Ç–æ–≤ —Ñ—É–Ω–∫—Ü–∏–∏ —Ö—ç—à–∏—Ä–æ–≤–∞–Ω–∏
                                                  —è –∏ —Ü–∏—Ñ—Ä–æ–≤–æ–π –ø–...

You may provide a definition with
\DeclareUnicodeCharacter 


! Package inputenc Error: Unicode character —è (U+044F)
(inputenc)                not set up for use with LaTeX.

See the inputenc package documentation for explanation.
Type  H <return>  for immediate help.
 ...                                              
                                                  
l.1 ...Ç–æ–≤ —Ñ—É–Ω–∫—Ü–∏–∏ —Ö—ç—à–∏—Ä–æ–≤–∞–Ω–∏—è
                                                   –∏ —Ü–∏—Ñ—Ä–æ–≤–æ–π –ø–æ–...

You may provide a definition with
\DeclareUnicodeCharacter 


! Package inputenc Error: Unicode character –∏ (U+0438)
(inputenc)                not set up for use with LaTeX.

See the inputenc package documentation for explanation.
Type  H <return>  for immediate help.
 ...                                              
                                                  
l.1 ...–≤ —Ñ—É–Ω–∫—Ü–∏–∏ —Ö—ç—à–∏—Ä–æ–≤–∞–Ω–∏—è –∏
                                                   —Ü–∏—Ñ—Ä–æ–≤–æ–π –ø–æ–¥–ø...

You may provide a definition with
\DeclareUnicodeCharacter 


! Package inputenc Error: Unicode character —Ü (U+0446)
(inputenc)                not set up for use with LaTeX.

See the inputenc package documentation for explanation.
Type  H <return>  for immediate help.
 ...                                              
                                                  
l.1 ...—Ñ—É–Ω–∫—Ü–∏–∏ —Ö—ç—à–∏—Ä–æ–≤–∞–Ω–∏—è –∏ —Ü
                                                  –∏—Ñ—Ä–æ–≤–æ–π –ø–æ–¥–ø–∏—...

You may provide a definition with
\DeclareUnicodeCharacter 


! Package inputenc Error: Unicode character –∏ (U+0438)
(inputenc)                not set up for use with LaTeX.

See the inputenc package documentation for explanation.
Type  H <return>  for immediate help.
 ...                                              
                                                  
l.1 ...—É–Ω–∫—Ü–∏–∏ —Ö—ç—à–∏—Ä–æ–≤–∞–Ω–∏—è –∏ —Ü–∏
                                                  —Ñ—Ä–æ–≤–æ–π –ø–æ–¥–ø–∏—Å–∏}
You may provide a definition with
\DeclareUnicodeCharacter 


! Package inputenc Error: Unicode character —Ñ (U+0444)
(inputenc)                not set up for use with LaTeX.

See the inputenc package documentation for explanation.
Type  H <return>  for immediate help.
 ...                                              
                                                  
l.1 ...–Ω–∫—Ü–∏–∏ —Ö—ç—à–∏—Ä–æ–≤–∞–Ω–∏—è –∏ —Ü–∏—Ñ
                                                  —Ä–æ–≤–æ–π –ø–æ–¥–ø–∏—Å–∏}
You may provide a definition with
\DeclareUnicodeCharacter 


! Package inputenc Error: Unicode character —Ä (U+0440)
(inputenc)                not set up for use with LaTeX.

See the inputenc package documentation for explanation.
Type  H <return>  for immediate help.
 ...                                              
                                                  
l.1 ...–∫—Ü–∏–∏ —Ö—ç—à–∏—Ä–æ–≤–∞–Ω–∏—è –∏ —Ü–∏—Ñ—Ä
                                                  –æ–≤–æ–π –ø–æ–¥–ø–∏—Å–∏}
You may provide a definition with
\DeclareUnicodeCharacter 


! Package inputenc Error: Unicode character –æ (U+043E)
(inputenc)                not set up for use with LaTeX.

See the inputenc package documentation for explanation.
Type  H <return>  for immediate help.
 ...                                              
                                                  
l.1 ...—Ü–∏–∏ —Ö—ç—à–∏—Ä–æ–≤–∞–Ω–∏—è –∏ —Ü–∏—Ñ—Ä–æ
                                                  –≤–æ–π –ø–æ–¥–ø–∏—Å–∏}
You may provide a definition with
\DeclareUnicodeCharacter 


! Package inputenc Error: Unicode character –≤ (U+0432)
(inputenc)                not set up for use with LaTeX.

See the inputenc package documentation for explanation.
Type  H <return>  for immediate help.
 ...                                              
                                                  
l.1 ...–∏–∏ —Ö—ç—à–∏—Ä–æ–≤–∞–Ω–∏—è –∏ —Ü–∏—Ñ—Ä–æ–≤
                                                  –æ–π –ø–æ–¥–ø–∏—Å–∏}
You may provide a definition with
\DeclareUnicodeCharacter 


! Package inputenc Error: Unicode character –æ (U+043E)
(inputenc)                not set up for use with LaTeX.

See the inputenc package documentation for explanation.
Type  H <return>  for immediate help.
 ...                                              
                                                  
l.1 ...–∏ —Ö—ç—à–∏—Ä–æ–≤–∞–Ω–∏—è –∏ —Ü–∏—Ñ—Ä–æ–≤–æ
                                                  –π –ø–æ–¥–ø–∏—Å–∏}
You may provide a definition with
\DeclareUnicodeCharacter 


! Package inputenc Error: Unicode character –π (U+0439)
(inputenc)                not set up for use with LaTeX.

See the inputenc package documentation for explanation.
Type  H <return>  for immediate help.
 ...                                              
                                                  
l.1 ... —Ö—ç—à–∏—Ä–æ–≤–∞–Ω–∏—è –∏ —Ü–∏—Ñ—Ä–æ–≤–æ–π
                                                   –ø–æ–¥–ø–∏—Å–∏}
You may provide a definition with
\DeclareUnicodeCharacter 


! Package inputenc Error: Unicode character –ø (U+043F)
(inputenc)                not set up for use with LaTeX.

See the inputenc package documentation for explanation.
Type  H <return>  for immediate help.
 ...                                              
                                                  
l.1 ...—ç—à–∏—Ä–æ–≤–∞–Ω–∏—è –∏ —Ü–∏—Ñ—Ä–æ–≤–æ–π –ø
                                                  –æ–¥–ø–∏—Å–∏}
You may provide a definition with
\DeclareUnicodeCharacter 


! Package inputenc Error: Unicode character –æ (U+043E)
(inputenc)                not set up for use with LaTeX.

See the inputenc package documentation for explanation.
Type  H <return>  for immediate help.
 ...                                              
                                                  
l.1 ...—à–∏—Ä–æ–≤–∞–Ω–∏—è –∏ —Ü–∏—Ñ—Ä–æ–≤–æ–π –ø–æ
                                                  –¥–ø–∏—Å–∏}
You may provide a definition with
\DeclareUnicodeCharacter 


! Package inputenc Error: Unicode character –¥ (U+0434)
(inputenc)                not set up for use with LaTeX.

See the inputenc package documentation for explanation.
Type  H <return>  for immediate help.
 ...                                              
                                                  
l.1 ...–∏—Ä–æ–≤–∞–Ω–∏—è –∏ —Ü–∏—Ñ—Ä–æ–≤–æ–π –ø–æ–¥
                                                  –ø–∏—Å–∏}
You may provide a definition with
\DeclareUnicodeCharacter 


! Package inputenc Error: Unicode character –ø (U+043F)
(inputenc)                not set up for use with LaTeX.

See the inputenc package documentation for explanation.
Type  H <return>  for immediate help.
 ...                                              
                                                  
l.1 ...—Ä–æ–≤–∞–Ω–∏—è –∏ —Ü–∏—Ñ—Ä–æ–≤–æ–π –ø–æ–¥–ø
                                                  –∏—Å–∏}
You may provide a definition with
\DeclareUnicodeCharacter 


! Package inputenc Error: Unicode character –∏ (U+0438)
(inputenc)                not set up for use with LaTeX.

See the inputenc package documentation for explanation.
Type  H <return>  for immediate help.
 ...                                              
                                                  
l.1 ...–æ–≤–∞–Ω–∏—è –∏ —Ü–∏—Ñ—Ä–æ–≤–æ–π –ø–æ–¥–ø–∏
                                                  —Å–∏}
You may provide a definition with
\DeclareUnicodeCharacter 


! Package inputenc Error: Unicode character —Å (U+0441)
(inputenc)                not set up for use with LaTeX.

See the inputenc package documentation for explanation.
Type  H <return>  for immediate help.
 ...                                              
                                                  
l.1 ...–≤–∞–Ω–∏—è –∏ —Ü–∏—Ñ—Ä–æ–≤–æ–π –ø–æ–¥–ø–∏—Å
                                                  –∏}
You may provide a definition with
\DeclareUnicodeCharacter 


! Package inputenc Error: Unicode character –∏ (U+0438)
(inputenc)                not set up for use with LaTeX.

See the inputenc package documentation for explanation.
Type  H <return>  for immediate help.
 ...                                              
                                                  
l.1 ...–∞–Ω–∏—è –∏ —Ü–∏—Ñ—Ä–æ–≤–æ–π –ø–æ–¥–ø–∏—Å–∏
                                                  }
You may provide a definition with
\DeclareUnicodeCharacter 

! Undefined control sequence.
l.2 {\Large
           
The control sequence at the end of the top line
of your error message was never \def'ed. If you have
misspelled it (e.g., `\hobx'), type `I' and the correct
spelling (e.g., `I\hbox'). Otherwise just continue,
and I'll forget about whatever was undefined.


! Package inputenc Error: Unicode character –° (U+0421)
(inputenc)                not set up for use with LaTeX.

See the inputenc package documentation for explanation.
Type  H <return>  for immediate help.
 ...                                              
                                                  
l.3 	–°
       —ã—á–µ–≤ –†–æ–º–∞–Ω –°–µ—Ä–≥–µ–µ–≤–∏—á, –º–∞—Ç–µ–º–∞—Ç–∏–∫ (–∫–∞—Ñ–µ–...

You may provide a definition with
\DeclareUnicodeCharacter 


! Package inputenc Error: Unicode character —ã (U+044B)
(inputenc)                not set up for use with LaTeX.

See the inputenc package documentation for explanation.
Type  H <return>  for immediate help.
 ...                                              
                                                  
l.3 	–°—ã
         —á–µ–≤ –†–æ–º–∞–Ω –°–µ—Ä–≥–µ–µ–≤–∏—á, –º–∞—Ç–µ–º–∞—Ç–∏–∫ (–∫–∞—Ñ–µ–...

You may provide a definition with
\DeclareUnicodeCharacter 


! Package inputenc Error: Unicode character —á (U+0447)
(inputenc)                not set up for use with LaTeX.

See the inputenc package documentation for explanation.
Type  H <return>  for immediate help.
 ...                                              
                                                  
l.3 	–°—ã—á
           –µ–≤ –†–æ–º–∞–Ω –°–µ—Ä–≥–µ–µ–≤–∏—á, –º–∞—Ç–µ–º–∞—Ç–∏–∫ (–∫–∞—Ñ–µ–...

You may provide a definition with
\DeclareUnicodeCharacter 


! Package inputenc Error: Unicode character –µ (U+0435)
(inputenc)                not set up for use with LaTeX.

See the inputenc package documentation for explanation.
Type  H <return>  for immediate help.
 ...                                              
                                                  
l.3 	–°—ã—á–µ
             –≤ –†–æ–º–∞–Ω –°–µ—Ä–≥–µ–µ–≤–∏—á, –º–∞—Ç–µ–º–∞—Ç–∏–∫ (–∫–∞—Ñ–µ–...

You may provide a definition with
\DeclareUnicodeCharacter 


! Package inputenc Error: Unicode character –≤ (U+0432)
(inputenc)                not set up for use with LaTeX.

See the inputenc package documentation for explanation.
Type  H <return>  for immediate help.
 ...                                              
                                                  
l.3 	–°—ã—á–µ–≤
                –†–æ–º–∞–Ω –°–µ—Ä–≥–µ–µ–≤–∏—á, –º–∞—Ç–µ–º–∞—Ç–∏–∫ (–∫–∞—Ñ–µ–...

You may provide a definition with
\DeclareUnicodeCharacter 


! Package inputenc Error: Unicode character –† (U+0420)
(inputenc)                not set up for use with LaTeX.

See the inputenc package documentation for explanation.
Type  H <return>  for immediate help.
 ...                                              
                                                  
l.3 	–°—ã—á–µ–≤ –†
                  –æ–º–∞–Ω –°–µ—Ä–≥–µ–µ–≤–∏—á, –º–∞—Ç–µ–º–∞—Ç–∏–∫ (–∫–∞—Ñ–µ–...

You may provide a definition with
\DeclareUnicodeCharacter 


! Package inputenc Error: Unicode character –æ (U+043E)
(inputenc)                not set up for use with LaTeX.

See the inputenc package documentation for explanation.
Type  H <return>  for immediate help.
 ...                                              
                                                  
l.3 	–°—ã—á–µ–≤ –†–æ
                    –º–∞–Ω –°–µ—Ä–≥–µ–µ–≤–∏—á, –º–∞—Ç–µ–º–∞—Ç–∏–∫ (–∫–∞—Ñ–µ–...

You may provide a definition with
\DeclareUnicodeCharacter 


! Package inputenc Error: Unicode character –º (U+043C)
(inputenc)                not set up for use with LaTeX.

See the inputenc package documentation for explanation.
Type  H <return>  for immediate help.
 ...                                              
                                                  
l.3 	–°—ã—á–µ–≤ –†–æ–º
                      –∞–Ω –°–µ—Ä–≥–µ–µ–≤–∏—á, –º–∞—Ç–µ–º–∞—Ç–∏–∫ (–∫–∞—Ñ–µ–...

You may provide a definition with
\DeclareUnicodeCharacter 


! Package inputenc Error: Unicode character –∞ (U+0430)
(inputenc)                not set up for use with LaTeX.

See the inputenc package documentation for explanation.
Type  H <return>  for immediate help.
 ...                                              
                                                  
l.3 	–°—ã—á–µ–≤ –†–æ–º–∞
                        –Ω –°–µ—Ä–≥–µ–µ–≤–∏—á, –º–∞—Ç–µ–º–∞—Ç–∏–∫ (–∫–∞—Ñ–µ–...
(That makes 100 errors; please try again.) 
Here is how much of TeX's memory you used:
 37 strings out of 492452
 578 string characters out of 3120530
 59364 words of memory out of 3000000
 4495 multiletter control sequences out of 15000+200000
 3640 words of font info for 14 fonts, out of 3000000 for 9000
 1141 hyphenation exceptions out of 8191
 10i,0n,10p,220b,43s stack positions out of 5000i,500n,10000p,200000b,50000s

!  ==> Fatal error occurred, no output PDF file produced!
